Equivariant MPNN package based on three-body descriptors 
2023-05-29-22_19_36 
Epoch=      0,  lr= 2.000000e-03  train: 2.663558e+00 3.417823e+00  validation: 9.367651e-01 9.739555e-01  
Epoch=      1,  lr= 2.000000e-03  train: 8.014957e-01 7.998812e-01  validation: 7.048854e-01 6.147903e-01  
Epoch=      2,  lr= 2.000000e-03  train: 6.717505e-01 7.371007e-01  validation: 6.176516e-01 6.915885e-01  
Epoch=      3,  lr= 2.000000e-03  train: 6.101262e-01 6.471891e-01  validation: 5.653432e-01 5.683333e-01  
Epoch=      4,  lr= 2.000000e-03  train: 5.563481e-01 5.924985e-01  validation: 5.502084e-01 3.604257e-01  
Epoch=      5,  lr= 2.000000e-03  train: 5.293993e-01 5.782630e-01  validation: 4.947539e-01 3.417326e-01  
Epoch=      6,  lr= 2.000000e-03  train: 5.011531e-01 5.937008e-01  validation: 4.641037e-01 3.744431e-01  
Epoch=      7,  lr= 2.000000e-03  train: 4.903601e-01 6.112950e-01  validation: 5.149805e-01 8.497000e-01  
Epoch=      8,  lr= 2.000000e-03  train: 4.546578e-01 5.612499e-01  validation: 4.574788e-01 3.370459e-01  
Epoch=      9,  lr= 2.000000e-03  train: 4.558284e-01 5.622737e-01  validation: 4.337159e-01 3.245523e-01  
Epoch=     10,  lr= 2.000000e-03  train: 4.447562e-01 5.584320e-01  validation: 4.056780e-01 7.145544e-01  
Epoch=     11,  lr= 2.000000e-03  train: 4.220090e-01 5.507212e-01  validation: 4.140185e-01 5.411463e-01  
Epoch=     12,  lr= 2.000000e-03  train: 4.173251e-01 5.974664e-01  validation: 4.075626e-01 5.517368e-01  
Epoch=     13,  lr= 2.000000e-03  train: 4.112567e-01 5.727703e-01  validation: 3.828375e-01 2.488799e-01  
Epoch=     14,  lr= 2.000000e-03  train: 4.363804e-01 7.263756e-01  validation: 3.956256e-01 4.348481e-01  
Epoch=     15,  lr= 2.000000e-03  train: 3.971535e-01 4.797428e-01  validation: 3.762951e-01 2.637176e-01  
Epoch=     16,  lr= 2.000000e-03  train: 3.755558e-01 4.330478e-01  validation: 3.601924e-01 1.989943e-01  
Epoch=     17,  lr= 2.000000e-03  train: 3.731875e-01 5.007257e-01  validation: 3.805212e-01 5.216240e-01  
Epoch=     18,  lr= 2.000000e-03  train: 3.779410e-01 5.191403e-01  validation: 3.506398e-01 3.398212e-01  
Epoch=     19,  lr= 2.000000e-03  train: 3.560434e-01 4.193133e-01  validation: 3.571921e-01 2.998264e-01  
Epoch=     20,  lr= 2.000000e-03  train: 3.682057e-01 5.050814e-01  validation: 3.359939e-01 2.557301e-01  
Epoch=     21,  lr= 2.000000e-03  train: 3.572419e-01 4.371833e-01  validation: 3.394090e-01 4.471587e-01  
Epoch=     22,  lr= 2.000000e-03  train: 3.560119e-01 4.666106e-01  validation: 3.396324e-01 5.026925e-01  
Epoch=     23,  lr= 2.000000e-03  train: 3.451890e-01 4.187623e-01  validation: 3.677949e-01 2.556033e-01  
Epoch=     24,  lr= 2.000000e-03  train: 3.436601e-01 4.315943e-01  validation: 3.205428e-01 2.171068e-01  
Epoch=     25,  lr= 2.000000e-03  train: 3.372396e-01 4.399692e-01  validation: 3.324260e-01 4.384904e-01  
Epoch=     26,  lr= 2.000000e-03  train: 3.326281e-01 3.998474e-01  validation: 3.221788e-01 5.183554e-01  
Epoch=     27,  lr= 2.000000e-03  train: 3.283286e-01 3.915499e-01  validation: 3.104231e-01 4.085403e-01  
Epoch=     28,  lr= 2.000000e-03  train: 3.258478e-01 4.087189e-01  validation: 3.878573e-01 8.736456e-01  
Epoch=     29,  lr= 2.000000e-03  train: 3.292388e-01 3.962533e-01  validation: 2.983389e-01 3.295703e-01  
Epoch=     30,  lr= 2.000000e-03  train: 3.184331e-01 4.135060e-01  validation: 3.153782e-01 2.119184e-01  
Epoch=     31,  lr= 2.000000e-03  train: 3.160987e-01 3.682223e-01  validation: 3.027669e-01 2.000710e-01  
Epoch=     32,  lr= 2.000000e-03  train: 3.299172e-01 5.119786e-01  validation: 3.722372e-01 2.426222e-01  
Epoch=     33,  lr= 2.000000e-03  train: 3.157622e-01 4.003686e-01  validation: 3.279209e-01 4.631578e-01  
Epoch=     34,  lr= 2.000000e-03  train: 3.371619e-01 4.286536e-01  validation: 3.019299e-01 2.520930e-01  
Epoch=     35,  lr= 2.000000e-03  train: 2.976659e-01 3.286950e-01  validation: 2.836724e-01 1.600039e-01  
Epoch=     36,  lr= 2.000000e-03  train: 3.079710e-01 3.827747e-01  validation: 2.931699e-01 1.916354e-01  
Epoch=     37,  lr= 2.000000e-03  train: 3.043869e-01 3.919175e-01  validation: 2.818722e-01 4.540966e-01  
Epoch=     38,  lr= 2.000000e-03  train: 2.970070e-01 3.913588e-01  validation: 2.956405e-01 3.217616e-01  
Epoch=     39,  lr= 2.000000e-03  train: 2.950054e-01 3.474338e-01  validation: 3.160690e-01 3.339608e-01  
Epoch=     40,  lr= 2.000000e-03  train: 2.992184e-01 3.997914e-01  validation: 2.926379e-01 1.883428e-01  
Epoch=     41,  lr= 2.000000e-03  train: 2.999931e-01 4.020053e-01  validation: 2.752057e-01 2.812192e-01  
Epoch=     42,  lr= 2.000000e-03  train: 2.874645e-01 3.468692e-01  validation: 2.997386e-01 2.229851e-01  
Epoch=     43,  lr= 2.000000e-03  train: 2.896655e-01 3.646377e-01  validation: 2.686724e-01 2.290101e-01  
Epoch=     44,  lr= 2.000000e-03  train: 2.794878e-01 3.178212e-01  validation: 2.792481e-01 2.163222e-01  
Epoch=     45,  lr= 2.000000e-03  train: 3.845053e-01 5.991649e-01  validation: 2.942929e-01 3.926012e-01  
Epoch=     46,  lr= 2.000000e-03  train: 2.773579e-01 2.986210e-01  validation: 2.657982e-01 1.634616e-01  
Epoch=     47,  lr= 2.000000e-03  train: 2.842674e-01 4.049439e-01  validation: 2.637531e-01 3.209155e-01  
Epoch=     48,  lr= 2.000000e-03  train: 2.856772e-01 3.670390e-01  validation: 2.961798e-01 8.871499e-01  
Epoch=     49,  lr= 2.000000e-03  train: 2.700154e-01 2.934475e-01  validation: 2.551286e-01 1.880668e-01  
Epoch=     50,  lr= 2.000000e-03  train: 2.780955e-01 3.552097e-01  validation: 2.591660e-01 2.023191e-01  
Epoch=     51,  lr= 2.000000e-03  train: 2.700025e-01 3.470976e-01  validation: 2.819839e-01 2.903986e-01  
Epoch=     52,  lr= 2.000000e-03  train: 2.708523e-01 3.393064e-01  validation: 2.615697e-01 4.151055e-01  
Epoch=     53,  lr= 2.000000e-03  train: 2.661393e-01 3.356188e-01  validation: 2.487895e-01 1.405015e-01  
Epoch=     54,  lr= 2.000000e-03  train: 2.693053e-01 3.467169e-01  validation: 2.495957e-01 1.761998e-01  
Epoch=     55,  lr= 2.000000e-03  train: 2.711396e-01 3.729919e-01  validation: 2.449969e-01 1.734481e-01  
Epoch=     56,  lr= 2.000000e-03  train: 2.624267e-01 3.327757e-01  validation: 4.107460e-01 4.797938e-01  
Epoch=     57,  lr= 2.000000e-03  train: 2.757243e-01 4.260261e-01  validation: 2.643343e-01 2.496901e-01  
Epoch=     58,  lr= 2.000000e-03  train: 2.516246e-01 2.715828e-01  validation: 3.022374e-01 3.947033e-01  
Epoch=     59,  lr= 2.000000e-03  train: 2.621173e-01 3.392981e-01  validation: 2.481249e-01 5.465816e-01  
Epoch=     60,  lr= 2.000000e-03  train: 2.589302e-01 3.450518e-01  validation: 2.425953e-01 3.814414e-01  
Epoch=     61,  lr= 2.000000e-03  train: 2.572095e-01 3.231229e-01  validation: 2.485586e-01 1.925095e-01  
Epoch=     62,  lr= 2.000000e-03  train: 2.557697e-01 3.177396e-01  validation: 2.851115e-01 3.699863e-01  
Epoch=     63,  lr= 2.000000e-03  train: 2.492948e-01 3.055671e-01  validation: 2.719141e-01 6.549083e-01  
Epoch=     64,  lr= 2.000000e-03  train: 2.579940e-01 3.223455e-01  validation: 2.345853e-01 1.364767e-01  
Epoch=     65,  lr= 2.000000e-03  train: 2.497514e-01 3.076499e-01  validation: 2.304168e-01 2.386777e-01  
Epoch=     66,  lr= 2.000000e-03  train: 2.470233e-01 2.943339e-01  validation: 2.867372e-01 1.569815e-01  
Epoch=     67,  lr= 2.000000e-03  train: 2.485159e-01 2.897771e-01  validation: 2.735096e-01 4.505656e-01  
Epoch=     68,  lr= 2.000000e-03  train: 2.553171e-01 2.958452e-01  validation: 2.345298e-01 3.618774e-01  
Epoch=     69,  lr= 2.000000e-03  train: 2.539902e-01 3.341313e-01  validation: 2.579475e-01 1.489218e-01  
Epoch=     70,  lr= 2.000000e-03  train: 2.548505e-01 3.416190e-01  validation: 3.431386e-01 6.268535e-01  
Epoch=     71,  lr= 2.000000e-03  train: 2.425510e-01 2.536037e-01  validation: 2.289191e-01 1.251267e-01  
Epoch=     72,  lr= 2.000000e-03  train: 2.454330e-01 3.015049e-01  validation: 2.414222e-01 1.746609e-01  
Epoch=     73,  lr= 2.000000e-03  train: 2.465044e-01 2.854275e-01  validation: 2.374481e-01 1.428276e-01  
Epoch=     74,  lr= 2.000000e-03  train: 2.429952e-01 2.935964e-01  validation: 2.244650e-01 1.643237e-01  
