Equivariant MPNN package based on three-body descriptors 
2023-05-25-23_48_59 
Epoch=      0,  lr= 2.000000e-03  train: 2.215036e+00 1.493904e+01  validation: 1.978136e+00 4.203265e+01  
Epoch=      1,  lr= 2.000000e-03  train: 1.541374e+00 2.625227e+01  validation: 9.477702e-01 1.723833e+01  
Epoch=      2,  lr= 2.000000e-03  train: 7.653964e-01 1.512596e+01  validation: 6.634716e-01 1.017500e+01  
Epoch=      3,  lr= 2.000000e-03  train: 6.577970e-01 9.319349e+00  validation: 6.290202e-01 9.632193e+00  
Epoch=      4,  lr= 2.000000e-03  train: 6.260955e-01 9.269928e+00  validation: 5.903149e-01 8.589775e+00  
Epoch=      5,  lr= 2.000000e-03  train: 5.998459e-01 8.945287e+00  validation: 5.948948e-01 9.595695e+00  
Epoch=      6,  lr= 2.000000e-03  train: 5.813366e-01 8.869416e+00  validation: 5.731669e-01 8.461628e+00  
Epoch=      7,  lr= 2.000000e-03  train: 5.653937e-01 8.705880e+00  validation: 5.527189e-01 7.838960e+00  
Epoch=      8,  lr= 2.000000e-03  train: 5.491840e-01 8.725440e+00  validation: 5.398127e-01 9.037751e+00  
Epoch=      9,  lr= 2.000000e-03  train: 5.353592e-01 8.809234e+00  validation: 5.004213e-01 7.858389e+00  
Epoch=     10,  lr= 2.000000e-03  train: 5.157506e-01 8.474685e+00  validation: 5.253291e-01 9.907656e+00  
Epoch=     11,  lr= 2.000000e-03  train: 5.120112e-01 1.068267e+01  validation: 4.850718e-01 7.769598e+00  
Epoch=     12,  lr= 2.000000e-03  train: 4.895234e-01 7.610513e+00  validation: 5.086015e-01 6.923788e+00  
Epoch=     13,  lr= 2.000000e-03  train: 4.791947e-01 7.663726e+00  validation: 5.058296e-01 7.823830e+00  
Epoch=     14,  lr= 2.000000e-03  train: 4.749394e-01 7.144245e+00  validation: 4.641558e-01 6.609345e+00  
Epoch=     15,  lr= 2.000000e-03  train: 4.680039e-01 7.407967e+00  validation: 4.538879e-01 6.021749e+00  
Epoch=     16,  lr= 2.000000e-03  train: 4.710292e-01 1.033709e+01  validation: 4.728201e-01 6.691782e+00  
Epoch=     17,  lr= 2.000000e-03  train: 4.581593e-01 7.837754e+00  validation: 4.467133e-01 7.334909e+00  
Epoch=     18,  lr= 2.000000e-03  train: 4.444908e-01 6.344285e+00  validation: 4.688664e-01 6.384703e+00  
Epoch=     19,  lr= 2.000000e-03  train: 4.401571e-01 6.597512e+00  validation: 4.496614e-01 8.816442e+00  
Epoch=     20,  lr= 2.000000e-03  train: 4.634998e-01 1.326881e+01  validation: 4.873675e-01 1.104083e+01  
Epoch=     21,  lr= 2.000000e-03  train: 4.628038e-01 1.032578e+01  validation: 4.486936e-01 7.121468e+00  
Epoch=     22,  lr= 2.000000e-03  train: 4.367042e-01 6.503019e+00  validation: 4.403245e-01 8.428097e+00  
Epoch=     23,  lr= 2.000000e-03  train: 4.267974e-01 6.697470e+00  validation: 4.205503e-01 5.672569e+00  
Epoch=     24,  lr= 2.000000e-03  train: 4.217008e-01 6.385990e+00  validation: 4.207523e-01 7.054894e+00  
Epoch=     25,  lr= 2.000000e-03  train: 4.205337e-01 6.924965e+00  validation: 4.259751e-01 5.938594e+00  
Epoch=     26,  lr= 2.000000e-03  train: 4.234101e-01 7.789687e+00  validation: 3.928417e-01 6.322056e+00  
Epoch=     27,  lr= 2.000000e-03  train: 4.204776e-01 7.467064e+00  validation: 3.949154e-01 6.116641e+00  
Epoch=     28,  lr= 2.000000e-03  train: 4.120114e-01 6.374022e+00  validation: 4.203062e-01 6.046009e+00  
Epoch=     29,  lr= 2.000000e-03  train: 4.118051e-01 6.967851e+00  validation: 4.171497e-01 1.013260e+01  
Epoch=     30,  lr= 2.000000e-03  train: 4.142976e-01 7.563189e+00  validation: 3.928856e-01 7.196264e+00  
Epoch=     31,  lr= 2.000000e-03  train: 4.075201e-01 6.579852e+00  validation: 4.153384e-01 6.269607e+00  
Epoch=     32,  lr= 2.000000e-03  train: 4.052762e-01 8.017401e+00  validation: 4.061374e-01 7.869365e+00  
Epoch=     33,  lr= 2.000000e-03  train: 4.014514e-01 6.587062e+00  validation: 4.183912e-01 6.177896e+00  
Epoch=     34,  lr= 2.000000e-03  train: 4.043669e-01 6.295053e+00  validation: 3.844061e-01 6.118547e+00  
Epoch=     35,  lr= 2.000000e-03  train: 3.997912e-01 6.854888e+00  validation: 4.124950e-01 7.447859e+00  
Epoch=     36,  lr= 2.000000e-03  train: 4.002189e-01 7.542608e+00  validation: 4.038548e-01 6.295909e+00  
Epoch=     37,  lr= 2.000000e-03  train: 3.989987e-01 7.152394e+00  validation: 4.010807e-01 8.768343e+00  
Epoch=     38,  lr= 2.000000e-03  train: 3.968000e-01 6.451668e+00  validation: 4.061677e-01 6.861788e+00  
Epoch=     39,  lr= 2.000000e-03  train: 3.933388e-01 6.476206e+00  validation: 4.027653e-01 7.374892e+00  
Epoch=     40,  lr= 2.000000e-03  train: 3.952932e-01 6.082918e+00  validation: 3.862270e-01 5.587572e+00  
Epoch=     41,  lr= 2.000000e-03  train: 3.958698e-01 6.745169e+00  validation: 3.660300e-01 9.261696e+00  
Epoch=     42,  lr= 2.000000e-03  train: 3.973541e-01 7.731673e+00  validation: 3.791140e-01 5.611443e+00  
Epoch=     43,  lr= 2.000000e-03  train: 3.888273e-01 6.024003e+00  validation: 3.968285e-01 6.007594e+00  
Epoch=     44,  lr= 2.000000e-03  train: 3.854448e-01 6.644528e+00  validation: 4.130937e-01 8.872017e+00  
Epoch=     45,  lr= 2.000000e-03  train: 3.935066e-01 6.675159e+00  validation: 3.378237e-01 5.295716e+00  
Epoch=     46,  lr= 2.000000e-03  train: 3.798958e-01 5.930690e+00  validation: 4.235161e-01 5.668168e+00  
Epoch=     47,  lr= 2.000000e-03  train: 3.826156e-01 6.249756e+00  validation: 4.050091e-01 6.757444e+00  
Epoch=     48,  lr= 2.000000e-03  train: 3.859089e-01 6.387870e+00  validation: 3.626105e-01 5.162900e+00  
Epoch=     49,  lr= 2.000000e-03  train: 3.815135e-01 5.960829e+00  validation: 3.868504e-01 5.143590e+00  
Epoch=     50,  lr= 2.000000e-03  train: 3.789044e-01 6.218961e+00  validation: 3.968046e-01 5.908136e+00  
Epoch=     51,  lr= 2.000000e-03  train: 3.836420e-01 6.201127e+00  validation: 3.710305e-01 5.952144e+00  
Epoch=     52,  lr= 2.000000e-03  train: 3.808841e-01 6.397042e+00  validation: 3.598374e-01 5.916714e+00  
Epoch=     53,  lr= 2.000000e-03  train: 3.824690e-01 7.751449e+00  validation: 3.693769e-01 5.744110e+00  
Epoch=     54,  lr= 2.000000e-03  train: 3.810388e-01 6.359352e+00  validation: 3.729056e-01 5.519599e+00  
Epoch=     55,  lr= 2.000000e-03  train: 3.821075e-01 6.212617e+00  validation: 3.968470e-01 7.473686e+00  
Epoch=     56,  lr= 2.000000e-03  train: 3.880628e-01 8.095840e+00  validation: 3.837955e-01 5.594866e+00  
Epoch=     57,  lr= 2.000000e-03  train: 3.692257e-01 6.262623e+00  validation: 3.694557e-01 6.924916e+00  
Epoch=     58,  lr= 2.000000e-03  train: 3.702188e-01 6.379110e+00  validation: 3.544485e-01 7.631013e+00  
Epoch=     59,  lr= 2.000000e-03  train: 3.639314e-01 5.996388e+00  validation: 3.615936e-01 5.560666e+00  
Epoch=     60,  lr= 2.000000e-03  train: 3.608441e-01 5.468966e+00  validation: 3.615825e-01 5.013188e+00  
Epoch=     61,  lr= 2.000000e-03  train: 3.620380e-01 5.854545e+00  validation: 3.769955e-01 5.996679e+00  
Epoch=     62,  lr= 2.000000e-03  train: 3.694216e-01 6.717876e+00  validation: 3.600016e-01 6.894650e+00  
Epoch=     63,  lr= 2.000000e-03  train: 3.652653e-01 6.697099e+00  validation: 3.805672e-01 5.280612e+00  
Epoch=     64,  lr= 2.000000e-03  train: 3.597488e-01 5.804909e+00  validation: 3.531562e-01 6.547641e+00  
Epoch=     65,  lr= 2.000000e-03  train: 3.580841e-01 5.975691e+00  validation: 3.483216e-01 5.527520e+00  
Epoch=     66,  lr= 2.000000e-03  train: 3.619060e-01 5.763033e+00  validation: 3.474983e-01 5.494777e+00  
Epoch=     67,  lr= 2.000000e-03  train: 3.547931e-01 5.582991e+00  validation: 3.668266e-01 7.185187e+00  
Epoch=     68,  lr= 2.000000e-03  train: 3.605861e-01 6.107256e+00  validation: 3.321028e-01 5.632870e+00  
Epoch=     69,  lr= 2.000000e-03  train: 3.596715e-01 6.369874e+00  validation: 3.622915e-01 6.237271e+00  
Epoch=     70,  lr= 2.000000e-03  train: 3.565329e-01 6.209392e+00  validation: 3.566146e-01 5.647503e+00  
Epoch=     71,  lr= 2.000000e-03  train: 3.541733e-01 5.544349e+00  validation: 3.331598e-01 4.952430e+00  
Epoch=     72,  lr= 2.000000e-03  train: 3.526170e-01 6.127419e+00  validation: 3.658108e-01 5.596793e+00  
Epoch=     73,  lr= 2.000000e-03  train: 3.512836e-01 5.770964e+00  validation: 3.480788e-01 5.669370e+00  
Epoch=     74,  lr= 2.000000e-03  train: 3.528774e-01 6.658347e+00  validation: 3.857580e-01 6.456221e+00  
Epoch=     75,  lr= 2.000000e-03  train: 3.520204e-01 5.766614e+00  validation: 3.630110e-01 4.862912e+00  
Epoch=     76,  lr= 2.000000e-03  train: 3.525327e-01 6.554715e+00  validation: 3.473953e-01 5.026717e+00  
Epoch=     77,  lr= 2.000000e-03  train: 3.486241e-01 5.865926e+00  validation: 3.423868e-01 5.139772e+00  
Epoch=     78,  lr= 2.000000e-03  train: 3.448313e-01 5.718944e+00  validation: 3.732391e-01 7.374655e+00  
Epoch=     79,  lr= 2.000000e-03  train: 3.506656e-01 7.068192e+00  validation: 3.662701e-01 5.198448e+00  
Epoch=     80,  lr= 2.000000e-03  train: 3.541839e-01 6.841577e+00  validation: 3.421502e-01 4.781085e+00  
Epoch=     81,  lr= 2.000000e-03  train: 3.439662e-01 6.364120e+00  validation: 3.405688e-01 4.829439e+00  
Epoch=     82,  lr= 2.000000e-03  train: 3.397514e-01 5.376829e+00  validation: 3.654104e-01 5.628056e+00  
Epoch=     83,  lr= 2.000000e-03  train: 3.448518e-01 5.180211e+00  validation: 3.337716e-01 5.168314e+00  
Epoch=     84,  lr= 2.000000e-03  train: 3.410279e-01 6.532591e+00  validation: 3.703837e-01 9.633434e+00  
Epoch=     85,  lr= 2.000000e-03  train: 3.406616e-01 6.005171e+00  validation: 3.572632e-01 4.996714e+00  
Epoch=     86,  lr= 2.000000e-03  train: 3.396132e-01 5.499672e+00  validation: 3.519815e-01 6.596205e+00  
Epoch=     87,  lr= 2.000000e-03  train: 3.450750e-01 6.762726e+00  validation: 3.490330e-01 6.078321e+00  
Epoch=     88,  lr= 2.000000e-03  train: 3.434534e-01 6.637905e+00  validation: 3.350974e-01 5.775535e+00  
Epoch=     89,  lr= 2.000000e-03  train: 3.402077e-01 5.573863e+00  validation: 3.419415e-01 5.449511e+00  
Epoch=     90,  lr= 2.000000e-03  train: 3.345368e-01 5.010084e+00  validation: 3.538279e-01 6.919862e+00  
Epoch=     91,  lr= 2.000000e-03  train: 3.416575e-01 5.336712e+00  validation: 3.245757e-01 4.643104e+00  
Epoch=     92,  lr= 2.000000e-03  train: 3.360565e-01 5.445492e+00  validation: 3.200858e-01 5.610826e+00  
Epoch=     93,  lr= 2.000000e-03  train: 3.351953e-01 5.456794e+00  validation: 3.352163e-01 4.819242e+00  
Epoch=     94,  lr= 2.000000e-03  train: 3.395562e-01 5.645786e+00  validation: 3.506731e-01 4.921239e+00  
Epoch=     95,  lr= 2.000000e-03  train: 3.409092e-01 6.216149e+00  validation: 3.573933e-01 7.193394e+00  
Epoch=     96,  lr= 2.000000e-03  train: 3.362696e-01 5.818158e+00  validation: 3.232028e-01 4.735319e+00  
Epoch=     97,  lr= 2.000000e-03  train: 3.349657e-01 5.475884e+00  validation: 3.487150e-01 6.025838e+00  
Epoch=     98,  lr= 2.000000e-03  train: 3.445142e-01 5.864758e+00  validation: 3.392337e-01 1.018876e+01  
Epoch=     99,  lr= 2.000000e-03  train: 3.420431e-01 7.049790e+00  validation: 3.533331e-01 5.553857e+00  
Epoch=    100,  lr= 2.000000e-03  train: 3.531249e-01 6.493007e+00  validation: 3.494178e-01 4.999894e+00  
Epoch=    101,  lr= 2.000000e-03  train: 3.447798e-01 7.102889e+00  validation: 3.512834e-01 8.088964e+00  
Epoch=    102,  lr= 2.000000e-03  train: 3.305326e-01 5.945670e+00  validation: 3.378720e-01 4.488994e+00  
Epoch=    103,  lr= 2.000000e-03  train: 3.301794e-01 4.931485e+00  validation: 3.252756e-01 4.345732e+00  
Epoch=    104,  lr= 2.000000e-03  train: 3.272811e-01 4.929699e+00  validation: 3.349652e-01 6.310145e+00  
Epoch=    105,  lr= 2.000000e-03  train: 3.281864e-01 5.188862e+00  validation: 3.395567e-01 4.925229e+00  
Epoch=    106,  lr= 2.000000e-03  train: 3.314237e-01 5.487629e+00  validation: 3.187231e-01 4.782417e+00  
Epoch=    107,  lr= 2.000000e-03  train: 3.276195e-01 5.186541e+00  validation: 3.222570e-01 5.396829e+00  
Epoch=    108,  lr= 2.000000e-03  train: 3.284467e-01 5.019105e+00  validation: 3.157867e-01 4.280735e+00  
Epoch=    109,  lr= 2.000000e-03  train: 3.276477e-01 5.930066e+00  validation: 3.140421e-01 4.935344e+00  
Epoch=    110,  lr= 2.000000e-03  train: 3.304188e-01 6.179046e+00  validation: 3.291231e-01 4.468003e+00  
Epoch=    111,  lr= 2.000000e-03  train: 3.342651e-01 5.750140e+00  validation: 3.162357e-01 5.587497e+00  
Epoch=    112,  lr= 2.000000e-03  train: 4.073847e-01 7.785546e+00  validation: 3.677360e-01 5.785210e+00  
Epoch=    113,  lr= 2.000000e-03  train: 3.386977e-01 6.418504e+00  validation: 3.296897e-01 5.226300e+00  
Epoch=    114,  lr= 2.000000e-03  train: 3.276111e-01 4.856894e+00  validation: 3.149526e-01 4.213044e+00  
Epoch=    115,  lr= 2.000000e-03  train: 3.268435e-01 5.094011e+00  validation: 2.928794e-01 4.035099e+00  
Epoch=    116,  lr= 2.000000e-03  train: 3.259394e-01 5.876764e+00  validation: 3.295535e-01 4.525384e+00  
Epoch=    117,  lr= 2.000000e-03  train: 3.208805e-01 5.331549e+00  validation: 3.397923e-01 5.203733e+00  
Epoch=    118,  lr= 2.000000e-03  train: 3.174439e-01 4.822370e+00  validation: 3.335171e-01 5.522886e+00  
Epoch=    119,  lr= 2.000000e-03  train: 3.204603e-01 4.894962e+00  validation: 3.298536e-01 4.967366e+00  
Epoch=    120,  lr= 2.000000e-03  train: 3.206130e-01 4.776742e+00  validation: 3.227302e-01 4.942051e+00  
Epoch=    121,  lr= 2.000000e-03  train: 3.168118e-01 4.925020e+00  validation: 3.449737e-01 5.109155e+00  
Epoch=    122,  lr= 2.000000e-03  train: 3.257616e-01 5.795468e+00  validation: 3.116567e-01 4.652997e+00  
Epoch=    123,  lr= 2.000000e-03  train: 3.195988e-01 5.189954e+00  validation: 3.263708e-01 4.622271e+00  
Epoch=    124,  lr= 2.000000e-03  train: 3.218200e-01 4.995094e+00  validation: 3.156071e-01 4.176198e+00  
Epoch=    125,  lr= 2.000000e-03  train: 3.240874e-01 5.063590e+00  validation: 3.293322e-01 4.467834e+00  
Epoch=    126,  lr= 2.000000e-03  train: 3.211257e-01 5.669944e+00  validation: 3.128414e-01 6.630972e+00  
Epoch=    127,  lr= 2.000000e-03  train: 3.241568e-01 5.359023e+00  validation: 3.098523e-01 5.205648e+00  
Epoch=    128,  lr= 2.000000e-03  train: 3.249903e-01 5.842334e+00  validation: 3.251797e-01 5.155317e+00  
Epoch=    129,  lr= 2.000000e-03  train: 3.177739e-01 5.156814e+00  validation: 3.075105e-01 4.137169e+00  
Epoch=    130,  lr= 2.000000e-03  train: 3.183604e-01 5.977260e+00  validation: 3.178808e-01 5.775743e+00  
Epoch=    131,  lr= 2.000000e-03  train: 3.248979e-01 5.871699e+00  validation: 3.096385e-01 5.894685e+00  
Epoch=    132,  lr= 2.000000e-03  train: 3.188835e-01 5.994040e+00  validation: 3.115384e-01 5.708562e+00  
Epoch=    133,  lr= 2.000000e-03  train: 3.143288e-01 4.989932e+00  validation: 3.164600e-01 6.433357e+00  
Epoch=    134,  lr= 2.000000e-03  train: 3.167947e-01 4.795928e+00  validation: 3.277120e-01 5.043310e+00  
Epoch=    135,  lr= 2.000000e-03  train: 3.178582e-01 5.217805e+00  validation: 3.350710e-01 7.736005e+00  
Epoch=    136,  lr= 2.000000e-03  train: 3.171283e-01 5.076780e+00  validation: 3.089823e-01 4.578743e+00  
Epoch=    137,  lr= 2.000000e-03  train: 3.142980e-01 4.769406e+00  validation: 3.349950e-01 5.282755e+00  
Epoch=    138,  lr= 2.000000e-03  train: 3.154198e-01 5.321486e+00  validation: 3.179183e-01 4.217400e+00  
Epoch=    139,  lr= 2.000000e-03  train: 3.144368e-01 5.015321e+00  validation: 3.179860e-01 4.650758e+00  
Epoch=    140,  lr= 2.000000e-03  train: 3.130219e-01 5.035665e+00  validation: 3.249370e-01 5.482170e+00  
Epoch=    141,  lr= 2.000000e-03  train: 3.120195e-01 5.180610e+00  validation: 2.988936e-01 4.127878e+00  
Epoch=    142,  lr= 2.000000e-03  train: 3.161074e-01 5.077547e+00  validation: 3.169699e-01 4.894868e+00  
Epoch=    143,  lr= 2.000000e-03  train: 3.107054e-01 4.654987e+00  validation: 3.201815e-01 4.791935e+00  
Epoch=    144,  lr= 2.000000e-03  train: 3.164603e-01 5.058956e+00  validation: 3.004697e-01 5.535416e+00  
Epoch=    145,  lr= 2.000000e-03  train: 3.135962e-01 5.081514e+00  validation: 2.911772e-01 5.224313e+00  
Epoch=    146,  lr= 2.000000e-03  train: 3.073517e-01 4.802657e+00  validation: 3.274132e-01 4.292072e+00  
Epoch=    147,  lr= 2.000000e-03  train: 3.165264e-01 5.160404e+00  validation: 3.244084e-01 5.039705e+00  
Epoch=    148,  lr= 2.000000e-03  train: 3.262520e-01 5.992566e+00  validation: 3.167381e-01 4.377232e+00  
Epoch=    149,  lr= 2.000000e-03  train: 3.147427e-01 4.954514e+00  validation: 3.106644e-01 4.534202e+00  
Epoch=    150,  lr= 2.000000e-03  train: 3.151496e-01 5.441651e+00  validation: 3.136482e-01 5.939263e+00  
Epoch=    151,  lr= 2.000000e-03  train: 3.167781e-01 5.037666e+00  validation: 3.144975e-01 4.849629e+00  
Epoch=    152,  lr= 2.000000e-03  train: 3.098412e-01 4.917007e+00  validation: 3.281277e-01 5.121160e+00  
Epoch=    153,  lr= 2.000000e-03  train: 3.083782e-01 4.709378e+00  validation: 2.936869e-01 4.354093e+00  
Epoch=    154,  lr= 2.000000e-03  train: 3.056906e-01 4.776609e+00  validation: 3.234182e-01 6.654044e+00  
Epoch=    155,  lr= 2.000000e-03  train: 3.102264e-01 5.059355e+00  validation: 3.054990e-01 4.875570e+00  
Epoch=    156,  lr= 2.000000e-03  train: 3.209141e-01 5.433807e+00  validation: 3.136354e-01 5.886497e+00  
Epoch=    157,  lr= 2.000000e-03  train: 3.093790e-01 4.893104e+00  validation: 3.143848e-01 3.972733e+00  
Epoch=    158,  lr= 2.000000e-03  train: 3.073456e-01 4.573903e+00  validation: 3.202486e-01 4.572111e+00  
Epoch=    159,  lr= 2.000000e-03  train: 3.144570e-01 5.200435e+00  validation: 3.046959e-01 7.763383e+00  
Epoch=    160,  lr= 2.000000e-03  train: 3.120352e-01 5.041938e+00  validation: 3.157369e-01 3.861096e+00  
Epoch=    161,  lr= 2.000000e-03  train: 3.127062e-01 4.985592e+00  validation: 3.115363e-01 5.497977e+00  
Epoch=    162,  lr= 2.000000e-03  train: 3.081110e-01 4.652497e+00  validation: 3.181993e-01 5.040356e+00  
Epoch=    163,  lr= 2.000000e-03  train: 3.056095e-01 4.795957e+00  validation: 3.203799e-01 3.964507e+00  
Epoch=    164,  lr= 2.000000e-03  train: 3.045703e-01 4.603730e+00  validation: 3.101354e-01 4.573328e+00  
Epoch=    165,  lr= 2.000000e-03  train: 3.089033e-01 4.643426e+00  validation: 3.036562e-01 4.560507e+00  
Epoch=    166,  lr= 2.000000e-03  train: 3.154729e-01 5.384996e+00  validation: 3.050170e-01 5.823680e+00  
Epoch=    167,  lr= 2.000000e-03  train: 3.067127e-01 5.824050e+00  validation: 2.886148e-01 4.040822e+00  
Epoch=    168,  lr= 2.000000e-03  train: 3.042570e-01 5.031143e+00  validation: 2.943646e-01 3.920832e+00  
Epoch=    169,  lr= 2.000000e-03  train: 3.058459e-01 4.575782e+00  validation: 3.021194e-01 4.992185e+00  
Epoch=    170,  lr= 2.000000e-03  train: 3.027441e-01 4.673924e+00  validation: 3.045328e-01 4.753621e+00  
Epoch=    171,  lr= 2.000000e-03  train: 3.027739e-01 4.401686e+00  validation: 3.116337e-01 4.230765e+00  
Epoch=    172,  lr= 2.000000e-03  train: 3.128558e-01 4.960579e+00  validation: 3.064323e-01 3.654361e+00  
Epoch=    173,  lr= 2.000000e-03  train: 3.064105e-01 4.542368e+00  validation: 2.989181e-01 5.454292e+00  
Epoch=    174,  lr= 2.000000e-03  train: 3.062336e-01 4.811604e+00  validation: 2.720830e-01 4.167475e+00  
Epoch=    175,  lr= 2.000000e-03  train: 3.158649e-01 5.508116e+00  validation: 3.101506e-01 4.282934e+00  
Epoch=    176,  lr= 2.000000e-03  train: 3.066812e-01 6.196394e+00  validation: 3.122549e-01 4.135027e+00  
Epoch=    177,  lr= 2.000000e-03  train: 3.031100e-01 4.478614e+00  validation: 3.373886e-01 4.657082e+00  
Epoch=    178,  lr= 2.000000e-03  train: 3.284673e-01 4.979565e+00  validation: 3.610572e-01 4.874325e+00  
Epoch=    179,  lr= 2.000000e-03  train: 4.197523e-01 6.418907e+00  validation: 4.478208e-01 6.606038e+00  
Epoch=    180,  lr= 2.000000e-03  train: 4.069563e-01 4.743512e+00  validation: 3.189783e-01 4.254448e+00  
Epoch=    181,  lr= 2.000000e-03  train: 3.139467e-01 4.613464e+00  validation: 3.159722e-01 4.340511e+00  
Epoch=    182,  lr= 2.000000e-03  train: 3.038013e-01 5.507067e+00  validation: 3.119859e-01 6.611241e+00  
Epoch=    183,  lr= 2.000000e-03  train: 3.006683e-01 4.847133e+00  validation: 2.906568e-01 4.066408e+00  
Epoch=    184,  lr= 2.000000e-03  train: 2.967197e-01 4.196322e+00  validation: 3.155797e-01 4.339711e+00  
Epoch=    185,  lr= 2.000000e-03  train: 2.995945e-01 4.583910e+00  validation: 3.041044e-01 4.693229e+00  
Epoch=    186,  lr= 2.000000e-03  train: 2.994637e-01 5.075285e+00  validation: 2.855903e-01 6.676373e+00  
Epoch=    187,  lr= 2.000000e-03  train: 3.081005e-01 5.570084e+00  validation: 3.077129e-01 5.667096e+00  
Epoch=    188,  lr= 2.000000e-03  train: 3.008398e-01 4.702207e+00  validation: 3.131140e-01 4.593818e+00  
Epoch=    189,  lr= 2.000000e-03  train: 2.982472e-01 4.401352e+00  validation: 3.044559e-01 3.987076e+00  
Epoch=    190,  lr= 2.000000e-03  train: 2.974410e-01 4.344131e+00  validation: 2.976654e-01 4.571101e+00  
Epoch=    191,  lr= 2.000000e-03  train: 2.978580e-01 4.627576e+00  validation: 3.053868e-01 4.769697e+00  
Epoch=    192,  lr= 2.000000e-03  train: 3.023498e-01 5.043636e+00  validation: 2.741609e-01 3.809576e+00  
Epoch=    193,  lr= 2.000000e-03  train: 3.000502e-01 4.456311e+00  validation: 3.060698e-01 4.327336e+00  
Epoch=    194,  lr= 2.000000e-03  train: 3.060665e-01 5.094839e+00  validation: 3.164605e-01 5.038831e+00  
Epoch=    195,  lr= 2.000000e-03  train: 3.034652e-01 4.298389e+00  validation: 2.817351e-01 3.572572e+00  
Epoch=    196,  lr= 2.000000e-03  train: 3.011774e-01 4.572325e+00  validation: 2.864724e-01 3.616869e+00  
Epoch=    197,  lr= 2.000000e-03  train: 2.965197e-01 5.181488e+00  validation: 3.084236e-01 4.533885e+00  
Epoch=    198,  lr= 2.000000e-03  train: 2.964607e-01 4.627908e+00  validation: 3.024278e-01 4.468583e+00  
Epoch=    199,  lr= 2.000000e-03  train: 2.959330e-01 5.152066e+00  validation: 2.855574e-01 6.909622e+00  
Epoch=    200,  lr= 2.000000e-03  train: 2.977824e-01 5.230003e+00  validation: 2.827404e-01 3.848298e+00  
Epoch=    201,  lr= 2.000000e-03  train: 3.056955e-01 4.654683e+00  validation: 2.913890e-01 5.057285e+00  
Epoch=    202,  lr= 2.000000e-03  train: 2.966187e-01 4.649321e+00  validation: 2.915495e-01 4.597201e+00  
Epoch=    203,  lr= 2.000000e-03  train: 2.969363e-01 4.388967e+00  validation: 2.936765e-01 4.648771e+00  
Epoch=    204,  lr= 2.000000e-03  train: 2.971269e-01 5.113731e+00  validation: 2.875850e-01 3.982347e+00  
Epoch=    205,  lr= 2.000000e-03  train: 2.909328e-01 4.253212e+00  validation: 3.083580e-01 3.913471e+00  
Epoch=    206,  lr= 2.000000e-03  train: 2.974140e-01 4.175336e+00  validation: 3.230925e-01 4.250934e+00  
Epoch=    207,  lr= 2.000000e-03  train: 2.992703e-01 5.123699e+00  validation: 2.903127e-01 4.255013e+00  
Epoch=    208,  lr= 2.000000e-03  train: 2.956185e-01 4.530973e+00  validation: 2.849659e-01 3.918365e+00  
Epoch=    209,  lr= 2.000000e-03  train: 3.002563e-01 4.888710e+00  validation: 2.962822e-01 6.172135e+00  
Epoch=    210,  lr= 2.000000e-03  train: 3.020638e-01 5.052010e+00  validation: 2.980121e-01 4.154418e+00  
Epoch=    211,  lr= 2.000000e-03  train: 2.965447e-01 4.202462e+00  validation: 3.004462e-01 4.762230e+00  
Epoch=    212,  lr= 2.000000e-03  train: 2.966375e-01 4.895712e+00  validation: 2.786949e-01 4.753340e+00  
Epoch=    213,  lr= 2.000000e-03  train: 2.914290e-01 4.328258e+00  validation: 2.974766e-01 4.468601e+00  
Epoch=    214,  lr= 2.000000e-03  train: 2.929300e-01 4.170081e+00  validation: 2.875662e-01 4.606234e+00  
Epoch=    215,  lr= 2.000000e-03  train: 2.956784e-01 4.499887e+00  validation: 3.044195e-01 4.212613e+00  
Epoch=    216,  lr= 2.000000e-03  train: 2.985168e-01 4.368533e+00  validation: 2.930038e-01 3.868978e+00  
Epoch=    217,  lr= 2.000000e-03  train: 2.952166e-01 4.218218e+00  validation: 3.009835e-01 4.267528e+00  
Epoch=    218,  lr= 2.000000e-03  train: 2.997126e-01 4.252592e+00  validation: 2.927363e-01 3.960076e+00  
Epoch=    219,  lr= 2.000000e-03  train: 2.964844e-01 4.224304e+00  validation: 2.850909e-01 4.080458e+00  
Epoch=    220,  lr= 2.000000e-03  train: 2.931155e-01 4.902712e+00  validation: 3.124426e-01 4.267499e+00  
Epoch=    221,  lr= 2.000000e-03  train: 2.929840e-01 4.371622e+00  validation: 2.862777e-01 3.517584e+00  
Epoch=    222,  lr= 2.000000e-03  train: 2.903995e-01 4.503124e+00  validation: 3.001068e-01 5.188192e+00  
Epoch=    223,  lr= 2.000000e-03  train: 2.973208e-01 4.373151e+00  validation: 3.004613e-01 6.636820e+00  
Epoch=    224,  lr= 2.000000e-03  train: 3.016007e-01 4.545158e+00  validation: 2.760571e-01 4.935111e+00  
Epoch=    225,  lr= 2.000000e-03  train: 3.043249e-01 4.209995e+00  validation: 2.937688e-01 5.320310e+00  
Epoch=    226,  lr= 2.000000e-03  train: 2.997150e-01 4.545776e+00  validation: 3.195920e-01 6.244569e+00  
Epoch=    227,  lr= 2.000000e-03  train: 3.009821e-01 4.643255e+00  validation: 3.108406e-01 3.652306e+00  
Epoch=    228,  lr= 2.000000e-03  train: 2.971665e-01 4.929428e+00  validation: 2.885572e-01 5.101537e+00  
Epoch=    229,  lr= 2.000000e-03  train: 2.912806e-01 4.727077e+00  validation: 2.936255e-01 4.259755e+00  
Epoch=    230,  lr= 2.000000e-03  train: 2.880892e-01 4.324466e+00  validation: 2.896642e-01 3.884590e+00  
Epoch=    231,  lr= 2.000000e-03  train: 2.953890e-01 4.695886e+00  validation: 2.891838e-01 3.965696e+00  
Epoch=    232,  lr= 2.000000e-03  train: 2.916710e-01 4.332316e+00  validation: 2.846341e-01 4.010204e+00  
Epoch=    233,  lr= 2.000000e-03  train: 2.907512e-01 4.411175e+00  validation: 3.117105e-01 4.268749e+00  
Epoch=    234,  lr= 2.000000e-03  train: 2.893852e-01 4.123967e+00  validation: 2.910938e-01 4.063927e+00  
Epoch=    235,  lr= 2.000000e-03  train: 2.901283e-01 4.588415e+00  validation: 2.858198e-01 7.512502e+00  
Epoch=    236,  lr= 2.000000e-03  train: 2.970007e-01 5.721689e+00  validation: 2.834848e-01 3.787689e+00  
Epoch=    237,  lr= 2.000000e-03  train: 2.943852e-01 5.067713e+00  validation: 2.918872e-01 4.728888e+00  
Epoch=    238,  lr= 2.000000e-03  train: 2.898229e-01 5.369206e+00  validation: 2.720415e-01 5.887881e+00  
Epoch=    239,  lr= 2.000000e-03  train: 2.874125e-01 4.004916e+00  validation: 2.936186e-01 4.556821e+00  
Epoch=    240,  lr= 2.000000e-03  train: 2.854182e-01 4.245028e+00  validation: 2.982568e-01 4.065840e+00  
Epoch=    241,  lr= 2.000000e-03  train: 2.988962e-01 4.636505e+00  validation: 2.928590e-01 3.793361e+00  
Epoch=    242,  lr= 2.000000e-03  train: 2.891702e-01 4.430351e+00  validation: 3.114186e-01 4.385030e+00  
Epoch=    243,  lr= 2.000000e-03  train: 3.078967e-01 5.328809e+00  validation: 3.345057e-01 5.073468e+00  
Epoch=    244,  lr= 2.000000e-03  train: 3.008480e-01 4.682196e+00  validation: 2.914215e-01 4.980145e+00  
Epoch=    245,  lr= 2.000000e-03  train: 2.920038e-01 4.284967e+00  validation: 2.983308e-01 3.666035e+00  
Epoch=    246,  lr= 2.000000e-03  train: 2.871487e-01 4.432581e+00  validation: 3.004801e-01 4.569964e+00  
Epoch=    247,  lr= 2.000000e-03  train: 2.862694e-01 4.953670e+00  validation: 2.983312e-01 5.779669e+00  
Epoch=    248,  lr= 2.000000e-03  train: 2.884907e-01 4.360209e+00  validation: 2.831609e-01 4.470241e+00  
Epoch=    249,  lr= 2.000000e-03  train: 2.869774e-01 4.032673e+00  validation: 3.013212e-01 4.607927e+00  
Epoch=    250,  lr= 2.000000e-03  train: 2.995521e-01 4.617890e+00  validation: 2.950231e-01 5.307741e+00  
Epoch=    251,  lr= 2.000000e-03  train: 2.850624e-01 4.421488e+00  validation: 2.972555e-01 4.173052e+00  
Epoch=    252,  lr= 2.000000e-03  train: 2.884150e-01 4.594241e+00  validation: 2.674529e-01 3.768313e+00  
Epoch=    253,  lr= 2.000000e-03  train: 2.927471e-01 4.306745e+00  validation: 2.738519e-01 3.788658e+00  
Epoch=    254,  lr= 2.000000e-03  train: 2.922547e-01 4.182775e+00  validation: 2.853518e-01 5.079927e+00  
Epoch=    255,  lr= 2.000000e-03  train: 2.834144e-01 4.442149e+00  validation: 2.949404e-01 4.136822e+00  
Epoch=    256,  lr= 2.000000e-03  train: 2.871175e-01 5.253948e+00  validation: 2.947434e-01 3.954765e+00  
Epoch=    257,  lr= 2.000000e-03  train: 2.893207e-01 4.231909e+00  validation: 3.393832e-01 4.916088e+00  
Epoch=    258,  lr= 2.000000e-03  train: 3.004026e-01 4.122136e+00  validation: 2.775026e-01 3.761727e+00  
Epoch=    259,  lr= 2.000000e-03  train: 2.854989e-01 4.191415e+00  validation: 3.096230e-01 3.898233e+00  
Epoch=    260,  lr= 2.000000e-03  train: 2.939612e-01 4.346090e+00  validation: 2.780969e-01 3.223069e+00  
Epoch=    261,  lr= 2.000000e-03  train: 2.874216e-01 4.032024e+00  validation: 2.820601e-01 3.901400e+00  
Epoch=    262,  lr= 2.000000e-03  train: 2.859415e-01 4.105449e+00  validation: 2.668050e-01 3.491446e+00  
Epoch=    263,  lr= 2.000000e-03  train: 2.816551e-01 3.894033e+00  validation: 3.023384e-01 3.764449e+00  
Epoch=    264,  lr= 2.000000e-03  train: 2.864733e-01 4.040256e+00  validation: 2.635325e-01 3.645278e+00  
Epoch=    265,  lr= 2.000000e-03  train: 2.878205e-01 4.537208e+00  validation: 2.918469e-01 3.779214e+00  
Epoch=    266,  lr= 2.000000e-03  train: 2.874661e-01 4.094851e+00  validation: 2.720808e-01 5.408185e+00  
Epoch=    267,  lr= 2.000000e-03  train: 2.924607e-01 4.485279e+00  validation: 3.041159e-01 3.502555e+00  
Epoch=    268,  lr= 2.000000e-03  train: 3.065764e-01 5.011241e+00  validation: 4.036711e-01 5.918104e+00  
Epoch=    269,  lr= 2.000000e-03  train: 3.099956e-01 4.843393e+00  validation: 2.880055e-01 4.173913e+00  
Epoch=    270,  lr= 2.000000e-03  train: 2.909891e-01 4.673736e+00  validation: 2.806539e-01 4.857091e+00  
Epoch=    271,  lr= 2.000000e-03  train: 2.867576e-01 4.310762e+00  validation: 2.960248e-01 4.037015e+00  
Epoch=    272,  lr= 2.000000e-03  train: 2.846913e-01 4.668608e+00  validation: 2.920138e-01 4.613588e+00  
Epoch=    273,  lr= 2.000000e-03  train: 2.866181e-01 5.600360e+00  validation: 2.796363e-01 3.824876e+00  
Epoch=    274,  lr= 2.000000e-03  train: 2.848127e-01 4.255257e+00  validation: 2.854854e-01 4.419039e+00  
Epoch=    275,  lr= 2.000000e-03  train: 2.886556e-01 4.219493e+00  validation: 3.016176e-01 3.732769e+00  
Epoch=    276,  lr= 2.000000e-03  train: 2.855237e-01 4.275646e+00  validation: 2.744477e-01 3.585385e+00  
Epoch=    277,  lr= 2.000000e-03  train: 2.828943e-01 4.380558e+00  validation: 2.727984e-01 5.177020e+00  
Epoch=    278,  lr= 2.000000e-03  train: 2.824083e-01 4.330898e+00  validation: 2.880059e-01 4.346924e+00  
Epoch=    279,  lr= 2.000000e-03  train: 2.855067e-01 4.443338e+00  validation: 2.577645e-01 3.437894e+00  
Epoch=    280,  lr= 2.000000e-03  train: 2.801162e-01 4.033031e+00  validation: 2.923891e-01 3.760580e+00  
Epoch=    281,  lr= 2.000000e-03  train: 2.831030e-01 4.535909e+00  validation: 2.994309e-01 4.301952e+00  
Epoch=    282,  lr= 2.000000e-03  train: 2.849054e-01 4.038880e+00  validation: 2.740824e-01 3.790743e+00  
Epoch=    283,  lr= 2.000000e-03  train: 2.845935e-01 4.179284e+00  validation: 3.021496e-01 3.723499e+00  
Epoch=    284,  lr= 2.000000e-03  train: 2.900914e-01 4.121071e+00  validation: 2.945193e-01 5.236659e+00  
Epoch=    285,  lr= 2.000000e-03  train: 2.985976e-01 4.197433e+00  validation: 3.036147e-01 4.580142e+00  
Epoch=    286,  lr= 2.000000e-03  train: 2.896594e-01 5.884224e+00  validation: 2.881370e-01 5.136658e+00  
