Equivariant MPNN package based on three-body descriptors 
2023-05-29-18_49_43 
Epoch=      0,  lr= 1.000000e-03  train: 1.997629e+00 2.058151e+01  validation: 1.221746e+00 1.459746e+01  
Epoch=      1,  lr= 1.000000e-03  train: 8.982029e-01 2.050676e+01  validation: 6.806405e-01 9.132396e+00  
Epoch=      2,  lr= 1.000000e-03  train: 6.107848e-01 1.098987e+01  validation: 5.625961e-01 7.613286e+00  
Epoch=      3,  lr= 1.000000e-03  train: 5.547403e-01 1.314075e+01  validation: 5.277834e-01 8.711489e+00  
Epoch=      4,  lr= 1.000000e-03  train: 5.287687e-01 9.625415e+00  validation: 5.054740e-01 7.631045e+00  
Epoch=      5,  lr= 1.000000e-03  train: 5.099609e-01 1.014402e+01  validation: 5.262632e-01 8.254361e+00  
Epoch=      6,  lr= 1.000000e-03  train: 4.914628e-01 1.098247e+01  validation: 5.016782e-01 7.335925e+00  
Epoch=      7,  lr= 1.000000e-03  train: 4.823077e-01 8.125662e+00  validation: 4.858850e-01 7.700428e+00  
Epoch=      8,  lr= 1.000000e-03  train: 4.783426e-01 9.789839e+00  validation: 4.935317e-01 6.838342e+00  
Epoch=      9,  lr= 1.000000e-03  train: 4.704877e-01 9.292242e+00  validation: 4.622931e-01 5.841475e+00  
Epoch=     10,  lr= 1.000000e-03  train: 4.599519e-01 9.262032e+00  validation: 4.471200e-01 5.934270e+00  
Epoch=     11,  lr= 1.000000e-03  train: 4.536709e-01 1.021060e+01  validation: 4.688529e-01 8.385894e+00  
Epoch=     12,  lr= 1.000000e-03  train: 4.367643e-01 6.893992e+00  validation: 4.245512e-01 5.843051e+00  
Epoch=     13,  lr= 1.000000e-03  train: 4.398157e-01 9.693217e+00  validation: 4.428846e-01 1.149462e+01  
Epoch=     14,  lr= 1.000000e-03  train: 4.259754e-01 7.179798e+00  validation: 4.180524e-01 5.579878e+00  
Epoch=     15,  lr= 1.000000e-03  train: 4.228752e-01 8.802320e+00  validation: 4.367224e-01 7.265393e+00  
Epoch=     16,  lr= 1.000000e-03  train: 4.162371e-01 7.759278e+00  validation: 3.818744e-01 1.059605e+01  
Epoch=     17,  lr= 1.000000e-03  train: 4.085819e-01 9.945164e+00  validation: 4.023471e-01 5.477165e+00  
Epoch=     18,  lr= 1.000000e-03  train: 3.907263e-01 5.526614e+00  validation: 3.645928e-01 4.012839e+00  
Epoch=     19,  lr= 1.000000e-03  train: 3.866643e-01 7.302621e+00  validation: 3.718526e-01 9.333846e+00  
Epoch=     20,  lr= 1.000000e-03  train: 3.782696e-01 6.688462e+00  validation: 3.706661e-01 7.624407e+00  
Epoch=     21,  lr= 1.000000e-03  train: 3.785556e-01 8.094671e+00  validation: 3.855267e-01 4.135858e+00  
Epoch=     22,  lr= 1.000000e-03  train: 3.667160e-01 6.404181e+00  validation: 3.623087e-01 4.571115e+00  
Epoch=     23,  lr= 1.000000e-03  train: 3.619843e-01 6.039948e+00  validation: 3.725360e-01 4.777359e+00  
Epoch=     24,  lr= 1.000000e-03  train: 3.632475e-01 7.049311e+00  validation: 3.853158e-01 8.001380e+00  
Epoch=     25,  lr= 1.000000e-03  train: 3.528347e-01 6.037470e+00  validation: 3.508967e-01 3.792833e+00  
Epoch=     26,  lr= 1.000000e-03  train: 3.490407e-01 5.968811e+00  validation: 3.212231e-01 6.236328e+00  
Epoch=     27,  lr= 1.000000e-03  train: 3.475069e-01 6.472341e+00  validation: 3.306009e-01 3.688139e+00  
Epoch=     28,  lr= 1.000000e-03  train: 3.445496e-01 6.437616e+00  validation: 3.199390e-01 5.604171e+00  
Epoch=     29,  lr= 1.000000e-03  train: 3.356611e-01 5.831321e+00  validation: 3.313010e-01 3.610609e+00  
Epoch=     30,  lr= 1.000000e-03  train: 3.335840e-01 6.595579e+00  validation: 3.430662e-01 3.975657e+00  
Epoch=     31,  lr= 1.000000e-03  train: 3.295915e-01 6.661382e+00  validation: 3.137117e-01 3.736921e+00  
Epoch=     32,  lr= 1.000000e-03  train: 3.185923e-01 5.174346e+00  validation: 3.260143e-01 4.915096e+00  
Epoch=     33,  lr= 1.000000e-03  train: 3.214378e-01 6.381726e+00  validation: 2.989188e-01 4.161744e+00  
Epoch=     34,  lr= 1.000000e-03  train: 3.181160e-01 6.313094e+00  validation: 3.058695e-01 1.050300e+01  
Epoch=     35,  lr= 1.000000e-03  train: 3.050436e-01 6.241927e+00  validation: 3.044039e-01 1.046751e+01  
Epoch=     36,  lr= 1.000000e-03  train: 2.990126e-01 6.023741e+00  validation: 2.981925e-01 7.050852e+00  
Epoch=     37,  lr= 1.000000e-03  train: 2.949291e-01 7.103903e+00  validation: 3.132886e-01 1.111370e+01  
Epoch=     38,  lr= 1.000000e-03  train: 2.969316e-01 7.316535e+00  validation: 2.918002e-01 3.590525e+00  
Epoch=     39,  lr= 1.000000e-03  train: 2.910196e-01 5.602504e+00  validation: 3.197612e-01 9.210888e+00  
Epoch=     40,  lr= 1.000000e-03  train: 2.859517e-01 5.560246e+00  validation: 2.983693e-01 3.204491e+00  
Epoch=     41,  lr= 1.000000e-03  train: 2.830235e-01 6.774352e+00  validation: 2.876662e-01 4.879412e+00  
Epoch=     42,  lr= 1.000000e-03  train: 2.844917e-01 6.024194e+00  validation: 2.773186e-01 3.631920e+00  
Epoch=     43,  lr= 1.000000e-03  train: 2.752973e-01 6.227794e+00  validation: 2.714891e-01 7.321854e+00  
Epoch=     44,  lr= 1.000000e-03  train: 2.823745e-01 6.986794e+00  validation: 2.619604e-01 3.362423e+00  
Epoch=     45,  lr= 1.000000e-03  train: 2.721626e-01 6.192172e+00  validation: 2.652371e-01 3.767745e+00  
Epoch=     46,  lr= 1.000000e-03  train: 2.672549e-01 4.878109e+00  validation: 2.751740e-01 6.743709e+00  
Epoch=     47,  lr= 1.000000e-03  train: 2.687730e-01 5.766229e+00  validation: 2.590272e-01 7.047670e+00  
Epoch=     48,  lr= 1.000000e-03  train: 2.705118e-01 7.139397e+00  validation: 2.630673e-01 1.118248e+01  
Epoch=     49,  lr= 1.000000e-03  train: 2.645437e-01 7.421267e+00  validation: 2.386648e-01 2.801783e+00  
Epoch=     50,  lr= 1.000000e-03  train: 2.578471e-01 5.922128e+00  validation: 2.490866e-01 4.168722e+00  
Epoch=     51,  lr= 1.000000e-03  train: 2.600191e-01 6.145781e+00  validation: 2.432806e-01 3.025378e+00  
Epoch=     52,  lr= 1.000000e-03  train: 2.648978e-01 5.847528e+00  validation: 2.607483e-01 2.409152e+00  
Epoch=     53,  lr= 1.000000e-03  train: 2.561107e-01 6.935340e+00  validation: 2.469871e-01 8.496898e+00  
Epoch=     54,  lr= 1.000000e-03  train: 2.521450e-01 5.545356e+00  validation: 2.655751e-01 2.565779e+00  
Epoch=     55,  lr= 1.000000e-03  train: 2.509707e-01 6.137296e+00  validation: 2.470093e-01 3.975179e+00  
Epoch=     56,  lr= 1.000000e-03  train: 2.488634e-01 6.102176e+00  validation: 2.635713e-01 2.602281e+00  
Epoch=     57,  lr= 1.000000e-03  train: 2.475186e-01 5.760342e+00  validation: 2.632429e-01 2.848658e+00  
Epoch=     58,  lr= 1.000000e-03  train: 2.466735e-01 5.506936e+00  validation: 2.301218e-01 6.832046e+00  
Epoch=     59,  lr= 1.000000e-03  train: 2.454361e-01 5.668160e+00  validation: 2.361868e-01 3.114330e+00  
Epoch=     60,  lr= 1.000000e-03  train: 2.427913e-01 4.761448e+00  validation: 2.498771e-01 4.004674e+00  
Epoch=     61,  lr= 1.000000e-03  train: 2.452471e-01 7.921549e+00  validation: 2.428679e-01 4.068610e+00  
Epoch=     62,  lr= 1.000000e-03  train: 2.427881e-01 5.352568e+00  validation: 2.296138e-01 2.926877e+00  
Epoch=     63,  lr= 1.000000e-03  train: 2.364807e-01 4.940400e+00  validation: 2.341561e-01 3.709718e+00  
Epoch=     64,  lr= 1.000000e-03  train: 2.488208e-01 7.826208e+00  validation: 2.629729e-01 3.099363e+00  
Epoch=     65,  lr= 1.000000e-03  train: 2.382045e-01 5.198587e+00  validation: 2.059053e-01 2.621551e+00  
Epoch=     66,  lr= 1.000000e-03  train: 2.308713e-01 4.750891e+00  validation: 2.364811e-01 2.914335e+00  
Epoch=     67,  lr= 1.000000e-03  train: 2.315865e-01 5.816528e+00  validation: 2.212878e-01 6.872786e+00  
Epoch=     68,  lr= 1.000000e-03  train: 2.283681e-01 7.047260e+00  validation: 2.411262e-01 7.018926e+00  
Epoch=     69,  lr= 1.000000e-03  train: 2.277281e-01 5.653723e+00  validation: 2.480336e-01 5.076149e+00  
Epoch=     70,  lr= 1.000000e-03  train: 2.307043e-01 5.658774e+00  validation: 2.303366e-01 7.043764e+00  
Epoch=     71,  lr= 1.000000e-03  train: 2.290063e-01 6.615155e+00  validation: 2.296391e-01 5.290583e+00  
Epoch=     72,  lr= 1.000000e-03  train: 2.281895e-01 4.865529e+00  validation: 2.180580e-01 8.768635e+00  
Epoch=     73,  lr= 1.000000e-03  train: 2.194534e-01 5.254609e+00  validation: 2.193600e-01 2.413025e+00  
Epoch=     74,  lr= 1.000000e-03  train: 2.226672e-01 5.477602e+00  validation: 2.097195e-01 2.298441e+00  
Epoch=     75,  lr= 1.000000e-03  train: 2.194586e-01 4.700616e+00  validation: 2.094638e-01 3.971198e+00  
Epoch=     76,  lr= 1.000000e-03  train: 2.222944e-01 5.225955e+00  validation: 2.109534e-01 3.673509e+00  
Epoch=     77,  lr= 1.000000e-03  train: 2.338025e-01 7.103642e+00  validation: 2.202343e-01 2.272254e+00  
Epoch=     78,  lr= 1.000000e-03  train: 2.187726e-01 5.406753e+00  validation: 2.012235e-01 2.177031e+00  
Epoch=     79,  lr= 1.000000e-03  train: 2.131187e-01 4.975818e+00  validation: 2.109675e-01 2.827558e+00  
Epoch=     80,  lr= 1.000000e-03  train: 2.161624e-01 5.501147e+00  validation: 2.010172e-01 3.395850e+00  
Epoch=     81,  lr= 1.000000e-03  train: 2.277838e-01 4.894126e+00  validation: 1.977014e-01 2.575770e+00  
Epoch=     82,  lr= 1.000000e-03  train: 2.114523e-01 4.785983e+00  validation: 2.024316e-01 2.291461e+00  
Epoch=     83,  lr= 1.000000e-03  train: 2.188213e-01 4.835104e+00  validation: 1.924069e-01 4.722356e+00  
Epoch=     84,  lr= 1.000000e-03  train: 2.050964e-01 5.053113e+00  validation: 2.175515e-01 6.829310e+00  
Epoch=     85,  lr= 1.000000e-03  train: 2.067534e-01 5.695803e+00  validation: 1.984451e-01 1.018726e+01  
Epoch=     86,  lr= 1.000000e-03  train: 2.040955e-01 6.711250e+00  validation: 2.150153e-01 1.131792e+01  
Epoch=     87,  lr= 1.000000e-03  train: 2.060905e-01 4.657852e+00  validation: 2.037096e-01 3.709293e+00  
Epoch=     88,  lr= 1.000000e-03  train: 2.057437e-01 5.186333e+00  validation: 2.028606e-01 6.050353e+00  
Epoch=     89,  lr= 1.000000e-03  train: 2.064708e-01 5.060943e+00  validation: 2.041156e-01 3.205945e+00  
Epoch=     90,  lr= 1.000000e-03  train: 2.030767e-01 4.778807e+00  validation: 1.977100e-01 3.100315e+00  
Epoch=     91,  lr= 1.000000e-03  train: 2.105264e-01 6.630781e+00  validation: 2.029625e-01 3.841427e+00  
Epoch=     92,  lr= 1.000000e-03  train: 2.001776e-01 4.110144e+00  validation: 2.533965e-01 2.182216e+00  
Epoch=     93,  lr= 1.000000e-03  train: 2.009797e-01 5.671576e+00  validation: 1.997598e-01 8.253922e+00  
Epoch=     94,  lr= 1.000000e-03  train: 1.952396e-01 5.015107e+00  validation: 2.063422e-01 4.492917e+00  
Epoch=     95,  lr= 1.000000e-03  train: 1.991064e-01 4.777999e+00  validation: 1.854317e-01 7.735898e+00  
Epoch=     96,  lr= 1.000000e-03  train: 2.023007e-01 5.583910e+00  validation: 1.897273e-01 3.379994e+00  
Epoch=     97,  lr= 1.000000e-03  train: 1.980991e-01 4.735305e+00  validation: 1.935326e-01 2.736009e+00  
Epoch=     98,  lr= 1.000000e-03  train: 1.916514e-01 4.414578e+00  validation: 2.258752e-01 5.231491e+00  
Epoch=     99,  lr= 1.000000e-03  train: 1.914240e-01 4.957655e+00  validation: 2.193033e-01 5.767297e+00  
Epoch=    100,  lr= 1.000000e-03  train: 2.088563e-01 5.807601e+00  validation: 1.907645e-01 1.664157e+00  
Epoch=    101,  lr= 1.000000e-03  train: 1.956883e-01 5.981233e+00  validation: 2.049995e-01 6.485379e+00  
Epoch=    102,  lr= 1.000000e-03  train: 1.962452e-01 4.169139e+00  validation: 1.898297e-01 2.993822e+00  
Epoch=    103,  lr= 1.000000e-03  train: 1.927231e-01 4.393507e+00  validation: 1.922291e-01 1.930589e+00  
Epoch=    104,  lr= 1.000000e-03  train: 1.904091e-01 4.792690e+00  validation: 1.873298e-01 8.100084e+00  
Epoch=    105,  lr= 1.000000e-03  train: 2.059115e-01 5.038022e+00  validation: 1.810049e-01 3.059125e+00  
Epoch=    106,  lr= 1.000000e-03  train: 1.904495e-01 5.228988e+00  validation: 1.795243e-01 1.332839e+00  
Epoch=    107,  lr= 1.000000e-03  train: 1.919647e-01 6.025703e+00  validation: 1.967419e-01 4.795975e+00  
Epoch=    108,  lr= 1.000000e-03  train: 1.941605e-01 5.579943e+00  validation: 1.852593e-01 4.870524e+00  
Epoch=    109,  lr= 1.000000e-03  train: 1.866668e-01 4.343026e+00  validation: 1.965498e-01 2.047888e+00  
Epoch=    110,  lr= 1.000000e-03  train: 2.004578e-01 5.233600e+00  validation: 2.185998e-01 2.399073e+00  
Epoch=    111,  lr= 1.000000e-03  train: 1.877316e-01 4.084688e+00  validation: 2.114688e-01 2.308468e+00  
Epoch=    112,  lr= 1.000000e-03  train: 1.911734e-01 4.326856e+00  validation: 1.776652e-01 1.721549e+00  
Epoch=    113,  lr= 1.000000e-03  train: 1.945314e-01 5.395846e+00  validation: 1.815928e-01 3.857905e+00  
Epoch=    114,  lr= 1.000000e-03  train: 1.847826e-01 3.696325e+00  validation: 1.956044e-01 9.143917e+00  
Epoch=    115,  lr= 1.000000e-03  train: 1.866184e-01 6.400957e+00  validation: 1.829489e-01 4.351935e+00  
Epoch=    116,  lr= 1.000000e-03  train: 1.903674e-01 4.329962e+00  validation: 1.975478e-01 1.009175e+01  
Epoch=    117,  lr= 1.000000e-03  train: 1.897118e-01 4.859256e+00  validation: 1.694715e-01 5.811686e+00  
Epoch=    118,  lr= 1.000000e-03  train: 1.841645e-01 3.681394e+00  validation: 1.794987e-01 5.496902e+00  
Epoch=    119,  lr= 1.000000e-03  train: 1.781057e-01 5.426870e+00  validation: 2.064992e-01 1.957117e+00  
Epoch=    120,  lr= 1.000000e-03  train: 1.884993e-01 4.727085e+00  validation: 1.879298e-01 3.786062e+00  
Epoch=    121,  lr= 1.000000e-03  train: 1.794214e-01 3.923028e+00  validation: 1.945692e-01 2.032728e+00  
Epoch=    122,  lr= 1.000000e-03  train: 1.820585e-01 5.620710e+00  validation: 1.631382e-01 1.713780e+00  
Epoch=    123,  lr= 1.000000e-03  train: 1.861060e-01 4.471354e+00  validation: 1.679795e-01 1.678638e+00  
Epoch=    124,  lr= 1.000000e-03  train: 1.845420e-01 6.657944e+00  validation: 1.828819e-01 1.832471e+00  
Epoch=    125,  lr= 1.000000e-03  train: 1.803195e-01 4.566987e+00  validation: 1.746387e-01 5.437909e+00  
Epoch=    126,  lr= 1.000000e-03  train: 1.825764e-01 5.555665e+00  validation: 1.851106e-01 1.943116e+00  
Epoch=    127,  lr= 1.000000e-03  train: 1.827697e-01 4.084248e+00  validation: 1.771778e-01 3.303245e+00  
Epoch=    128,  lr= 1.000000e-03  train: 1.779270e-01 4.801061e+00  validation: 1.803673e-01 3.327193e+00  
Epoch=    129,  lr= 1.000000e-03  train: 1.736006e-01 3.259312e+00  validation: 1.622984e-01 5.304851e+00  
Epoch=    130,  lr= 1.000000e-03  train: 1.750952e-01 4.261048e+00  validation: 1.647215e-01 3.669207e+00  
Epoch=    131,  lr= 1.000000e-03  train: 1.750560e-01 4.775562e+00  validation: 1.741751e-01 8.916613e+00  
Epoch=    132,  lr= 1.000000e-03  train: 1.780291e-01 6.066309e+00  validation: 1.699872e-01 3.275825e+00  
Epoch=    133,  lr= 1.000000e-03  train: 1.752547e-01 5.131204e+00  validation: 1.815586e-01 4.352562e+00  
Epoch=    134,  lr= 1.000000e-03  train: 1.753717e-01 4.048397e+00  validation: 2.000634e-01 3.340270e+00  
Epoch=    135,  lr= 1.000000e-03  train: 1.783208e-01 4.818202e+00  validation: 1.658089e-01 7.829955e+00  
Epoch=    136,  lr= 1.000000e-03  train: 1.700346e-01 4.637207e+00  validation: 1.809585e-01 1.798937e+00  
Epoch=    137,  lr= 1.000000e-03  train: 1.718468e-01 4.386532e+00  validation: 1.636853e-01 9.425566e+00  
Epoch=    138,  lr= 1.000000e-03  train: 1.703302e-01 5.597424e+00  validation: 1.590036e-01 3.274973e+00  
Epoch=    139,  lr= 1.000000e-03  train: 1.690089e-01 4.352980e+00  validation: 1.836144e-01 7.950645e+00  
Epoch=    140,  lr= 1.000000e-03  train: 1.898966e-01 5.477170e+00  validation: 1.658127e-01 2.452617e+00  
Epoch=    141,  lr= 1.000000e-03  train: 1.699793e-01 5.578727e+00  validation: 1.827634e-01 7.172674e+00  
Epoch=    142,  lr= 1.000000e-03  train: 1.783243e-01 4.550015e+00  validation: 1.590594e-01 3.738296e+00  
Epoch=    143,  lr= 1.000000e-03  train: 1.636550e-01 4.567987e+00  validation: 1.537478e-01 1.917215e+00  
Epoch=    144,  lr= 1.000000e-03  train: 1.621091e-01 4.026045e+00  validation: 1.785086e-01 1.675248e+00  
Epoch=    145,  lr= 1.000000e-03  train: 1.638776e-01 5.158913e+00  validation: 1.591370e-01 5.029407e+00  
Epoch=    146,  lr= 1.000000e-03  train: 1.646142e-01 4.833619e+00  validation: 1.771287e-01 3.746345e+00  
Epoch=    147,  lr= 1.000000e-03  train: 1.657842e-01 4.842484e+00  validation: 1.515286e-01 4.548891e+00  
Epoch=    148,  lr= 1.000000e-03  train: 1.559453e-01 4.436698e+00  validation: 1.589607e-01 1.481916e+00  
Epoch=    149,  lr= 1.000000e-03  train: 1.600261e-01 4.729063e+00  validation: 1.526445e-01 1.367636e+00  
Epoch=    150,  lr= 1.000000e-03  train: 1.672162e-01 5.376691e+00  validation: 1.613009e-01 5.699049e+00  
Epoch=    151,  lr= 1.000000e-03  train: 1.732911e-01 4.812193e+00  validation: 1.623614e-01 4.515258e+00  
Epoch=    152,  lr= 1.000000e-03  train: 1.543347e-01 3.941055e+00  validation: 1.577883e-01 3.214045e+00  
Epoch=    153,  lr= 1.000000e-03  train: 1.857804e-01 7.437732e+00  validation: 2.023704e-01 4.895611e+00  
Epoch=    154,  lr= 1.000000e-03  train: 1.629973e-01 3.303628e+00  validation: 1.519246e-01 1.092366e+01  
Epoch=    155,  lr= 1.000000e-03  train: 1.514208e-01 3.920656e+00  validation: 1.694411e-01 2.128269e+00  
Epoch=    156,  lr= 1.000000e-03  train: 1.550557e-01 5.112365e+00  validation: 1.560318e-01 2.408410e+00  
Epoch=    157,  lr= 1.000000e-03  train: 1.532997e-01 4.178109e+00  validation: 1.515271e-01 5.833906e+00  
Epoch=    158,  lr= 1.000000e-03  train: 1.624249e-01 5.052080e+00  validation: 1.619063e-01 2.573869e+00  
Epoch=    159,  lr= 1.000000e-03  train: 1.584706e-01 4.805447e+00  validation: 1.499842e-01 1.495320e+00  
Epoch=    160,  lr= 1.000000e-03  train: 1.502460e-01 3.795432e+00  validation: 1.371399e-01 1.090820e+00  
Epoch=    161,  lr= 1.000000e-03  train: 1.574535e-01 5.035874e+00  validation: 1.695537e-01 3.857919e+00  
Epoch=    162,  lr= 1.000000e-03  train: 1.503550e-01 4.442058e+00  validation: 1.452412e-01 1.651967e+00  
Epoch=    163,  lr= 1.000000e-03  train: 1.470105e-01 3.663112e+00  validation: 1.540879e-01 3.002847e+00  
Epoch=    164,  lr= 1.000000e-03  train: 1.559335e-01 6.429463e+00  validation: 1.443201e-01 7.940107e+00  
Epoch=    165,  lr= 1.000000e-03  train: 1.574388e-01 4.553779e+00  validation: 1.668920e-01 2.581080e+00  
Epoch=    166,  lr= 1.000000e-03  train: 1.528817e-01 3.987459e+00  validation: 1.517494e-01 1.113395e+00  
Epoch=    167,  lr= 1.000000e-03  train: 1.521092e-01 3.677289e+00  validation: 1.559794e-01 6.572129e+00  
Epoch=    168,  lr= 1.000000e-03  train: 1.485761e-01 5.092913e+00  validation: 1.380375e-01 4.528174e+00  
Epoch=    169,  lr= 1.000000e-03  train: 1.467681e-01 4.441367e+00  validation: 1.451835e-01 2.253599e+00  
Epoch=    170,  lr= 1.000000e-03  train: 1.516031e-01 4.237264e+00  validation: 1.545363e-01 6.757193e+00  
Epoch=    171,  lr= 1.000000e-03  train: 1.555582e-01 4.251322e+00  validation: 1.333902e-01 4.170307e+00  
Epoch=    172,  lr= 1.000000e-03  train: 1.451207e-01 4.924820e+00  validation: 1.693087e-01 7.395674e+00  
Epoch=    173,  lr= 1.000000e-03  train: 1.437867e-01 3.978612e+00  validation: 1.462998e-01 4.345393e+00  
Epoch=    174,  lr= 1.000000e-03  train: 1.473373e-01 4.905794e+00  validation: 1.388677e-01 1.345328e+00  
Epoch=    175,  lr= 1.000000e-03  train: 1.490565e-01 4.987170e+00  validation: 1.543358e-01 3.035074e+00  
Epoch=    176,  lr= 1.000000e-03  train: 1.517410e-01 4.627899e+00  validation: 1.434773e-01 1.073970e+00  
Epoch=    177,  lr= 1.000000e-03  train: 1.420979e-01 3.674060e+00  validation: 1.487554e-01 6.971950e+00  
Epoch=    178,  lr= 1.000000e-03  train: 1.544999e-01 6.821402e+00  validation: 1.552871e-01 1.037568e+01  
Epoch=    179,  lr= 1.000000e-03  train: 1.566780e-01 4.202050e+00  validation: 1.473516e-01 1.487835e+00  
Epoch=    180,  lr= 1.000000e-03  train: 1.467936e-01 3.519214e+00  validation: 1.664055e-01 1.845141e+00  
Epoch=    181,  lr= 1.000000e-03  train: 1.475587e-01 4.544641e+00  validation: 1.400430e-01 1.625864e+00  
Epoch=    182,  lr= 1.000000e-03  train: 1.425205e-01 3.593092e+00  validation: 1.423145e-01 1.281926e+00  
Epoch=    183,  lr= 1.000000e-03  train: 1.413940e-01 4.230741e+00  validation: 1.387295e-01 4.257545e+00  
Epoch=    184,  lr= 1.000000e-03  train: 1.428359e-01 4.193640e+00  validation: 1.471547e-01 2.237230e+00  
Epoch=    185,  lr= 1.000000e-03  train: 1.406069e-01 5.006981e+00  validation: 1.533391e-01 8.581743e+00  
Epoch=    186,  lr= 1.000000e-03  train: 1.391635e-01 4.030409e+00  validation: 1.428263e-01 8.762200e+00  
Epoch=    187,  lr= 1.000000e-03  train: 1.424554e-01 5.515622e+00  validation: 1.579201e-01 3.149892e+00  
Epoch=    188,  lr= 1.000000e-03  train: 1.534147e-01 3.590273e+00  validation: 1.377335e-01 3.105003e+00  
Epoch=    189,  lr= 1.000000e-03  train: 1.372084e-01 4.243404e+00  validation: 1.367350e-01 1.363604e+00  
Epoch=    190,  lr= 1.000000e-03  train: 1.357216e-01 4.402340e+00  validation: 1.349137e-01 3.227044e+00  
Epoch=    191,  lr= 1.000000e-03  train: 1.414206e-01 4.759497e+00  validation: 1.313047e-01 2.425982e+00  
Epoch=    192,  lr= 1.000000e-03  train: 1.359151e-01 3.427672e+00  validation: 1.358518e-01 1.720035e+00  
Epoch=    193,  lr= 1.000000e-03  train: 1.381910e-01 4.521073e+00  validation: 1.492971e-01 6.184216e+00  
Epoch=    194,  lr= 1.000000e-03  train: 1.363814e-01 3.530622e+00  validation: 1.329650e-01 2.735599e+00  
Epoch=    195,  lr= 1.000000e-03  train: 1.488184e-01 3.781376e+00  validation: 2.134406e-01 5.415096e+00  
Epoch=    196,  lr= 1.000000e-03  train: 1.498243e-01 4.313351e+00  validation: 1.413127e-01 1.363465e+00  
Epoch=    197,  lr= 1.000000e-03  train: 1.400718e-01 5.438369e+00  validation: 1.635763e-01 7.150863e+00  
Epoch=    198,  lr= 1.000000e-03  train: 1.363257e-01 3.377208e+00  validation: 1.352857e-01 8.526959e+00  
Epoch=    199,  lr= 1.000000e-03  train: 1.363636e-01 4.296171e+00  validation: 1.350291e-01 1.150759e+00  
Epoch=    200,  lr= 1.000000e-03  train: 1.381651e-01 4.225739e+00  validation: 1.250403e-01 2.298593e+00  
Epoch=    201,  lr= 1.000000e-03  train: 1.399556e-01 4.270362e+00  validation: 1.364686e-01 6.057032e+00  
Epoch=    202,  lr= 1.000000e-03  train: 1.401822e-01 5.269450e+00  validation: 2.055597e-01 8.338246e+00  
Epoch=    203,  lr= 1.000000e-03  train: 1.533389e-01 4.548994e+00  validation: 1.231142e-01 1.409005e+00  
Epoch=    204,  lr= 1.000000e-03  train: 1.351836e-01 3.593608e+00  validation: 1.366168e-01 6.545440e+00  
Epoch=    205,  lr= 1.000000e-03  train: 1.422586e-01 5.431189e+00  validation: 1.533292e-01 4.341117e+00  
Epoch=    206,  lr= 1.000000e-03  train: 1.411249e-01 3.383906e+00  validation: 1.426779e-01 4.291629e+00  
Epoch=    207,  lr= 1.000000e-03  train: 1.421782e-01 4.061550e+00  validation: 1.338484e-01 3.254059e+00  
Epoch=    208,  lr= 1.000000e-03  train: 1.306275e-01 2.956206e+00  validation: 1.245980e-01 1.032811e+00  
Epoch=    209,  lr= 1.000000e-03  train: 1.371506e-01 4.613245e+00  validation: 1.295033e-01 2.090450e+00  
Epoch=    210,  lr= 1.000000e-03  train: 1.361524e-01 3.230511e+00  validation: 1.358813e-01 4.560832e+00  
Epoch=    211,  lr= 1.000000e-03  train: 1.330488e-01 4.136791e+00  validation: 1.412962e-01 3.131730e+00  
Epoch=    212,  lr= 1.000000e-03  train: 1.415939e-01 5.548295e+00  validation: 1.578771e-01 2.765539e+00  
Epoch=    213,  lr= 1.000000e-03  train: 1.401224e-01 3.744286e+00  validation: 1.234970e-01 1.305778e+00  
Epoch=    214,  lr= 1.000000e-03  train: 1.347016e-01 3.884714e+00  validation: 1.372884e-01 2.956236e+00  
Epoch=    215,  lr= 1.000000e-03  train: 1.318717e-01 3.164448e+00  validation: 1.353860e-01 4.616620e+00  
Epoch=    216,  lr= 1.000000e-03  train: 1.318049e-01 4.896979e+00  validation: 1.258182e-01 5.456712e+00  
Epoch=    217,  lr= 1.000000e-03  train: 1.349799e-01 4.244425e+00  validation: 1.254383e-01 4.969121e+00  
Epoch=    218,  lr= 1.000000e-03  train: 1.357914e-01 3.988437e+00  validation: 1.305456e-01 3.818876e+00  
Epoch=    219,  lr= 1.000000e-03  train: 1.364855e-01 5.096292e+00  validation: 1.374976e-01 5.040388e+00  
Epoch=    220,  lr= 1.000000e-03  train: 1.349404e-01 4.081376e+00  validation: 1.563225e-01 2.626699e+00  
Epoch=    221,  lr= 1.000000e-03  train: 1.340632e-01 3.695623e+00  validation: 1.418563e-01 5.397135e+00  
Epoch=    222,  lr= 1.000000e-03  train: 1.307575e-01 3.411728e+00  validation: 1.501404e-01 7.960285e+00  
Epoch=    223,  lr= 1.000000e-03  train: 1.382983e-01 4.920978e+00  validation: 1.327417e-01 4.293755e+00  
Epoch=    224,  lr= 1.000000e-03  train: 1.306428e-01 3.271601e+00  validation: 1.301305e-01 5.762371e+00  
Epoch=    225,  lr= 1.000000e-03  train: 1.344458e-01 4.009726e+00  validation: 1.347574e-01 2.641866e+00  
Epoch=    226,  lr= 1.000000e-03  train: 1.287874e-01 2.919764e+00  validation: 1.367053e-01 2.180665e+00  
Epoch=    227,  lr= 1.000000e-03  train: 4.652197e-01 1.869357e+01  validation: 3.681552e-01 7.279273e+00  
Epoch=    228,  lr= 1.000000e-03  train: 3.215240e-01 5.651171e+00  validation: 2.647065e-01 5.948113e+00  
Epoch=    229,  lr= 1.000000e-03  train: 2.547835e-01 4.473936e+00  validation: 2.570762e-01 2.773277e+00  
Epoch=    230,  lr= 1.000000e-03  train: 2.208324e-01 3.288951e+00  validation: 2.321398e-01 3.696033e+00  
Epoch=    231,  lr= 1.000000e-03  train: 2.013664e-01 4.733546e+00  validation: 2.147940e-01 4.477634e+00  
Epoch=    232,  lr= 1.000000e-03  train: 1.876874e-01 2.952489e+00  validation: 1.780719e-01 3.873987e+00  
Epoch=    233,  lr= 1.000000e-03  train: 1.789411e-01 2.987754e+00  validation: 1.610891e-01 2.628410e+00  
Epoch=    234,  lr= 1.000000e-03  train: 1.702342e-01 4.638624e+00  validation: 1.712624e-01 1.960876e+00  
Epoch=    235,  lr= 1.000000e-03  train: 1.624877e-01 3.695486e+00  validation: 1.703166e-01 1.920364e+00  
Epoch=    236,  lr= 1.000000e-03  train: 1.605183e-01 3.504561e+00  validation: 1.581381e-01 4.234906e+00  
Epoch=    237,  lr= 1.000000e-03  train: 1.560376e-01 4.981495e+00  validation: 1.683498e-01 2.454264e+00  
Epoch=    238,  lr= 1.000000e-03  train: 1.535373e-01 3.841736e+00  validation: 1.516431e-01 2.301453e+00  
Epoch=    239,  lr= 1.000000e-03  train: 1.540990e-01 4.233616e+00  validation: 1.460818e-01 1.786064e+00  
Epoch=    240,  lr= 1.000000e-03  train: 1.551892e-01 3.886802e+00  validation: 1.433404e-01 4.851375e+00  
Epoch=    241,  lr= 1.000000e-03  train: 1.508511e-01 4.148517e+00  validation: 1.459160e-01 3.330652e+00  
Epoch=    242,  lr= 1.000000e-03  train: 1.478069e-01 4.074887e+00  validation: 1.280777e-01 1.989506e+00  
Epoch=    243,  lr= 1.000000e-03  train: 1.474928e-01 4.580793e+00  validation: 1.401064e-01 1.447685e+00  
Epoch=    244,  lr= 1.000000e-03  train: 1.437798e-01 4.239101e+00  validation: 1.413866e-01 2.599561e+00  
Epoch=    245,  lr= 1.000000e-03  train: 1.397889e-01 3.834659e+00  validation: 1.373894e-01 3.414853e+00  
Epoch=    246,  lr= 1.000000e-03  train: 1.410083e-01 4.316713e+00  validation: 1.373810e-01 5.988820e+00  
Epoch=    247,  lr= 1.000000e-03  train: 1.381043e-01 3.889156e+00  validation: 1.346752e-01 3.720711e+00  
Epoch=    248,  lr= 1.000000e-03  train: 1.399734e-01 4.250033e+00  validation: 1.377199e-01 2.014771e+00  
Epoch=    249,  lr= 1.000000e-03  train: 1.349745e-01 3.979527e+00  validation: 1.479671e-01 3.455449e+00  
Epoch=    250,  lr= 1.000000e-03  train: 1.381513e-01 5.069197e+00  validation: 1.516446e-01 5.015417e+00  
Epoch=    251,  lr= 1.000000e-03  train: 1.361331e-01 5.390699e+00  validation: 1.418102e-01 5.985729e+00  
Epoch=    252,  lr= 1.000000e-03  train: 1.355366e-01 3.186230e+00  validation: 1.406278e-01 4.355509e+00  
Epoch=    253,  lr= 1.000000e-03  train: 1.331705e-01 3.677546e+00  validation: 1.408832e-01 2.907895e+00  
Epoch=    254,  lr= 1.000000e-03  train: 1.351874e-01 5.227879e+00  validation: 1.621622e-01 1.563467e+00  
Epoch=    255,  lr= 1.000000e-03  train: 1.407291e-01 4.773888e+00  validation: 1.259498e-01 4.118534e+00  
Epoch=    256,  lr= 1.000000e-03  train: 1.311602e-01 3.565464e+00  validation: 1.362519e-01 2.380313e+00  
Epoch=    257,  lr= 1.000000e-03  train: 1.400379e-01 4.435156e+00  validation: 1.443635e-01 4.042204e+00  
Epoch=    258,  lr= 1.000000e-03  train: 1.330466e-01 4.349497e+00  validation: 1.355416e-01 9.779050e+00  
Epoch=    259,  lr= 1.000000e-03  train: 1.336991e-01 4.494406e+00  validation: 1.351661e-01 2.778950e+00  
Epoch=    260,  lr= 1.000000e-03  train: 1.330550e-01 4.197320e+00  validation: 1.318858e-01 2.312021e+00  
Epoch=    261,  lr= 1.000000e-03  train: 1.311258e-01 2.585617e+00  validation: 1.250445e-01 2.338281e+00  
Epoch=    262,  lr= 1.000000e-03  train: 1.375320e-01 3.807263e+00  validation: 1.199410e-01 2.849378e+00  
Epoch=    263,  lr= 1.000000e-03  train: 1.309266e-01 4.261481e+00  validation: 1.366092e-01 5.231741e+00  
Epoch=    264,  lr= 1.000000e-03  train: 1.314274e-01 3.456121e+00  validation: 1.292238e-01 1.601823e+00  
Epoch=    265,  lr= 5.000000e-04  train: 1.236000e-01 1.255760e+00  validation: 1.256979e-01 1.305473e+00  
Epoch=    266,  lr= 5.000000e-04  train: 1.218204e-01 1.066888e+00  validation: 1.289974e-01 1.770243e+00  
Epoch=    267,  lr= 5.000000e-04  train: 1.219860e-01 1.386546e+00  validation: 1.250520e-01 1.519274e+00  
Epoch=    268,  lr= 5.000000e-04  train: 1.220144e-01 1.214532e+00  validation: 1.246981e-01 1.504409e+00  
Epoch=    269,  lr= 5.000000e-04  train: 1.219521e-01 1.195092e+00  validation: 1.211411e-01 1.189864e+00  
Epoch=    270,  lr= 5.000000e-04  train: 1.224878e-01 1.267693e+00  validation: 1.166269e-01 1.073444e+00  
Epoch=    271,  lr= 5.000000e-04  train: 1.215803e-01 1.233788e+00  validation: 1.197799e-01 1.265209e+00  
Epoch=    272,  lr= 5.000000e-04  train: 1.206613e-01 1.346101e+00  validation: 1.237903e-01 1.215016e+00  
Epoch=    273,  lr= 5.000000e-04  train: 1.211282e-01 1.670840e+00  validation: 1.189676e-01 1.804614e+00  
Epoch=    274,  lr= 5.000000e-04  train: 1.210721e-01 1.722235e+00  validation: 1.201517e-01 1.529988e+00  
Epoch=    275,  lr= 5.000000e-04  train: 1.204088e-01 1.282720e+00  validation: 1.231522e-01 1.610636e+00  
Epoch=    276,  lr= 5.000000e-04  train: 1.205748e-01 1.521292e+00  validation: 1.215824e-01 1.844237e+00  
Epoch=    277,  lr= 5.000000e-04  train: 1.205559e-01 1.658143e+00  validation: 1.229187e-01 1.921372e+00  
Epoch=    278,  lr= 5.000000e-04  train: 1.207057e-01 1.638669e+00  validation: 1.155894e-01 1.268229e+00  
Epoch=    279,  lr= 5.000000e-04  train: 1.219716e-01 1.716504e+00  validation: 1.126297e-01 2.811926e+00  
Epoch=    280,  lr= 5.000000e-04  train: 1.195080e-01 1.953657e+00  validation: 1.253014e-01 1.844465e+00  
Epoch=    281,  lr= 5.000000e-04  train: 1.203839e-01 2.319030e+00  validation: 1.225239e-01 1.555056e+00  
Epoch=    282,  lr= 5.000000e-04  train: 1.196243e-01 1.507134e+00  validation: 1.212293e-01 1.349348e+00  
Epoch=    283,  lr= 5.000000e-04  train: 1.210943e-01 2.167764e+00  validation: 1.169318e-01 1.757378e+00  
Epoch=    284,  lr= 5.000000e-04  train: 1.202704e-01 1.744066e+00  validation: 1.155915e-01 1.241825e+00  
Epoch=    285,  lr= 5.000000e-04  train: 1.201214e-01 2.228293e+00  validation: 1.226607e-01 1.960666e+00  
Epoch=    286,  lr= 5.000000e-04  train: 1.206982e-01 2.317859e+00  validation: 1.205184e-01 2.957627e+00  
Epoch=    287,  lr= 5.000000e-04  train: 1.202679e-01 2.192040e+00  validation: 1.228864e-01 4.332406e+00  
Epoch=    288,  lr= 5.000000e-04  train: 1.218010e-01 2.974023e+00  validation: 1.230807e-01 3.145948e+00  
Epoch=    289,  lr= 5.000000e-04  train: 1.196238e-01 2.724996e+00  validation: 1.185308e-01 1.319989e+00  
Epoch=    290,  lr= 5.000000e-04  train: 1.190125e-01 1.940794e+00  validation: 1.187546e-01 1.011972e+00  
Epoch=    291,  lr= 5.000000e-04  train: 1.193722e-01 2.179016e+00  validation: 1.226551e-01 1.676418e+00  
Epoch=    292,  lr= 5.000000e-04  train: 1.203038e-01 3.385545e+00  validation: 1.193549e-01 2.615858e+00  
Epoch=    293,  lr= 5.000000e-04  train: 1.195135e-01 1.965674e+00  validation: 1.206268e-01 1.467543e+00  
Epoch=    294,  lr= 5.000000e-04  train: 1.213847e-01 2.950719e+00  validation: 1.193568e-01 1.241180e+00  
Epoch=    295,  lr= 5.000000e-04  train: 1.202198e-01 2.512828e+00  validation: 1.164926e-01 1.571673e+00  
Epoch=    296,  lr= 5.000000e-04  train: 1.200500e-01 2.491549e+00  validation: 1.176947e-01 3.212498e+00  
Epoch=    297,  lr= 5.000000e-04  train: 1.200640e-01 2.586132e+00  validation: 1.199564e-01 1.042112e+00  
Epoch=    298,  lr= 5.000000e-04  train: 1.199540e-01 2.486402e+00  validation: 1.162138e-01 4.326296e+00  
Epoch=    299,  lr= 5.000000e-04  train: 1.192045e-01 2.835219e+00  validation: 1.134919e-01 1.006983e+00  
Epoch=    300,  lr= 5.000000e-04  train: 1.188796e-01 2.337634e+00  validation: 1.274554e-01 1.052469e+00  
Epoch=    301,  lr= 5.000000e-04  train: 1.182057e-01 2.115407e+00  validation: 1.294923e-01 2.886914e+00  
Epoch=    302,  lr= 5.000000e-04  train: 1.197886e-01 3.940672e+00  validation: 1.206420e-01 1.206608e+00  
Epoch=    303,  lr= 5.000000e-04  train: 1.216555e-01 2.797520e+00  validation: 1.316758e-01 2.714668e+00  
Epoch=    304,  lr= 5.000000e-04  train: 1.215001e-01 2.036165e+00  validation: 1.167852e-01 1.402790e+00  
Epoch=    305,  lr= 5.000000e-04  train: 1.205195e-01 3.163974e+00  validation: 1.160851e-01 1.842625e+00  
Epoch=    306,  lr= 5.000000e-04  train: 1.195292e-01 2.497025e+00  validation: 1.123136e-01 4.021699e+00  
Epoch=    307,  lr= 5.000000e-04  train: 1.210042e-01 2.774510e+00  validation: 1.123207e-01 1.282073e+00  
Epoch=    308,  lr= 5.000000e-04  train: 1.189286e-01 2.629621e+00  validation: 1.192236e-01 2.214799e+00  
Epoch=    309,  lr= 5.000000e-04  train: 1.194992e-01 2.463699e+00  validation: 1.217878e-01 4.533038e+00  
Epoch=    310,  lr= 5.000000e-04  train: 1.181491e-01 2.823619e+00  validation: 1.219663e-01 1.064854e+00  
Epoch=    311,  lr= 5.000000e-04  train: 1.189438e-01 2.798839e+00  validation: 1.410702e-01 1.872099e+00  
Epoch=    312,  lr= 5.000000e-04  train: 1.189286e-01 2.426064e+00  validation: 1.143705e-01 3.551366e+00  
Epoch=    313,  lr= 5.000000e-04  train: 1.179400e-01 2.789362e+00  validation: 1.191685e-01 9.042600e-01  
Epoch=    314,  lr= 5.000000e-04  train: 1.180983e-01 2.400774e+00  validation: 1.278628e-01 2.291110e+00  
Epoch=    315,  lr= 5.000000e-04  train: 1.188074e-01 2.234864e+00  validation: 1.260544e-01 1.807307e+00  
Epoch=    316,  lr= 5.000000e-04  train: 1.187981e-01 2.156036e+00  validation: 1.138470e-01 1.444799e+00  
Epoch=    317,  lr= 5.000000e-04  train: 1.234318e-01 5.203133e+00  validation: 1.211599e-01 3.669500e+00  
Epoch=    318,  lr= 5.000000e-04  train: 1.183148e-01 2.137004e+00  validation: 1.255863e-01 1.814895e+00  
Epoch=    319,  lr= 5.000000e-04  train: 1.206493e-01 2.584842e+00  validation: 1.172056e-01 1.032620e+00  
Epoch=    320,  lr= 5.000000e-04  train: 1.188473e-01 2.291241e+00  validation: 1.193252e-01 1.452253e+00  
Epoch=    321,  lr= 5.000000e-04  train: 1.170187e-01 1.762814e+00  validation: 1.149709e-01 2.065375e+00  
Epoch=    322,  lr= 5.000000e-04  train: 1.169599e-01 1.780027e+00  validation: 1.152810e-01 2.923177e+00  
Epoch=    323,  lr= 5.000000e-04  train: 1.173499e-01 2.819722e+00  validation: 1.254898e-01 1.156820e+00  
Epoch=    324,  lr= 5.000000e-04  train: 1.184195e-01 2.419711e+00  validation: 1.189302e-01 2.695486e+00  
Epoch=    325,  lr= 5.000000e-04  train: 1.157339e-01 2.499829e+00  validation: 1.226402e-01 1.067621e+00  
Epoch=    326,  lr= 5.000000e-04  train: 1.178792e-01 2.747186e+00  validation: 1.182410e-01 1.478509e+00  
Epoch=    327,  lr= 5.000000e-04  train: 1.169185e-01 2.105335e+00  validation: 1.217506e-01 1.823739e+00  
Epoch=    328,  lr= 5.000000e-04  train: 1.162102e-01 2.384010e+00  validation: 1.214084e-01 3.065831e+00  
Epoch=    329,  lr= 5.000000e-04  train: 1.153979e-01 3.266053e+00  validation: 1.239381e-01 3.292555e+00  
Epoch=    330,  lr= 5.000000e-04  train: 1.171355e-01 2.240004e+00  validation: 1.202203e-01 4.567626e+00  
Epoch=    331,  lr= 5.000000e-04  train: 1.207033e-01 2.793947e+00  validation: 1.230936e-01 9.253462e-01  
Epoch=    332,  lr= 5.000000e-04  train: 1.235528e-01 2.178731e+00  validation: 1.158485e-01 2.266539e+00  
Epoch=    333,  lr= 5.000000e-04  train: 1.162834e-01 1.789711e+00  validation: 1.079635e-01 2.053625e+00  
Epoch=    334,  lr= 5.000000e-04  train: 1.159228e-01 3.764958e+00  validation: 1.167242e-01 2.480534e+00  
Epoch=    335,  lr= 5.000000e-04  train: 1.158107e-01 3.160597e+00  validation: 1.165463e-01 1.953154e+00  
Epoch=    336,  lr= 5.000000e-04  train: 1.158009e-01 2.287949e+00  validation: 1.145570e-01 2.134520e+00  
Epoch=    337,  lr= 5.000000e-04  train: 1.159789e-01 2.298264e+00  validation: 1.157222e-01 1.822684e+00  
Epoch=    338,  lr= 5.000000e-04  train: 1.166303e-01 2.768026e+00  validation: 1.104735e-01 1.064068e+00  
Epoch=    339,  lr= 5.000000e-04  train: 1.148389e-01 2.407428e+00  validation: 1.162599e-01 9.384153e-01  
Epoch=    340,  lr= 5.000000e-04  train: 1.162721e-01 3.091392e+00  validation: 1.131532e-01 1.145161e+00  
Epoch=    341,  lr= 5.000000e-04  train: 1.147726e-01 1.729253e+00  validation: 1.221577e-01 1.058117e+00  
Epoch=    342,  lr= 5.000000e-04  train: 1.167278e-01 2.366342e+00  validation: 1.156691e-01 5.760585e+00  
Epoch=    343,  lr= 5.000000e-04  train: 1.161323e-01 2.644140e+00  validation: 1.118015e-01 1.087058e+00  
Epoch=    344,  lr= 5.000000e-04  train: 1.142897e-01 2.632497e+00  validation: 1.188523e-01 1.558189e+00  
Epoch=    345,  lr= 5.000000e-04  train: 1.155422e-01 2.819616e+00  validation: 1.151028e-01 3.350085e+00  
Epoch=    346,  lr= 5.000000e-04  train: 1.197024e-01 3.035161e+00  validation: 1.194987e-01 5.238127e+00  
Epoch=    347,  lr= 5.000000e-04  train: 1.181783e-01 3.051851e+00  validation: 1.122195e-01 1.395919e+00  
Epoch=    348,  lr= 5.000000e-04  train: 1.141582e-01 2.542480e+00  validation: 1.224441e-01 3.619215e+00  
Epoch=    349,  lr= 5.000000e-04  train: 1.160922e-01 1.844546e+00  validation: 1.075927e-01 8.858099e-01  
Epoch=    350,  lr= 5.000000e-04  train: 1.149482e-01 2.854964e+00  validation: 1.204928e-01 1.384824e+00  
Epoch=    351,  lr= 5.000000e-04  train: 1.164320e-01 2.739558e+00  validation: 1.076944e-01 1.251683e+00  
Epoch=    352,  lr= 5.000000e-04  train: 1.155525e-01 2.254454e+00  validation: 1.150829e-01 1.747757e+00  
Epoch=    353,  lr= 5.000000e-04  train: 1.142867e-01 2.330770e+00  validation: 1.109924e-01 2.253181e+00  
Epoch=    354,  lr= 5.000000e-04  train: 1.171964e-01 3.195926e+00  validation: 1.256689e-01 1.256963e+00  
Epoch=    355,  lr= 5.000000e-04  train: 1.138863e-01 1.972155e+00  validation: 1.104859e-01 2.562356e+00  
Epoch=    356,  lr= 5.000000e-04  train: 1.147806e-01 2.710476e+00  validation: 1.162086e-01 3.328115e+00  
Epoch=    357,  lr= 5.000000e-04  train: 1.144549e-01 2.697779e+00  validation: 1.102583e-01 1.500441e+00  
Epoch=    358,  lr= 5.000000e-04  train: 1.143974e-01 1.687316e+00  validation: 1.042542e-01 9.542753e-01  
Epoch=    359,  lr= 5.000000e-04  train: 1.174219e-01 3.989987e+00  validation: 1.097566e-01 1.450219e+00  
Epoch=    360,  lr= 5.000000e-04  train: 1.172579e-01 2.031864e+00  validation: 1.115358e-01 1.309052e+00  
Epoch=    361,  lr= 5.000000e-04  train: 1.131846e-01 2.420374e+00  validation: 1.188479e-01 1.369757e+00  
Epoch=    362,  lr= 5.000000e-04  train: 1.147534e-01 2.282051e+00  validation: 1.332198e-01 2.450494e+00  
Epoch=    363,  lr= 5.000000e-04  train: 1.146943e-01 2.341319e+00  validation: 1.122977e-01 9.238973e-01  
Epoch=    364,  lr= 5.000000e-04  train: 1.137122e-01 3.586219e+00  validation: 1.178434e-01 1.414665e+00  
Epoch=    365,  lr= 5.000000e-04  train: 1.146876e-01 2.970881e+00  validation: 1.054286e-01 2.612097e+00  
Epoch=    366,  lr= 5.000000e-04  train: 1.139331e-01 2.158100e+00  validation: 1.125114e-01 1.693726e+00  
Epoch=    367,  lr= 5.000000e-04  train: 1.147943e-01 2.445825e+00  validation: 1.081054e-01 2.703295e+00  
Epoch=    368,  lr= 5.000000e-04  train: 1.176742e-01 3.445899e+00  validation: 1.029732e-01 1.231664e+00  
Epoch=    369,  lr= 5.000000e-04  train: 1.127721e-01 1.789162e+00  validation: 1.085016e-01 1.416940e+00  
Epoch=    370,  lr= 5.000000e-04  train: 1.135877e-01 2.454489e+00  validation: 1.092338e-01 1.700987e+00  
Epoch=    371,  lr= 5.000000e-04  train: 1.138897e-01 2.375052e+00  validation: 1.066737e-01 2.634898e+00  
Epoch=    372,  lr= 5.000000e-04  train: 1.156740e-01 2.900267e+00  validation: 1.182884e-01 1.520428e+00  
Epoch=    373,  lr= 5.000000e-04  train: 1.128082e-01 2.095178e+00  validation: 1.130183e-01 2.405491e+00  
Epoch=    374,  lr= 5.000000e-04  train: 1.179804e-01 3.226377e+00  validation: 1.135857e-01 1.256218e+00  
Epoch=    375,  lr= 5.000000e-04  train: 1.131773e-01 1.943972e+00  validation: 1.060551e-01 2.746361e+00  
Epoch=    376,  lr= 5.000000e-04  train: 1.121815e-01 3.008570e+00  validation: 1.124149e-01 9.595165e-01  
Epoch=    377,  lr= 5.000000e-04  train: 1.148605e-01 2.596562e+00  validation: 1.127986e-01 3.117177e+00  
Epoch=    378,  lr= 5.000000e-04  train: 1.140188e-01 2.850693e+00  validation: 1.177258e-01 4.746321e+00  
Epoch=    379,  lr= 5.000000e-04  train: 1.138587e-01 2.155120e+00  validation: 1.069234e-01 1.314670e+00  
Epoch=    380,  lr= 5.000000e-04  train: 1.138801e-01 1.835488e+00  validation: 1.093374e-01 2.618179e+00  
Epoch=    381,  lr= 5.000000e-04  train: 1.136367e-01 3.593220e+00  validation: 1.182121e-01 1.426921e+00  
Epoch=    382,  lr= 5.000000e-04  train: 1.127768e-01 2.081963e+00  validation: 1.158017e-01 1.458200e+00  
Epoch=    383,  lr= 5.000000e-04  train: 1.123843e-01 2.620821e+00  validation: 1.161061e-01 3.219635e+00  
Epoch=    384,  lr= 5.000000e-04  train: 1.137090e-01 2.105129e+00  validation: 1.211565e-01 3.871892e+00  
Epoch=    385,  lr= 5.000000e-04  train: 1.154041e-01 3.184594e+00  validation: 1.107460e-01 1.595672e+00  
Epoch=    386,  lr= 5.000000e-04  train: 1.135010e-01 2.315839e+00  validation: 1.111825e-01 1.678940e+00  
Epoch=    387,  lr= 5.000000e-04  train: 1.129821e-01 2.463449e+00  validation: 1.139323e-01 2.380689e+00  
Epoch=    388,  lr= 5.000000e-04  train: 1.108947e-01 1.903471e+00  validation: 1.129859e-01 9.944214e-01  
Epoch=    389,  lr= 5.000000e-04  train: 1.129539e-01 2.663400e+00  validation: 1.091677e-01 5.228254e+00  
Epoch=    390,  lr= 5.000000e-04  train: 1.162483e-01 2.971367e+00  validation: 1.135818e-01 1.060856e+00  
Epoch=    391,  lr= 5.000000e-04  train: 1.107106e-01 2.629173e+00  validation: 1.169306e-01 3.237161e+00  
Epoch=    392,  lr= 5.000000e-04  train: 1.145375e-01 3.570537e+00  validation: 1.304643e-01 6.074351e+00  
Epoch=    393,  lr= 5.000000e-04  train: 1.128804e-01 2.688292e+00  validation: 1.097659e-01 1.386669e+00  
Epoch=    394,  lr= 5.000000e-04  train: 1.141321e-01 1.758400e+00  validation: 1.090497e-01 8.552317e-01  
Epoch=    395,  lr= 5.000000e-04  train: 1.117574e-01 2.062448e+00  validation: 1.093255e-01 1.419484e+00  
Epoch=    396,  lr= 5.000000e-04  train: 1.136723e-01 2.505557e+00  validation: 1.140008e-01 1.263689e+00  
Epoch=    397,  lr= 5.000000e-04  train: 1.127144e-01 2.591371e+00  validation: 1.029111e-01 2.212734e+00  
Epoch=    398,  lr= 5.000000e-04  train: 1.146380e-01 3.248748e+00  validation: 1.151345e-01 1.850527e+00  
Epoch=    399,  lr= 5.000000e-04  train: 1.131802e-01 2.607721e+00  validation: 1.128647e-01 1.796403e+00  
Epoch=    400,  lr= 5.000000e-04  train: 1.132938e-01 2.626725e+00  validation: 1.226624e-01 3.918362e+00  
Epoch=    401,  lr= 5.000000e-04  train: 1.116338e-01 2.026981e+00  validation: 1.146199e-01 8.298145e-01  
Epoch=    402,  lr= 5.000000e-04  train: 1.109609e-01 1.892493e+00  validation: 1.115785e-01 1.080664e+00  
Epoch=    403,  lr= 5.000000e-04  train: 1.105202e-01 2.872065e+00  validation: 1.173831e-01 1.076847e+00  
Epoch=    404,  lr= 5.000000e-04  train: 1.123799e-01 2.120630e+00  validation: 1.040752e-01 2.379265e+00  
Epoch=    405,  lr= 5.000000e-04  train: 1.127541e-01 2.671993e+00  validation: 1.027285e-01 2.898906e+00  
Epoch=    406,  lr= 5.000000e-04  train: 1.118578e-01 2.725737e+00  validation: 1.144544e-01 5.140446e+00  
Epoch=    407,  lr= 5.000000e-04  train: 1.132515e-01 1.764877e+00  validation: 1.040745e-01 1.058599e+00  
Epoch=    408,  lr= 5.000000e-04  train: 1.095682e-01 2.117871e+00  validation: 1.183640e-01 2.475441e+00  
Epoch=    409,  lr= 5.000000e-04  train: 1.106731e-01 2.568541e+00  validation: 1.172384e-01 2.593675e+00  
Epoch=    410,  lr= 5.000000e-04  train: 1.087963e-01 2.479307e+00  validation: 1.146940e-01 1.309995e+00  
Epoch=    411,  lr= 5.000000e-04  train: 1.138722e-01 2.431772e+00  validation: 1.120663e-01 1.913013e+00  
Epoch=    412,  lr= 5.000000e-04  train: 1.103172e-01 2.622879e+00  validation: 1.110733e-01 1.624837e+00  
Epoch=    413,  lr= 5.000000e-04  train: 1.111255e-01 2.875529e+00  validation: 1.127433e-01 1.879122e+00  
Epoch=    414,  lr= 5.000000e-04  train: 1.159234e-01 2.399043e+00  validation: 1.212092e-01 3.605978e+00  
Epoch=    415,  lr= 5.000000e-04  train: 1.130932e-01 2.283950e+00  validation: 1.090525e-01 2.608564e+00  
Epoch=    416,  lr= 5.000000e-04  train: 1.128408e-01 2.497380e+00  validation: 1.134133e-01 2.821584e+00  
Epoch=    417,  lr= 5.000000e-04  train: 1.095176e-01 2.573256e+00  validation: 1.076318e-01 1.082874e+00  
Epoch=    418,  lr= 5.000000e-04  train: 1.115174e-01 2.784160e+00  validation: 1.103781e-01 3.954132e+00  
Epoch=    419,  lr= 5.000000e-04  train: 1.101721e-01 2.587331e+00  validation: 1.114017e-01 2.475907e+00  
Epoch=    420,  lr= 5.000000e-04  train: 1.097817e-01 2.001359e+00  validation: 1.111800e-01 3.985265e+00  
Epoch=    421,  lr= 5.000000e-04  train: 1.110122e-01 3.086339e+00  validation: 1.237405e-01 1.188689e+00  
Epoch=    422,  lr= 5.000000e-04  train: 1.123733e-01 2.219181e+00  validation: 1.154063e-01 5.788820e+00  
Epoch=    423,  lr= 5.000000e-04  train: 1.108121e-01 2.434255e+00  validation: 1.030456e-01 3.853078e+00  
Epoch=    424,  lr= 5.000000e-04  train: 1.152124e-01 3.717054e+00  validation: 1.141347e-01 1.962677e+00  
Epoch=    425,  lr= 5.000000e-04  train: 1.094309e-01 1.474527e+00  validation: 1.069045e-01 1.729365e+00  
Epoch=    426,  lr= 5.000000e-04  train: 1.101621e-01 2.147018e+00  validation: 1.084713e-01 2.237239e+00  
Epoch=    427,  lr= 5.000000e-04  train: 1.126262e-01 2.208343e+00  validation: 1.171627e-01 1.548075e+00  
Epoch=    428,  lr= 5.000000e-04  train: 1.102485e-01 1.802319e+00  validation: 1.102583e-01 1.545410e+00  
Epoch=    429,  lr= 5.000000e-04  train: 1.112034e-01 2.590221e+00  validation: 1.073786e-01 8.482102e-01  
Epoch=    430,  lr= 2.500000e-04  train: 1.064268e-01 1.047585e+00  validation: 1.041727e-01 7.923254e-01  
Epoch=    431,  lr= 2.500000e-04  train: 1.056487e-01 9.109161e-01  validation: 1.066574e-01 9.458306e-01  
Epoch=    432,  lr= 2.500000e-04  train: 1.060281e-01 1.014566e+00  validation: 1.020201e-01 1.005777e+00  
Epoch=    433,  lr= 2.500000e-04  train: 1.057190e-01 9.440823e-01  validation: 1.035029e-01 6.714926e-01  
Epoch=    434,  lr= 2.500000e-04  train: 1.056437e-01 9.549994e-01  validation: 1.054825e-01 9.572288e-01  
Epoch=    435,  lr= 2.500000e-04  train: 1.051227e-01 9.350640e-01  validation: 1.086950e-01 8.301709e-01  
Epoch=    436,  lr= 2.500000e-04  train: 1.063924e-01 9.317333e-01  validation: 9.830821e-02 1.008601e+00  
Epoch=    437,  lr= 2.500000e-04  train: 1.053619e-01 1.049537e+00  validation: 1.070506e-01 1.506215e+00  
Epoch=    438,  lr= 2.500000e-04  train: 1.053708e-01 1.074525e+00  validation: 1.066033e-01 7.431171e-01  
Epoch=    439,  lr= 2.500000e-04  train: 1.054538e-01 9.788793e-01  validation: 1.050399e-01 1.344382e+00  
Epoch=    440,  lr= 2.500000e-04  train: 1.052152e-01 1.086160e+00  validation: 1.081413e-01 9.054736e-01  
Epoch=    441,  lr= 2.500000e-04  train: 1.061033e-01 1.042981e+00  validation: 1.023729e-01 1.008951e+00  
Epoch=    442,  lr= 2.500000e-04  train: 1.056533e-01 1.339801e+00  validation: 1.041808e-01 1.085903e+00  
Epoch=    443,  lr= 2.500000e-04  train: 1.054344e-01 1.233867e+00  validation: 1.077519e-01 1.975245e+00  
Epoch=    444,  lr= 2.500000e-04  train: 1.053441e-01 1.092148e+00  validation: 1.051256e-01 8.600811e-01  
Epoch=    445,  lr= 2.500000e-04  train: 1.054473e-01 1.110971e+00  validation: 1.026066e-01 1.129081e+00  
Epoch=    446,  lr= 2.500000e-04  train: 1.057490e-01 1.436372e+00  validation: 9.805006e-02 1.481135e+00  
Epoch=    447,  lr= 2.500000e-04  train: 1.054261e-01 1.321851e+00  validation: 1.039066e-01 1.394557e+00  
Epoch=    448,  lr= 2.500000e-04  train: 1.057589e-01 1.263156e+00  validation: 1.012887e-01 7.735838e-01  
Epoch=    449,  lr= 2.500000e-04  train: 1.057686e-01 1.323711e+00  validation: 1.026071e-01 1.634427e+00  
Epoch=    450,  lr= 2.500000e-04  train: 1.066296e-01 1.791452e+00  validation: 1.022212e-01 1.101841e+00  
Epoch=    451,  lr= 2.500000e-04  train: 1.057891e-01 1.114882e+00  validation: 1.042761e-01 9.119460e-01  
Epoch=    452,  lr= 2.500000e-04  train: 1.055259e-01 1.459800e+00  validation: 1.033126e-01 7.569703e-01  
Epoch=    453,  lr= 2.500000e-04  train: 1.048940e-01 1.328733e+00  validation: 1.107750e-01 8.062724e-01  
Epoch=    454,  lr= 2.500000e-04  train: 1.058333e-01 1.530224e+00  validation: 1.071829e-01 1.211082e+00  
Epoch=    455,  lr= 2.500000e-04  train: 1.053578e-01 1.637725e+00  validation: 1.051406e-01 2.715213e+00  
Epoch=    456,  lr= 2.500000e-04  train: 1.053066e-01 1.856085e+00  validation: 1.153462e-01 5.953662e+00  
Epoch=    457,  lr= 2.500000e-04  train: 1.057606e-01 1.836705e+00  validation: 1.048184e-01 1.197466e+00  
Epoch=    458,  lr= 2.500000e-04  train: 1.053604e-01 1.395659e+00  validation: 1.032751e-01 7.534730e-01  
Epoch=    459,  lr= 2.500000e-04  train: 1.057327e-01 2.251561e+00  validation: 1.033528e-01 2.040745e+00  
Epoch=    460,  lr= 2.500000e-04  train: 1.058205e-01 1.447553e+00  validation: 1.016542e-01 9.976515e-01  
Epoch=    461,  lr= 2.500000e-04  train: 1.047839e-01 1.698475e+00  validation: 1.128439e-01 2.277950e+00  
Epoch=    462,  lr= 2.500000e-04  train: 1.053746e-01 1.826373e+00  validation: 1.123856e-01 7.954186e-01  
Epoch=    463,  lr= 2.500000e-04  train: 1.052158e-01 1.892899e+00  validation: 1.053786e-01 8.713847e-01  
Epoch=    464,  lr= 2.500000e-04  train: 1.055133e-01 1.728127e+00  validation: 9.809330e-02 7.277414e-01  
Epoch=    465,  lr= 2.500000e-04  train: 1.050746e-01 1.601300e+00  validation: 1.027238e-01 7.672815e-01  
Epoch=    466,  lr= 2.500000e-04  train: 1.054633e-01 1.636456e+00  validation: 1.084528e-01 1.250143e+00  
Epoch=    467,  lr= 2.500000e-04  train: 1.065407e-01 1.558406e+00  validation: 1.003044e-01 1.269485e+00  
Epoch=    468,  lr= 2.500000e-04  train: 1.055938e-01 1.662750e+00  validation: 1.053545e-01 4.510387e+00  
Epoch=    469,  lr= 2.500000e-04  train: 1.045508e-01 1.537240e+00  validation: 1.100736e-01 2.169830e+00  
Epoch=    470,  lr= 2.500000e-04  train: 1.041975e-01 1.419507e+00  validation: 1.084867e-01 2.824525e+00  
Epoch=    471,  lr= 2.500000e-04  train: 1.060997e-01 3.083453e+00  validation: 1.077036e-01 1.972314e+00  
Epoch=    472,  lr= 2.500000e-04  train: 1.034931e-01 1.345459e+00  validation: 1.145190e-01 8.365419e-01  
Epoch=    473,  lr= 2.500000e-04  train: 1.056263e-01 1.710663e+00  validation: 9.819001e-02 1.028039e+00  
Epoch=    474,  lr= 2.500000e-04  train: 1.044694e-01 1.313233e+00  validation: 1.068679e-01 1.040955e+00  
Epoch=    475,  lr= 2.500000e-04  train: 1.045863e-01 1.920772e+00  validation: 1.084918e-01 9.323087e-01  
Epoch=    476,  lr= 2.500000e-04  train: 1.047955e-01 2.090823e+00  validation: 1.029394e-01 2.400944e+00  
Epoch=    477,  lr= 2.500000e-04  train: 1.042608e-01 1.994575e+00  validation: 1.073212e-01 1.095745e+00  
Epoch=    478,  lr= 2.500000e-04  train: 1.071576e-01 1.585516e+00  validation: 1.071181e-01 1.059218e+00  
Epoch=    479,  lr= 2.500000e-04  train: 1.043201e-01 1.517314e+00  validation: 1.058173e-01 2.838720e+00  
Epoch=    480,  lr= 2.500000e-04  train: 1.043340e-01 1.404781e+00  validation: 1.040500e-01 9.249730e-01  
Epoch=    481,  lr= 2.500000e-04  train: 1.046130e-01 1.494788e+00  validation: 1.052299e-01 3.968171e+00  
Epoch=    482,  lr= 2.500000e-04  train: 1.050411e-01 2.341392e+00  validation: 1.003867e-01 1.026751e+00  
Epoch=    483,  lr= 2.500000e-04  train: 1.047890e-01 1.440533e+00  validation: 1.078044e-01 1.558617e+00  
Epoch=    484,  lr= 2.500000e-04  train: 1.057314e-01 1.478590e+00  validation: 9.622159e-02 1.675808e+00  
Epoch=    485,  lr= 2.500000e-04  train: 1.057680e-01 1.815635e+00  validation: 1.098083e-01 1.515390e+00  
Epoch=    486,  lr= 2.500000e-04  train: 1.042937e-01 1.502020e+00  validation: 1.103277e-01 8.222310e-01  
Epoch=    487,  lr= 2.500000e-04  train: 1.044708e-01 1.373571e+00  validation: 1.041705e-01 1.025276e+00  
Epoch=    488,  lr= 2.500000e-04  train: 1.038213e-01 1.702760e+00  validation: 1.069710e-01 8.856649e-01  
Epoch=    489,  lr= 2.500000e-04  train: 1.041429e-01 1.610182e+00  validation: 1.034628e-01 1.333454e+00  
Epoch=    490,  lr= 2.500000e-04  train: 1.051788e-01 2.005845e+00  validation: 1.035850e-01 4.774110e+00  
Epoch=    491,  lr= 2.500000e-04  train: 1.046629e-01 1.712195e+00  validation: 9.920342e-02 1.300027e+00  
Epoch=    492,  lr= 2.500000e-04  train: 1.037922e-01 1.385483e+00  validation: 1.027249e-01 7.598490e-01  
Epoch=    493,  lr= 2.500000e-04  train: 1.039984e-01 2.338289e+00  validation: 1.049784e-01 1.795924e+00  
Epoch=    494,  lr= 2.500000e-04  train: 1.054095e-01 2.135463e+00  validation: 9.505173e-02 2.407194e+00  
Epoch=    495,  lr= 2.500000e-04  train: 1.037522e-01 1.446657e+00  validation: 1.089542e-01 3.387563e+00  
Epoch=    496,  lr= 2.500000e-04  train: 1.038389e-01 1.779030e+00  validation: 1.073864e-01 3.273677e+00  
Epoch=    497,  lr= 2.500000e-04  train: 1.039259e-01 1.870774e+00  validation: 1.112197e-01 3.055460e+00  
Epoch=    498,  lr= 2.500000e-04  train: 1.050988e-01 1.527783e+00  validation: 9.737106e-02 1.014425e+00  
Epoch=    499,  lr= 2.500000e-04  train: 1.043321e-01 1.567849e+00  validation: 1.012078e-01 1.950934e+00  
Epoch=    500,  lr= 2.500000e-04  train: 1.030684e-01 1.662691e+00  validation: 1.091355e-01 1.055553e+00  
Epoch=    501,  lr= 2.500000e-04  train: 1.041702e-01 1.632650e+00  validation: 9.836887e-02 1.097899e+00  
Epoch=    502,  lr= 2.500000e-04  train: 1.034060e-01 1.244934e+00  validation: 1.016286e-01 6.812930e-01  
Epoch=    503,  lr= 2.500000e-04  train: 1.036752e-01 1.758534e+00  validation: 1.056075e-01 9.227208e-01  
Epoch=    504,  lr= 2.500000e-04  train: 1.043155e-01 1.421098e+00  validation: 1.016836e-01 1.097658e+00  
Epoch=    505,  lr= 2.500000e-04  train: 1.037790e-01 1.585689e+00  validation: 1.012371e-01 9.621060e-01  
Epoch=    506,  lr= 2.500000e-04  train: 1.043989e-01 1.649625e+00  validation: 1.087137e-01 9.483688e-01  
Epoch=    507,  lr= 2.500000e-04  train: 1.051583e-01 2.214959e+00  validation: 9.982351e-02 2.306401e+00  
Epoch=    508,  lr= 2.500000e-04  train: 1.044619e-01 1.915766e+00  validation: 1.016637e-01 9.235176e-01  
Epoch=    509,  lr= 2.500000e-04  train: 1.030362e-01 1.769327e+00  validation: 1.113744e-01 1.696709e+00  
Epoch=    510,  lr= 2.500000e-04  train: 1.042871e-01 2.043751e+00  validation: 9.951758e-02 7.829927e-01  
Epoch=    511,  lr= 2.500000e-04  train: 1.042268e-01 1.583476e+00  validation: 9.295850e-02 3.060308e+00  
Epoch=    512,  lr= 2.500000e-04  train: 1.034903e-01 1.696118e+00  validation: 1.084352e-01 2.557861e+00  
Epoch=    513,  lr= 2.500000e-04  train: 1.020962e-01 1.748650e+00  validation: 1.110321e-01 1.715761e+00  
Epoch=    514,  lr= 2.500000e-04  train: 1.026250e-01 1.692264e+00  validation: 1.081994e-01 1.048382e+00  
Epoch=    515,  lr= 2.500000e-04  train: 1.032789e-01 1.603188e+00  validation: 1.065644e-01 7.864588e-01  
Epoch=    516,  lr= 2.500000e-04  train: 1.041943e-01 1.742840e+00  validation: 1.016224e-01 1.790657e+00  
Epoch=    517,  lr= 2.500000e-04  train: 1.033513e-01 1.443343e+00  validation: 9.798121e-02 1.345532e+00  
Epoch=    518,  lr= 2.500000e-04  train: 1.039810e-01 2.387900e+00  validation: 1.042666e-01 1.710889e+00  
Epoch=    519,  lr= 2.500000e-04  train: 1.038162e-01 1.488662e+00  validation: 9.701471e-02 7.029274e-01  
Epoch=    520,  lr= 2.500000e-04  train: 1.032439e-01 1.186219e+00  validation: 1.060369e-01 8.024165e-01  
Epoch=    521,  lr= 2.500000e-04  train: 1.030564e-01 1.495280e+00  validation: 1.006258e-01 1.945893e+00  
Epoch=    522,  lr= 2.500000e-04  train: 1.033237e-01 1.806594e+00  validation: 1.096302e-01 1.010325e+00  
Epoch=    523,  lr= 2.500000e-04  train: 1.030232e-01 2.471969e+00  validation: 1.068909e-01 1.268487e+00  
Epoch=    524,  lr= 2.500000e-04  train: 1.038624e-01 1.652686e+00  validation: 1.004139e-01 9.925620e-01  
Epoch=    525,  lr= 2.500000e-04  train: 1.028620e-01 1.365653e+00  validation: 1.018449e-01 2.220346e+00  
Epoch=    526,  lr= 2.500000e-04  train: 1.047865e-01 1.574080e+00  validation: 9.330048e-02 1.131565e+00  
Epoch=    527,  lr= 2.500000e-04  train: 1.037113e-01 1.845039e+00  validation: 1.021224e-01 2.338130e+00  
Epoch=    528,  lr= 2.500000e-04  train: 1.033458e-01 1.885687e+00  validation: 9.769693e-02 9.208751e-01  
Epoch=    529,  lr= 2.500000e-04  train: 1.028994e-01 1.474095e+00  validation: 9.978662e-02 1.077217e+00  
Epoch=    530,  lr= 2.500000e-04  train: 1.024357e-01 1.430458e+00  validation: 9.970265e-02 2.613033e+00  
Epoch=    531,  lr= 2.500000e-04  train: 1.030408e-01 1.839285e+00  validation: 1.028092e-01 1.216775e+00  
Epoch=    532,  lr= 2.500000e-04  train: 1.028758e-01 1.715738e+00  validation: 1.026498e-01 9.864960e-01  
Epoch=    533,  lr= 2.500000e-04  train: 1.026920e-01 1.363484e+00  validation: 1.047653e-01 1.987301e+00  
Epoch=    534,  lr= 2.500000e-04  train: 1.031672e-01 1.628082e+00  validation: 1.041002e-01 1.027249e+00  
Epoch=    535,  lr= 2.500000e-04  train: 1.019610e-01 1.707509e+00  validation: 1.053824e-01 8.173367e-01  
Epoch=    536,  lr= 2.500000e-04  train: 1.027075e-01 1.788417e+00  validation: 1.045329e-01 1.214940e+00  
Epoch=    537,  lr= 2.500000e-04  train: 1.034148e-01 1.838230e+00  validation: 1.019929e-01 9.917284e-01  
Epoch=    538,  lr= 2.500000e-04  train: 1.015699e-01 1.604833e+00  validation: 1.109269e-01 1.272701e+00  
Epoch=    539,  lr= 2.500000e-04  train: 1.028931e-01 1.918801e+00  validation: 1.099395e-01 2.014219e+00  
Epoch=    540,  lr= 2.500000e-04  train: 1.036918e-01 1.850482e+00  validation: 1.063606e-01 3.047492e+00  
Epoch=    541,  lr= 2.500000e-04  train: 1.020396e-01 1.605118e+00  validation: 1.010382e-01 2.496979e+00  
Epoch=    542,  lr= 2.500000e-04  train: 1.012122e-01 1.762510e+00  validation: 1.086237e-01 9.354610e-01  
Epoch=    543,  lr= 2.500000e-04  train: 1.017634e-01 1.471350e+00  validation: 1.019142e-01 1.804379e+00  
Epoch=    544,  lr= 2.500000e-04  train: 1.017460e-01 1.514699e+00  validation: 1.036406e-01 1.123524e+00  
Epoch=    545,  lr= 2.500000e-04  train: 1.025704e-01 1.432139e+00  validation: 1.026487e-01 2.389941e+00  
Epoch=    546,  lr= 2.500000e-04  train: 1.020782e-01 1.918886e+00  validation: 1.069654e-01 1.973348e+00  
Epoch=    547,  lr= 2.500000e-04  train: 1.019847e-01 1.364922e+00  validation: 1.049523e-01 7.802585e-01  
Epoch=    548,  lr= 2.500000e-04  train: 1.022010e-01 1.427183e+00  validation: 1.048958e-01 1.474590e+00  
Epoch=    549,  lr= 2.500000e-04  train: 1.026775e-01 1.182446e+00  validation: 9.621297e-02 6.913095e-01  
Epoch=    550,  lr= 2.500000e-04  train: 1.022728e-01 1.530585e+00  validation: 9.946278e-02 5.812500e-01  
Epoch=    551,  lr= 2.500000e-04  train: 1.020268e-01 1.821089e+00  validation: 1.070911e-01 2.160611e+00  
Epoch=    552,  lr= 2.500000e-04  train: 1.032301e-01 1.856415e+00  validation: 9.665700e-02 2.018092e+00  
Epoch=    553,  lr= 2.500000e-04  train: 1.008984e-01 1.963268e+00  validation: 1.120035e-01 2.818093e+00  
Epoch=    554,  lr= 2.500000e-04  train: 1.029420e-01 1.544262e+00  validation: 9.363572e-02 6.285962e-01  
Epoch=    555,  lr= 2.500000e-04  train: 1.020184e-01 1.996163e+00  validation: 1.005608e-01 9.334284e-01  
Epoch=    556,  lr= 2.500000e-04  train: 1.006124e-01 1.264205e+00  validation: 1.062149e-01 1.033707e+00  
Epoch=    557,  lr= 2.500000e-04  train: 1.026480e-01 1.526161e+00  validation: 1.103227e-01 9.401658e-01  
Epoch=    558,  lr= 2.500000e-04  train: 1.020328e-01 1.637040e+00  validation: 9.746081e-02 9.386098e-01  
Epoch=    559,  lr= 2.500000e-04  train: 1.026098e-01 1.267166e+00  validation: 9.918419e-02 9.430447e-01  
Epoch=    560,  lr= 2.500000e-04  train: 1.019989e-01 1.860710e+00  validation: 1.008671e-01 9.879156e-01  
Epoch=    561,  lr= 2.500000e-04  train: 1.012553e-01 1.649780e+00  validation: 1.085560e-01 2.367749e+00  
Epoch=    562,  lr= 2.500000e-04  train: 1.018939e-01 2.109393e+00  validation: 1.102347e-01 9.791127e-01  
Epoch=    563,  lr= 2.500000e-04  train: 1.003013e-01 1.127484e+00  validation: 1.137955e-01 9.235440e-01  
Epoch=    564,  lr= 2.500000e-04  train: 1.019722e-01 1.593675e+00  validation: 1.009650e-01 1.222429e+00  
Epoch=    565,  lr= 2.500000e-04  train: 1.019556e-01 1.999897e+00  validation: 1.025486e-01 2.162963e+00  
Epoch=    566,  lr= 2.500000e-04  train: 1.008015e-01 1.523747e+00  validation: 1.055818e-01 1.580962e+00  
Epoch=    567,  lr= 2.500000e-04  train: 1.029972e-01 1.756702e+00  validation: 1.014289e-01 8.191930e-01  
Epoch=    568,  lr= 2.500000e-04  train: 1.009691e-01 1.348222e+00  validation: 1.007905e-01 1.916298e+00  
Epoch=    569,  lr= 2.500000e-04  train: 9.980970e-02 1.222542e+00  validation: 1.105309e-01 1.156385e+00  
Epoch=    570,  lr= 2.500000e-04  train: 1.025187e-01 2.061973e+00  validation: 1.009228e-01 9.981295e-01  
Epoch=    571,  lr= 2.500000e-04  train: 1.019530e-01 1.421487e+00  validation: 9.689648e-02 2.553699e+00  
Epoch=    572,  lr= 2.500000e-04  train: 1.011227e-01 1.779898e+00  validation: 9.871268e-02 1.651119e+00  
Epoch=    573,  lr= 2.500000e-04  train: 1.012797e-01 1.486902e+00  validation: 1.037755e-01 7.351301e-01  
Epoch=    574,  lr= 2.500000e-04  train: 1.019820e-01 2.219161e+00  validation: 1.017714e-01 2.432657e+00  
Epoch=    575,  lr= 2.500000e-04  train: 1.007421e-01 1.360354e+00  validation: 1.038781e-01 1.471262e+00  
Epoch=    576,  lr= 2.500000e-04  train: 1.013778e-01 2.103738e+00  validation: 1.052147e-01 1.657102e+00  
Epoch=    577,  lr= 2.500000e-04  train: 1.003652e-01 1.649291e+00  validation: 1.023908e-01 1.385787e+00  
Epoch=    578,  lr= 2.500000e-04  train: 1.018763e-01 1.431337e+00  validation: 1.072852e-01 1.715343e+00  
Epoch=    579,  lr= 2.500000e-04  train: 1.004484e-01 1.563745e+00  validation: 1.087333e-01 1.197070e+00  
Epoch=    580,  lr= 2.500000e-04  train: 1.022682e-01 2.389172e+00  validation: 9.676546e-02 1.482432e+00  
Epoch=    581,  lr= 2.500000e-04  train: 1.017783e-01 1.500818e+00  validation: 9.757949e-02 7.106302e-01  
Epoch=    582,  lr= 2.500000e-04  train: 1.008956e-01 1.595604e+00  validation: 1.011185e-01 7.585180e-01  
Epoch=    583,  lr= 2.500000e-04  train: 1.005818e-01 1.448352e+00  validation: 1.014285e-01 3.045603e+00  
Epoch=    584,  lr= 2.500000e-04  train: 1.019539e-01 1.642407e+00  validation: 1.080001e-01 2.318389e+00  
Epoch=    585,  lr= 2.500000e-04  train: 1.013538e-01 1.591289e+00  validation: 1.007677e-01 2.910629e+00  
Epoch=    586,  lr= 2.500000e-04  train: 1.002317e-01 1.603417e+00  validation: 1.024519e-01 8.234073e-01  
Epoch=    587,  lr= 2.500000e-04  train: 1.010127e-01 1.804902e+00  validation: 1.023127e-01 1.084490e+00  
Epoch=    588,  lr= 2.500000e-04  train: 1.003078e-01 1.330557e+00  validation: 1.015510e-01 9.785811e-01  
Epoch=    589,  lr= 2.500000e-04  train: 1.001875e-01 1.528832e+00  validation: 1.056589e-01 1.061331e+00  
Epoch=    590,  lr= 2.500000e-04  train: 1.022671e-01 2.011375e+00  validation: 9.456788e-02 1.238809e+00  
Epoch=    591,  lr= 2.500000e-04  train: 1.003802e-01 1.435130e+00  validation: 9.794416e-02 9.107863e-01  
Epoch=    592,  lr= 2.500000e-04  train: 1.002979e-01 1.366779e+00  validation: 1.006062e-01 9.609877e-01  
Epoch=    593,  lr= 2.500000e-04  train: 1.011075e-01 1.340752e+00  validation: 9.467317e-02 6.670615e-01  
Epoch=    594,  lr= 2.500000e-04  train: 1.005917e-01 1.738411e+00  validation: 9.935329e-02 9.486952e-01  
Epoch=    595,  lr= 2.500000e-04  train: 1.003921e-01 2.139090e+00  validation: 1.018772e-01 1.464710e+00  
Epoch=    596,  lr= 2.500000e-04  train: 1.021362e-01 1.945026e+00  validation: 9.633368e-02 1.614547e+00  
Epoch=    597,  lr= 2.500000e-04  train: 1.003848e-01 1.850185e+00  validation: 1.087202e-01 1.248918e+00  
Epoch=    598,  lr= 2.500000e-04  train: 1.012207e-01 1.289622e+00  validation: 9.557553e-02 6.569849e-01  
Epoch=    599,  lr= 2.500000e-04  train: 1.002283e-01 1.390135e+00  validation: 1.012424e-01 2.694978e+00  
Epoch=    600,  lr= 2.500000e-04  train: 1.000667e-01 1.507361e+00  validation: 1.007271e-01 1.292947e+00  
Epoch=    601,  lr= 2.500000e-04  train: 1.012964e-01 2.098271e+00  validation: 9.686857e-02 2.569407e+00  
Epoch=    602,  lr= 2.500000e-04  train: 1.009628e-01 1.669832e+00  validation: 9.486695e-02 2.524378e+00  
Epoch=    603,  lr= 2.500000e-04  train: 1.006165e-01 2.648962e+00  validation: 1.087405e-01 1.417988e+00  
Epoch=    604,  lr= 2.500000e-04  train: 9.964956e-02 1.435150e+00  validation: 1.042641e-01 1.176631e+00  
Epoch=    605,  lr= 2.500000e-04  train: 1.000890e-01 1.382342e+00  validation: 1.053350e-01 1.607058e+00  
Epoch=    606,  lr= 2.500000e-04  train: 1.008590e-01 1.578899e+00  validation: 9.946225e-02 1.006816e+00  
Epoch=    607,  lr= 2.500000e-04  train: 9.991898e-02 1.552452e+00  validation: 9.843468e-02 3.023223e+00  
Epoch=    608,  lr= 2.500000e-04  train: 1.005072e-01 1.841368e+00  validation: 9.628257e-02 1.268512e+00  
Epoch=    609,  lr= 2.500000e-04  train: 9.912151e-02 1.808316e+00  validation: 1.122459e-01 4.193711e+00  
Epoch=    610,  lr= 2.500000e-04  train: 1.017270e-01 1.808791e+00  validation: 9.254486e-02 8.234768e-01  
Epoch=    611,  lr= 2.500000e-04  train: 1.011878e-01 1.609141e+00  validation: 9.997702e-02 1.649240e+00  
Epoch=    612,  lr= 2.500000e-04  train: 1.009604e-01 1.457774e+00  validation: 1.017103e-01 1.142947e+00  
Epoch=    613,  lr= 2.500000e-04  train: 9.997922e-02 1.743359e+00  validation: 1.019923e-01 1.557585e+00  
Epoch=    614,  lr= 2.500000e-04  train: 1.012433e-01 3.076375e+00  validation: 9.712540e-02 1.266922e+00  
Epoch=    615,  lr= 2.500000e-04  train: 9.932449e-02 1.214516e+00  validation: 9.986169e-02 9.319135e-01  
Epoch=    616,  lr= 2.500000e-04  train: 1.012990e-01 1.323898e+00  validation: 9.599471e-02 1.640512e+00  
Epoch=    617,  lr= 2.500000e-04  train: 1.000819e-01 1.806839e+00  validation: 1.034282e-01 7.962261e-01  
Epoch=    618,  lr= 2.500000e-04  train: 1.004168e-01 1.777419e+00  validation: 1.126891e-01 2.334803e+00  
Epoch=    619,  lr= 2.500000e-04  train: 1.006734e-01 1.487652e+00  validation: 9.833141e-02 1.425015e+00  
Epoch=    620,  lr= 2.500000e-04  train: 9.947567e-02 1.403831e+00  validation: 1.052032e-01 1.354791e+00  
Epoch=    621,  lr= 2.500000e-04  train: 9.983657e-02 1.202496e+00  validation: 1.008061e-01 1.289811e+00  
Epoch=    622,  lr= 2.500000e-04  train: 9.976620e-02 1.299755e+00  validation: 1.006761e-01 1.222541e+00  
Epoch=    623,  lr= 2.500000e-04  train: 9.952471e-02 1.899367e+00  validation: 1.033653e-01 3.486327e+00  
Epoch=    624,  lr= 2.500000e-04  train: 1.017712e-01 2.228774e+00  validation: 9.422151e-02 1.743495e+00  
Epoch=    625,  lr= 2.500000e-04  train: 1.001855e-01 1.674453e+00  validation: 9.403193e-02 7.530106e-01  
Epoch=    626,  lr= 2.500000e-04  train: 9.982105e-02 1.329549e+00  validation: 9.890431e-02 2.299600e+00  
Epoch=    627,  lr= 2.500000e-04  train: 9.977201e-02 1.507033e+00  validation: 1.005704e-01 1.672392e+00  
Epoch=    628,  lr= 2.500000e-04  train: 1.000050e-01 1.774927e+00  validation: 1.008896e-01 2.341534e+00  
Epoch=    629,  lr= 2.500000e-04  train: 9.927651e-02 1.546865e+00  validation: 9.941972e-02 1.106316e+00  
Epoch=    630,  lr= 2.500000e-04  train: 1.006754e-01 1.800478e+00  validation: 9.639031e-02 8.114727e-01  
Epoch=    631,  lr= 2.500000e-04  train: 1.005789e-01 1.703341e+00  validation: 1.005925e-01 1.061549e+00  
Epoch=    632,  lr= 2.500000e-04  train: 9.935670e-02 1.582414e+00  validation: 9.945247e-02 1.661647e+00  
Epoch=    633,  lr= 2.500000e-04  train: 9.860704e-02 1.584342e+00  validation: 1.032188e-01 1.001469e+00  
Epoch=    634,  lr= 2.500000e-04  train: 9.939586e-02 1.649825e+00  validation: 9.861656e-02 1.464406e+00  
Epoch=    635,  lr= 2.500000e-04  train: 9.996977e-02 2.188731e+00  validation: 9.993265e-02 1.370795e+00  
Epoch=    636,  lr= 2.500000e-04  train: 9.977931e-02 1.088855e+00  validation: 1.031427e-01 1.304360e+00  
Epoch=    637,  lr= 2.500000e-04  train: 9.978909e-02 1.563848e+00  validation: 1.019740e-01 1.898738e+00  
Epoch=    638,  lr= 2.500000e-04  train: 1.004909e-01 1.461434e+00  validation: 9.339390e-02 3.518098e+00  
Epoch=    639,  lr= 2.500000e-04  train: 1.007876e-01 1.951956e+00  validation: 9.892721e-02 2.478889e+00  
Epoch=    640,  lr= 2.500000e-04  train: 9.928182e-02 1.695745e+00  validation: 1.004348e-01 1.348762e+00  
Epoch=    641,  lr= 2.500000e-04  train: 9.942091e-02 1.386343e+00  validation: 1.082195e-01 9.736722e-01  
Epoch=    642,  lr= 2.500000e-04  train: 9.955301e-02 1.773109e+00  validation: 9.626276e-02 1.634420e+00  
Epoch=    643,  lr= 2.500000e-04  train: 1.001349e-01 1.947157e+00  validation: 1.046352e-01 2.716891e+00  
Epoch=    644,  lr= 2.500000e-04  train: 9.968302e-02 1.202528e+00  validation: 1.010426e-01 1.469190e+00  
Epoch=    645,  lr= 2.500000e-04  train: 1.001357e-01 1.182619e+00  validation: 1.064690e-01 1.128943e+00  
Epoch=    646,  lr= 2.500000e-04  train: 9.936503e-02 1.755038e+00  validation: 1.010556e-01 2.430537e+00  
Epoch=    647,  lr= 2.500000e-04  train: 1.019915e-01 1.884503e+00  validation: 9.680405e-02 1.596990e+00  
Epoch=    648,  lr= 2.500000e-04  train: 9.868358e-02 1.353741e+00  validation: 9.885194e-02 7.411758e-01  
Epoch=    649,  lr= 2.500000e-04  train: 9.891032e-02 1.898036e+00  validation: 9.978317e-02 1.346706e+00  
Epoch=    650,  lr= 2.500000e-04  train: 9.970017e-02 2.047125e+00  validation: 1.006096e-01 1.236555e+00  
Epoch=    651,  lr= 2.500000e-04  train: 9.898539e-02 1.629882e+00  validation: 1.007461e-01 1.889241e+00  
Epoch=    652,  lr= 2.500000e-04  train: 9.876548e-02 1.565737e+00  validation: 1.022766e-01 7.595899e-01  
Epoch=    653,  lr= 2.500000e-04  train: 9.871747e-02 1.129665e+00  validation: 1.027239e-01 1.188614e+00  
Epoch=    654,  lr= 2.500000e-04  train: 9.968846e-02 1.812346e+00  validation: 9.948850e-02 7.462946e-01  
Epoch=    655,  lr= 2.500000e-04  train: 9.887075e-02 1.985714e+00  validation: 9.781124e-02 2.508655e+00  
Epoch=    656,  lr= 2.500000e-04  train: 9.826778e-02 1.367976e+00  validation: 1.097041e-01 1.644135e+00  
Epoch=    657,  lr= 2.500000e-04  train: 9.900742e-02 1.593794e+00  validation: 9.550730e-02 7.787589e-01  
Epoch=    658,  lr= 2.500000e-04  train: 9.949435e-02 2.167305e+00  validation: 9.972215e-02 1.441265e+00  
Epoch=    659,  lr= 2.500000e-04  train: 1.005815e-01 1.796746e+00  validation: 9.519241e-02 6.507104e-01  
Epoch=    660,  lr= 2.500000e-04  train: 9.815490e-02 1.207255e+00  validation: 1.017349e-01 2.786614e+00  
Epoch=    661,  lr= 2.500000e-04  train: 9.957010e-02 1.982041e+00  validation: 9.682634e-02 2.174031e+00  
Epoch=    662,  lr= 2.500000e-04  train: 9.924223e-02 1.347893e+00  validation: 9.781178e-02 1.207516e+00  
Epoch=    663,  lr= 2.500000e-04  train: 9.900381e-02 1.701816e+00  validation: 9.779411e-02 8.203778e-01  
Epoch=    664,  lr= 2.500000e-04  train: 9.847642e-02 1.563754e+00  validation: 9.856118e-02 9.410489e-01  
Epoch=    665,  lr= 2.500000e-04  train: 1.007747e-01 1.455983e+00  validation: 8.892704e-02 1.160758e+00  
Epoch=    666,  lr= 2.500000e-04  train: 9.972093e-02 1.841438e+00  validation: 9.088814e-02 1.198436e+00  
Epoch=    667,  lr= 2.500000e-04  train: 9.882303e-02 1.840305e+00  validation: 9.596401e-02 1.513118e+00  
Epoch=    668,  lr= 2.500000e-04  train: 1.001538e-01 3.107074e+00  validation: 1.013630e-01 1.215860e+00  
Epoch=    669,  lr= 2.500000e-04  train: 9.787302e-02 1.495348e+00  validation: 1.044261e-01 1.312532e+00  
Epoch=    670,  lr= 2.500000e-04  train: 9.781718e-02 1.252532e+00  validation: 1.006041e-01 5.690183e-01  
Epoch=    671,  lr= 2.500000e-04  train: 9.793813e-02 1.283174e+00  validation: 1.015700e-01 9.390174e-01  
Epoch=    672,  lr= 2.500000e-04  train: 9.799112e-02 1.203483e+00  validation: 1.000418e-01 1.520433e+00  
Epoch=    673,  lr= 2.500000e-04  train: 9.834287e-02 1.374321e+00  validation: 9.606822e-02 8.594763e-01  
Epoch=    674,  lr= 2.500000e-04  train: 9.907806e-02 1.881967e+00  validation: 9.524740e-02 5.834382e-01  
Epoch=    675,  lr= 2.500000e-04  train: 9.954152e-02 1.568659e+00  validation: 9.823843e-02 2.151473e+00  
Epoch=    676,  lr= 2.500000e-04  train: 9.846356e-02 1.544487e+00  validation: 1.058980e-01 1.262359e+00  
Epoch=    677,  lr= 2.500000e-04  train: 9.801275e-02 1.385249e+00  validation: 9.904015e-02 2.044508e+00  
Epoch=    678,  lr= 2.500000e-04  train: 9.961038e-02 1.975595e+00  validation: 9.406563e-02 1.954101e+00  
Epoch=    679,  lr= 2.500000e-04  train: 9.847330e-02 1.512347e+00  validation: 1.029372e-01 7.917932e-01  
Epoch=    680,  lr= 2.500000e-04  train: 9.854576e-02 1.769415e+00  validation: 1.034170e-01 1.293341e+00  
Epoch=    681,  lr= 2.500000e-04  train: 9.869335e-02 1.633560e+00  validation: 9.469739e-02 1.180591e+00  
Epoch=    682,  lr= 2.500000e-04  train: 9.923355e-02 1.565972e+00  validation: 9.105057e-02 8.187366e-01  
Epoch=    683,  lr= 2.500000e-04  train: 9.799038e-02 2.611074e+00  validation: 1.095559e-01 1.524561e+00  
Epoch=    684,  lr= 2.500000e-04  train: 1.000305e-01 1.589183e+00  validation: 9.244025e-02 3.484220e+00  
Epoch=    685,  lr= 2.500000e-04  train: 9.771606e-02 1.400172e+00  validation: 1.038942e-01 9.797264e-01  
Epoch=    686,  lr= 2.500000e-04  train: 9.809200e-02 1.378665e+00  validation: 9.760870e-02 9.723221e-01  
Epoch=    687,  lr= 2.500000e-04  train: 9.926722e-02 1.481924e+00  validation: 9.752970e-02 2.719221e+00  
Epoch=    688,  lr= 2.500000e-04  train: 9.779492e-02 1.386936e+00  validation: 1.002082e-01 2.735251e+00  
Epoch=    689,  lr= 2.500000e-04  train: 9.867086e-02 1.652406e+00  validation: 9.385863e-02 9.361240e-01  
Epoch=    690,  lr= 2.500000e-04  train: 9.826386e-02 1.794890e+00  validation: 9.394027e-02 1.088216e+00  
Epoch=    691,  lr= 2.500000e-04  train: 9.862167e-02 1.422873e+00  validation: 9.532510e-02 9.711844e-01  
