Equivariant MPNN package based on three-body descriptors 
2023-05-29-21_06_41 
Epoch=      0,  lr= 2.000000e-03  train: 3.978713e+00 5.935291e+00  validation: 1.446625e+00 2.274698e+00  
Epoch=      1,  lr= 2.000000e-03  train: 1.140883e+00 1.272898e+00  validation: 1.005002e+00 9.040216e-01  
Epoch=      2,  lr= 2.000000e-03  train: 9.734423e-01 1.005061e+00  validation: 9.224752e-01 1.029171e+00  
Epoch=      3,  lr= 2.000000e-03  train: 8.709972e-01 9.485238e-01  validation: 8.438910e-01 8.039220e-01  
Epoch=      4,  lr= 2.000000e-03  train: 7.983603e-01 9.029404e-01  validation: 7.164700e-01 7.652535e-01  
Epoch=      5,  lr= 2.000000e-03  train: 7.089112e-01 7.183954e-01  validation: 6.356189e-01 6.884825e-01  
Epoch=      6,  lr= 2.000000e-03  train: 6.524591e-01 5.883862e-01  validation: 6.637334e-01 4.630909e-01  
Epoch=      7,  lr= 2.000000e-03  train: 6.576563e-01 7.439721e-01  validation: 5.692951e-01 5.418182e-01  
Epoch=      8,  lr= 2.000000e-03  train: 6.115465e-01 5.295224e-01  validation: 5.657239e-01 3.913559e-01  
Epoch=      9,  lr= 2.000000e-03  train: 5.637059e-01 4.721878e-01  validation: 6.097911e-01 4.619432e-01  
Epoch=     10,  lr= 2.000000e-03  train: 5.929198e-01 5.595753e-01  validation: 5.184111e-01 4.376496e-01  
Epoch=     11,  lr= 2.000000e-03  train: 5.366731e-01 4.247829e-01  validation: 5.143442e-01 3.777184e-01  
Epoch=     12,  lr= 2.000000e-03  train: 5.768118e-01 5.069836e-01  validation: 5.710979e-01 4.396659e-01  
Epoch=     13,  lr= 2.000000e-03  train: 5.363573e-01 4.461886e-01  validation: 5.055249e-01 3.480061e-01  
Epoch=     14,  lr= 2.000000e-03  train: 5.468516e-01 4.930961e-01  validation: 4.903767e-01 3.709840e-01  
Epoch=     15,  lr= 2.000000e-03  train: 5.075994e-01 4.291972e-01  validation: 5.414652e-01 6.174812e-01  
Epoch=     16,  lr= 2.000000e-03  train: 5.042437e-01 4.779287e-01  validation: 4.967388e-01 3.810410e-01  
Epoch=     17,  lr= 2.000000e-03  train: 5.118067e-01 4.333310e-01  validation: 4.675603e-01 3.249806e-01  
Epoch=     18,  lr= 2.000000e-03  train: 4.771013e-01 3.952734e-01  validation: 4.528870e-01 3.919133e-01  
Epoch=     19,  lr= 2.000000e-03  train: 5.779299e-01 5.930695e-01  validation: 5.818829e-01 5.299890e-01  
Epoch=     20,  lr= 2.000000e-03  train: 4.666979e-01 4.234557e-01  validation: 4.587295e-01 3.316176e-01  
Epoch=     21,  lr= 2.000000e-03  train: 4.668830e-01 4.046381e-01  validation: 4.702300e-01 4.460510e-01  
Epoch=     22,  lr= 2.000000e-03  train: 4.554329e-01 3.842702e-01  validation: 4.365034e-01 3.886997e-01  
Epoch=     23,  lr= 2.000000e-03  train: 4.387033e-01 3.552737e-01  validation: 4.389530e-01 5.605785e-01  
Epoch=     24,  lr= 2.000000e-03  train: 4.496618e-01 4.183471e-01  validation: 4.246733e-01 4.248019e-01  
Epoch=     25,  lr= 2.000000e-03  train: 4.432271e-01 3.833247e-01  validation: 4.459726e-01 3.495533e-01  
Epoch=     26,  lr= 2.000000e-03  train: 4.544595e-01 4.005366e-01  validation: 4.662845e-01 4.006724e-01  
Epoch=     27,  lr= 2.000000e-03  train: 5.151918e-01 6.954396e-01  validation: 4.346903e-01 3.287982e-01  
Epoch=     28,  lr= 2.000000e-03  train: 4.270301e-01 3.691720e-01  validation: 4.104961e-01 2.638854e-01  
Epoch=     29,  lr= 2.000000e-03  train: 4.299537e-01 3.818424e-01  validation: 4.110849e-01 2.845695e-01  
Epoch=     30,  lr= 2.000000e-03  train: 4.466208e-01 4.009429e-01  validation: 4.436998e-01 8.414085e-01  
Epoch=     31,  lr= 2.000000e-03  train: 5.510780e-01 6.161703e-01  validation: 4.610949e-01 4.669556e-01  
Epoch=     32,  lr= 2.000000e-03  train: 4.299002e-01 3.995256e-01  validation: 4.677241e-01 4.726167e-01  
Epoch=     33,  lr= 2.000000e-03  train: 4.076352e-01 3.363357e-01  validation: 4.068774e-01 2.758822e-01  
Epoch=     34,  lr= 2.000000e-03  train: 4.005139e-01 3.370803e-01  validation: 4.066573e-01 3.047653e-01  
Epoch=     35,  lr= 2.000000e-03  train: 4.094898e-01 3.784663e-01  validation: 4.027160e-01 6.369507e-01  
Epoch=     36,  lr= 2.000000e-03  train: 3.924431e-01 3.340508e-01  validation: 3.964933e-01 2.505737e-01  
Epoch=     37,  lr= 2.000000e-03  train: 4.201526e-01 4.122210e-01  validation: 4.499224e-01 5.506043e-01  
Epoch=     38,  lr= 2.000000e-03  train: 4.001060e-01 3.469309e-01  validation: 4.326883e-01 5.588420e-01  
Epoch=     39,  lr= 2.000000e-03  train: 4.358338e-01 4.520983e-01  validation: 3.894210e-01 2.792445e-01  
Epoch=     40,  lr= 2.000000e-03  train: 4.115646e-01 4.229263e-01  validation: 4.245323e-01 2.633859e-01  
Epoch=     41,  lr= 2.000000e-03  train: 3.827950e-01 3.661824e-01  validation: 3.858197e-01 2.735581e-01  
Epoch=     42,  lr= 2.000000e-03  train: 3.835987e-01 3.093594e-01  validation: 3.684770e-01 2.636985e-01  
Epoch=     43,  lr= 2.000000e-03  train: 3.885000e-01 3.865352e-01  validation: 3.824464e-01 6.246179e-01  
Epoch=     44,  lr= 2.000000e-03  train: 3.790135e-01 3.028991e-01  validation: 3.646285e-01 2.332715e-01  
Epoch=     45,  lr= 2.000000e-03  train: 4.087337e-01 4.457887e-01  validation: 4.006557e-01 4.534884e-01  
Epoch=     46,  lr= 2.000000e-03  train: 3.912326e-01 3.467094e-01  validation: 3.866730e-01 2.790697e-01  
Epoch=     47,  lr= 2.000000e-03  train: 3.711215e-01 3.402415e-01  validation: 3.756705e-01 2.990308e-01  
Epoch=     48,  lr= 2.000000e-03  train: 3.961251e-01 4.010683e-01  validation: 6.831592e-01 3.905574e-01  
Epoch=     49,  lr= 2.000000e-03  train: 4.226831e-01 4.820628e-01  validation: 3.602788e-01 2.183708e-01  
Epoch=     50,  lr= 2.000000e-03  train: 3.771226e-01 3.896328e-01  validation: 3.561517e-01 2.076717e-01  
Epoch=     51,  lr= 2.000000e-03  train: 3.792940e-01 3.935516e-01  validation: 3.653730e-01 2.400674e-01  
Epoch=     52,  lr= 2.000000e-03  train: 3.749317e-01 3.161873e-01  validation: 4.743549e-01 3.270043e-01  
Epoch=     53,  lr= 2.000000e-03  train: 3.738368e-01 3.135391e-01  validation: 3.543648e-01 2.400328e-01  
Epoch=     54,  lr= 2.000000e-03  train: 3.523535e-01 2.783788e-01  validation: 3.649836e-01 2.313903e-01  
Epoch=     55,  lr= 2.000000e-03  train: 3.679982e-01 3.346181e-01  validation: 3.491642e-01 2.279910e-01  
Epoch=     56,  lr= 2.000000e-03  train: 3.506544e-01 2.911170e-01  validation: 3.313140e-01 2.672541e-01  
Epoch=     57,  lr= 2.000000e-03  train: 3.957470e-01 4.278496e-01  validation: 3.473890e-01 2.998953e-01  
Epoch=     58,  lr= 2.000000e-03  train: 3.530532e-01 3.082727e-01  validation: 4.115127e-01 2.780483e-01  
Epoch=     59,  lr= 2.000000e-03  train: 3.484680e-01 2.955959e-01  validation: 3.363146e-01 3.323396e-01  
Epoch=     60,  lr= 2.000000e-03  train: 3.469899e-01 2.984060e-01  validation: 3.298644e-01 1.848347e-01  
Epoch=     61,  lr= 2.000000e-03  train: 3.515355e-01 3.186253e-01  validation: 3.877632e-01 2.442929e-01  
Epoch=     62,  lr= 2.000000e-03  train: 3.657642e-01 3.384759e-01  validation: 4.035063e-01 3.692239e-01  
Epoch=     63,  lr= 2.000000e-03  train: 3.498639e-01 2.922420e-01  validation: 3.296016e-01 1.867149e-01  
Epoch=     64,  lr= 2.000000e-03  train: 3.348658e-01 2.668789e-01  validation: 3.413479e-01 3.081912e-01  
Epoch=     65,  lr= 2.000000e-03  train: 3.323662e-01 2.994587e-01  validation: 3.448282e-01 2.235516e-01  
Epoch=     66,  lr= 2.000000e-03  train: 3.651867e-01 3.174894e-01  validation: 3.589236e-01 6.122419e-01  
Epoch=     67,  lr= 2.000000e-03  train: 3.437396e-01 3.332815e-01  validation: 3.610535e-01 2.555983e-01  
Epoch=     68,  lr= 2.000000e-03  train: 3.723146e-01 4.187397e-01  validation: 3.796176e-01 2.791233e-01  
Epoch=     69,  lr= 2.000000e-03  train: 3.936816e-01 5.514939e-01  validation: 3.319557e-01 2.252620e-01  
Epoch=     70,  lr= 2.000000e-03  train: 3.279132e-01 2.460793e-01  validation: 3.234459e-01 3.165105e-01  
Epoch=     71,  lr= 2.000000e-03  train: 3.309583e-01 2.817576e-01  validation: 3.235668e-01 2.189298e-01  
Epoch=     72,  lr= 2.000000e-03  train: 3.209372e-01 2.440961e-01  validation: 3.173278e-01 1.832940e-01  
Epoch=     73,  lr= 2.000000e-03  train: 3.275137e-01 2.878017e-01  validation: 3.123209e-01 2.014095e-01  
Epoch=     74,  lr= 2.000000e-03  train: 3.212286e-01 2.739117e-01  validation: 3.103756e-01 1.881823e-01  
Epoch=     75,  lr= 2.000000e-03  train: 3.460885e-01 3.715114e-01  validation: 3.234307e-01 4.171305e-01  
Epoch=     76,  lr= 2.000000e-03  train: 3.200097e-01 2.762176e-01  validation: 3.267651e-01 2.364498e-01  
Epoch=     77,  lr= 2.000000e-03  train: 3.467530e-01 3.704967e-01  validation: 3.332322e-01 2.103627e-01  
Epoch=     78,  lr= 2.000000e-03  train: 3.449802e-01 3.760464e-01  validation: 5.047837e-01 4.055569e-01  
Epoch=     79,  lr= 2.000000e-03  train: 3.343625e-01 3.334932e-01  validation: 3.250105e-01 3.269711e-01  
Epoch=     80,  lr= 2.000000e-03  train: 3.260573e-01 2.975278e-01  validation: 3.142727e-01 3.040072e-01  
Epoch=     81,  lr= 2.000000e-03  train: 3.206468e-01 2.954680e-01  validation: 3.224407e-01 1.825655e-01  
Epoch=     82,  lr= 2.000000e-03  train: 3.162969e-01 2.862845e-01  validation: 3.242630e-01 2.484360e-01  
Epoch=     83,  lr= 2.000000e-03  train: 3.571033e-01 4.208799e-01  validation: 3.232361e-01 1.744274e-01  
Epoch=     84,  lr= 2.000000e-03  train: 3.089019e-01 2.705085e-01  validation: 3.031013e-01 1.662299e-01  
Epoch=     85,  lr= 2.000000e-03  train: 3.191753e-01 3.115473e-01  validation: 2.973261e-01 1.815974e-01  
Epoch=     86,  lr= 2.000000e-03  train: 3.106387e-01 2.811196e-01  validation: 2.952768e-01 2.603086e-01  
Epoch=     87,  lr= 2.000000e-03  train: 3.375210e-01 3.417287e-01  validation: 3.499789e-01 2.294970e-01  
Epoch=     88,  lr= 2.000000e-03  train: 3.105795e-01 2.993965e-01  validation: 3.014329e-01 2.801838e-01  
Epoch=     89,  lr= 2.000000e-03  train: 3.101837e-01 2.914938e-01  validation: 3.568298e-01 4.392333e-01  
Epoch=     90,  lr= 2.000000e-03  train: 3.700371e-01 5.094023e-01  validation: 2.983840e-01 1.616900e-01  
Epoch=     91,  lr= 2.000000e-03  train: 3.022639e-01 2.750799e-01  validation: 3.081916e-01 1.873699e-01  
Epoch=     92,  lr= 2.000000e-03  train: 3.132498e-01 2.742516e-01  validation: 2.956773e-01 2.165940e-01  
Epoch=     93,  lr= 2.000000e-03  train: 3.085726e-01 2.916551e-01  validation: 3.256180e-01 1.806246e-01  
Epoch=     94,  lr= 2.000000e-03  train: 3.049989e-01 2.910263e-01  validation: 3.023795e-01 4.752072e-01  
Epoch=     95,  lr= 2.000000e-03  train: 3.071156e-01 2.873014e-01  validation: 2.905566e-01 2.051617e-01  
Epoch=     96,  lr= 2.000000e-03  train: 2.998118e-01 3.042085e-01  validation: 3.110642e-01 1.946384e-01  
Epoch=     97,  lr= 2.000000e-03  train: 3.016928e-01 2.903031e-01  validation: 2.897822e-01 1.924976e-01  
Epoch=     98,  lr= 2.000000e-03  train: 3.070481e-01 3.202116e-01  validation: 2.877755e-01 1.562457e-01  
Epoch=     99,  lr= 2.000000e-03  train: 2.967190e-01 3.029966e-01  validation: 2.947388e-01 2.186323e-01  
Epoch=    100,  lr= 2.000000e-03  train: 2.933231e-01 2.726679e-01  validation: 3.316599e-01 2.185880e-01  
Epoch=    101,  lr= 2.000000e-03  train: 3.387596e-01 4.075541e-01  validation: 2.983557e-01 3.754359e-01  
Epoch=    102,  lr= 2.000000e-03  train: 3.138928e-01 3.219860e-01  validation: 5.295074e-01 8.663243e-01  
Epoch=    103,  lr= 2.000000e-03  train: 3.473494e-01 6.843160e-01  validation: 2.953311e-01 1.587879e-01  
Epoch=    104,  lr= 2.000000e-03  train: 2.829648e-01 2.346310e-01  validation: 3.103198e-01 2.004378e-01  
Epoch=    105,  lr= 2.000000e-03  train: 2.849821e-01 2.379204e-01  validation: 3.286692e-01 3.012553e-01  
Epoch=    106,  lr= 2.000000e-03  train: 2.829663e-01 2.448874e-01  validation: 2.762695e-01 1.934206e-01  
Epoch=    107,  lr= 2.000000e-03  train: 2.803159e-01 2.576248e-01  validation: 3.407437e-01 3.419177e-01  
Epoch=    108,  lr= 2.000000e-03  train: 2.804226e-01 2.625084e-01  validation: 2.771550e-01 2.176374e-01  
Epoch=    109,  lr= 2.000000e-03  train: 2.795400e-01 2.728950e-01  validation: 2.780892e-01 2.442685e-01  
Epoch=    110,  lr= 2.000000e-03  train: 3.022813e-01 3.737226e-01  validation: 2.879821e-01 1.992991e-01  
Epoch=    111,  lr= 2.000000e-03  train: 2.863936e-01 2.614445e-01  validation: 2.940059e-01 1.736249e-01  
Epoch=    112,  lr= 2.000000e-03  train: 3.389218e-01 3.760061e-01  validation: 2.736905e-01 1.499514e-01  
Epoch=    113,  lr= 2.000000e-03  train: 2.795262e-01 2.713891e-01  validation: 2.727152e-01 2.884081e-01  
Epoch=    114,  lr= 2.000000e-03  train: 2.767075e-01 2.495833e-01  validation: 2.816880e-01 2.526499e-01  
Epoch=    115,  lr= 2.000000e-03  train: 2.833374e-01 3.140189e-01  validation: 2.638718e-01 3.321752e-01  
Epoch=    116,  lr= 2.000000e-03  train: 2.683460e-01 2.157550e-01  validation: 3.397819e-01 2.014032e-01  
Epoch=    117,  lr= 2.000000e-03  train: 2.818151e-01 2.906193e-01  validation: 2.603420e-01 2.214862e-01  
Epoch=    118,  lr= 2.000000e-03  train: 2.744686e-01 2.668214e-01  validation: 2.754069e-01 2.518113e-01  
Epoch=    119,  lr= 2.000000e-03  train: 2.650943e-01 2.173263e-01  validation: 2.673393e-01 2.067359e-01  
Epoch=    120,  lr= 2.000000e-03  train: 2.934274e-01 3.594275e-01  validation: 2.649671e-01 1.655719e-01  
Epoch=    121,  lr= 2.000000e-03  train: 2.837099e-01 3.314227e-01  validation: 2.570811e-01 1.532661e-01  
Epoch=    122,  lr= 2.000000e-03  train: 2.592507e-01 2.359886e-01  validation: 2.742704e-01 2.758518e-01  
Epoch=    123,  lr= 2.000000e-03  train: 2.732855e-01 2.962697e-01  validation: 2.846327e-01 7.223973e-01  
Epoch=    124,  lr= 2.000000e-03  train: 2.769113e-01 3.522634e-01  validation: 2.743868e-01 2.766203e-01  
Epoch=    125,  lr= 2.000000e-03  train: 2.902298e-01 3.754489e-01  validation: 2.526492e-01 1.362249e-01  
Epoch=    126,  lr= 2.000000e-03  train: 2.624683e-01 2.493152e-01  validation: 2.538363e-01 1.308104e-01  
Epoch=    127,  lr= 2.000000e-03  train: 2.918528e-01 3.000840e-01  validation: 2.544377e-01 1.571352e-01  
Epoch=    128,  lr= 2.000000e-03  train: 2.554459e-01 2.474302e-01  validation: 2.462135e-01 1.577785e-01  
Epoch=    129,  lr= 2.000000e-03  train: 2.573411e-01 2.227732e-01  validation: 2.435477e-01 1.968461e-01  
Epoch=    130,  lr= 2.000000e-03  train: 2.591174e-01 2.582822e-01  validation: 2.594204e-01 4.068193e-01  
Epoch=    131,  lr= 2.000000e-03  train: 2.611535e-01 2.501092e-01  validation: 2.502468e-01 1.907316e-01  
Epoch=    132,  lr= 2.000000e-03  train: 2.696506e-01 3.567792e-01  validation: 3.162151e-01 2.886088e-01  
Epoch=    133,  lr= 2.000000e-03  train: 3.390307e-01 4.660273e-01  validation: 2.441474e-01 1.450213e-01  
Epoch=    134,  lr= 2.000000e-03  train: 2.520020e-01 1.899591e-01  validation: 2.448378e-01 1.780179e-01  
Epoch=    135,  lr= 2.000000e-03  train: 2.504450e-01 2.278486e-01  validation: 2.472410e-01 1.799870e-01  
Epoch=    136,  lr= 2.000000e-03  train: 2.528000e-01 2.399724e-01  validation: 2.473843e-01 1.375880e-01  
Epoch=    137,  lr= 2.000000e-03  train: 2.781879e-01 2.813253e-01  validation: 2.502028e-01 2.790341e-01  
Epoch=    138,  lr= 2.000000e-03  train: 2.498766e-01 2.190096e-01  validation: 2.499568e-01 3.700462e-01  
Epoch=    139,  lr= 2.000000e-03  train: 2.560527e-01 2.876336e-01  validation: 2.763711e-01 5.476663e-01  
Epoch=    140,  lr= 2.000000e-03  train: 2.673918e-01 3.207666e-01  validation: 2.734564e-01 3.320235e-01  
Epoch=    141,  lr= 2.000000e-03  train: 2.578822e-01 2.372545e-01  validation: 2.422286e-01 1.686036e-01  
Epoch=    142,  lr= 2.000000e-03  train: 2.480766e-01 2.220942e-01  validation: 2.446613e-01 2.332685e-01  
Epoch=    143,  lr= 2.000000e-03  train: 2.579033e-01 2.453128e-01  validation: 2.514890e-01 2.417722e-01  
Epoch=    144,  lr= 2.000000e-03  train: 2.595540e-01 2.636189e-01  validation: 3.393557e-01 5.111133e-01  
Epoch=    145,  lr= 2.000000e-03  train: 2.799218e-01 3.705974e-01  validation: 2.975862e-01 1.949362e-01  
Epoch=    146,  lr= 2.000000e-03  train: 2.590952e-01 3.096761e-01  validation: 2.380718e-01 1.467729e-01  
Epoch=    147,  lr= 2.000000e-03  train: 2.398240e-01 2.024403e-01  validation: 2.374131e-01 1.263147e-01  
Epoch=    148,  lr= 2.000000e-03  train: 2.596039e-01 2.773279e-01  validation: 2.682506e-01 2.270469e-01  
Epoch=    149,  lr= 2.000000e-03  train: 2.458638e-01 2.046896e-01  validation: 2.567993e-01 1.714948e-01  
Epoch=    150,  lr= 2.000000e-03  train: 2.729289e-01 3.772053e-01  validation: 2.458432e-01 3.000869e-01  
Epoch=    151,  lr= 2.000000e-03  train: 2.407526e-01 2.164196e-01  validation: 2.396753e-01 1.334578e-01  
Epoch=    152,  lr= 2.000000e-03  train: 2.419076e-01 2.109339e-01  validation: 4.289159e-01 2.932996e-01  
Epoch=    153,  lr= 2.000000e-03  train: 2.946063e-01 3.603153e-01  validation: 2.351071e-01 2.917956e-01  
Epoch=    154,  lr= 2.000000e-03  train: 2.411172e-01 2.298260e-01  validation: 2.333503e-01 1.360426e-01  
Epoch=    155,  lr= 2.000000e-03  train: 2.450469e-01 2.290613e-01  validation: 2.420295e-01 1.451392e-01  
Epoch=    156,  lr= 2.000000e-03  train: 2.432865e-01 2.398009e-01  validation: 2.321579e-01 1.318738e-01  
Epoch=    157,  lr= 2.000000e-03  train: 2.405314e-01 2.233659e-01  validation: 2.478777e-01 1.894002e-01  
Epoch=    158,  lr= 2.000000e-03  train: 3.019038e-01 4.413805e-01  validation: 2.354803e-01 2.207552e-01  
Epoch=    159,  lr= 2.000000e-03  train: 2.420135e-01 1.926077e-01  validation: 2.411035e-01 1.323362e-01  
Epoch=    160,  lr= 2.000000e-03  train: 2.375303e-01 2.091510e-01  validation: 3.635974e-01 3.487915e-01  
Epoch=    161,  lr= 2.000000e-03  train: 2.467294e-01 2.547276e-01  validation: 2.288668e-01 1.372982e-01  
Epoch=    162,  lr= 2.000000e-03  train: 2.524314e-01 2.883448e-01  validation: 2.352470e-01 2.004143e-01  
Epoch=    163,  lr= 2.000000e-03  train: 2.336484e-01 2.073879e-01  validation: 2.311088e-01 1.231971e-01  
Epoch=    164,  lr= 2.000000e-03  train: 2.313456e-01 1.955031e-01  validation: 2.377563e-01 2.192675e-01  
Epoch=    165,  lr= 2.000000e-03  train: 2.493330e-01 3.053616e-01  validation: 2.316378e-01 1.326157e-01  
Epoch=    166,  lr= 2.000000e-03  train: 2.340408e-01 1.851266e-01  validation: 2.325993e-01 1.394260e-01  
Epoch=    167,  lr= 2.000000e-03  train: 2.508976e-01 2.448234e-01  validation: 3.608269e-01 2.472372e-01  
Epoch=    168,  lr= 2.000000e-03  train: 2.510514e-01 2.691499e-01  validation: 2.334276e-01 2.088383e-01  
Epoch=    169,  lr= 2.000000e-03  train: 2.552014e-01 3.071983e-01  validation: 2.428029e-01 1.997311e-01  
Epoch=    170,  lr= 2.000000e-03  train: 2.307053e-01 1.991538e-01  validation: 2.267655e-01 1.524967e-01  
Epoch=    171,  lr= 2.000000e-03  train: 2.373103e-01 2.270023e-01  validation: 2.282793e-01 2.407812e-01  
Epoch=    172,  lr= 2.000000e-03  train: 2.438212e-01 2.674608e-01  validation: 2.292026e-01 1.221244e-01  
Epoch=    173,  lr= 2.000000e-03  train: 2.536915e-01 2.881182e-01  validation: 2.341500e-01 1.973815e-01  
Epoch=    174,  lr= 2.000000e-03  train: 2.391475e-01 2.350737e-01  validation: 2.764198e-01 2.248835e-01  
Epoch=    175,  lr= 2.000000e-03  train: 2.311031e-01 2.146455e-01  validation: 2.217024e-01 1.155294e-01  
Epoch=    176,  lr= 2.000000e-03  train: 2.352569e-01 2.249329e-01  validation: 2.535332e-01 1.804227e-01  
Epoch=    177,  lr= 2.000000e-03  train: 2.300063e-01 1.990469e-01  validation: 2.391973e-01 1.990604e-01  
Epoch=    178,  lr= 2.000000e-03  train: 2.427693e-01 2.896256e-01  validation: 2.377705e-01 3.284311e-01  
Epoch=    179,  lr= 2.000000e-03  train: 2.316035e-01 2.232709e-01  validation: 2.242812e-01 1.409905e-01  
Epoch=    180,  lr= 2.000000e-03  train: 2.286045e-01 2.267880e-01  validation: 2.214148e-01 1.223907e-01  
Epoch=    181,  lr= 2.000000e-03  train: 2.467279e-01 2.476300e-01  validation: 2.353744e-01 2.774898e-01  
Epoch=    182,  lr= 2.000000e-03  train: 2.320669e-01 2.394404e-01  validation: 2.216917e-01 1.262773e-01  
Epoch=    183,  lr= 2.000000e-03  train: 2.492833e-01 2.841703e-01  validation: 2.344333e-01 1.388710e-01  
Epoch=    184,  lr= 2.000000e-03  train: 2.330876e-01 2.491575e-01  validation: 2.295312e-01 1.354215e-01  
Epoch=    185,  lr= 2.000000e-03  train: 2.322870e-01 2.164881e-01  validation: 2.306624e-01 2.284353e-01  
Epoch=    186,  lr= 2.000000e-03  train: 2.407508e-01 2.585038e-01  validation: 2.295236e-01 1.748786e-01  
Epoch=    187,  lr= 2.000000e-03  train: 2.303776e-01 2.429308e-01  validation: 2.193225e-01 1.248573e-01  
Epoch=    188,  lr= 2.000000e-03  train: 2.246882e-01 2.169133e-01  validation: 2.235912e-01 2.672716e-01  
Epoch=    189,  lr= 2.000000e-03  train: 2.254025e-01 2.371555e-01  validation: 2.183554e-01 1.726457e-01  
Epoch=    190,  lr= 2.000000e-03  train: 2.259516e-01 2.297786e-01  validation: 2.190313e-01 1.716676e-01  
Epoch=    191,  lr= 2.000000e-03  train: 2.828470e-01 4.341031e-01  validation: 2.370865e-01 2.288959e-01  
Epoch=    192,  lr= 2.000000e-03  train: 2.753789e-01 3.038077e-01  validation: 2.478476e-01 3.228083e-01  
Epoch=    193,  lr= 2.000000e-03  train: 2.224129e-01 2.132297e-01  validation: 2.224559e-01 1.892314e-01  
Epoch=    194,  lr= 2.000000e-03  train: 2.191345e-01 1.864571e-01  validation: 2.103286e-01 2.899032e-01  
Epoch=    195,  lr= 2.000000e-03  train: 2.169939e-01 1.794696e-01  validation: 2.545106e-01 1.759066e-01  
Epoch=    196,  lr= 2.000000e-03  train: 2.228969e-01 2.377401e-01  validation: 2.108905e-01 2.158215e-01  
Epoch=    197,  lr= 2.000000e-03  train: 2.251619e-01 2.113645e-01  validation: 2.332045e-01 1.382707e-01  
Epoch=    198,  lr= 2.000000e-03  train: 2.267529e-01 2.120194e-01  validation: 2.161656e-01 1.481092e-01  
Epoch=    199,  lr= 2.000000e-03  train: 2.231684e-01 2.376084e-01  validation: 2.154336e-01 1.693454e-01  
Epoch=    200,  lr= 2.000000e-03  train: 2.275018e-01 2.550567e-01  validation: 2.191890e-01 1.377314e-01  
Epoch=    201,  lr= 2.000000e-03  train: 2.212703e-01 2.213950e-01  validation: 2.308290e-01 2.586311e-01  
Epoch=    202,  lr= 2.000000e-03  train: 2.249726e-01 2.144713e-01  validation: 2.352878e-01 2.083390e-01  
Epoch=    203,  lr= 2.000000e-03  train: 2.318604e-01 2.209483e-01  validation: 2.060644e-01 1.597698e-01  
Epoch=    204,  lr= 2.000000e-03  train: 2.304725e-01 2.401895e-01  validation: 2.235165e-01 1.654268e-01  
Epoch=    205,  lr= 2.000000e-03  train: 2.330620e-01 2.382026e-01  validation: 2.366838e-01 2.210141e-01  
Epoch=    206,  lr= 2.000000e-03  train: 2.194899e-01 1.967230e-01  validation: 2.037435e-01 2.178249e-01  
Epoch=    207,  lr= 2.000000e-03  train: 2.256335e-01 2.298066e-01  validation: 2.201225e-01 1.791309e-01  
Epoch=    208,  lr= 2.000000e-03  train: 2.212876e-01 2.297346e-01  validation: 2.152777e-01 2.086261e-01  
Epoch=    209,  lr= 2.000000e-03  train: 2.341084e-01 3.077289e-01  validation: 2.068359e-01 1.114356e-01  
Epoch=    210,  lr= 2.000000e-03  train: 2.349524e-01 2.696666e-01  validation: 2.145568e-01 3.240173e-01  
Epoch=    211,  lr= 2.000000e-03  train: 2.168637e-01 2.458928e-01  validation: 2.245599e-01 1.494156e-01  
Epoch=    212,  lr= 2.000000e-03  train: 2.442786e-01 3.184702e-01  validation: 2.142051e-01 1.324924e-01  
Epoch=    213,  lr= 2.000000e-03  train: 2.282643e-01 2.482007e-01  validation: 2.093332e-01 1.969755e-01  
Epoch=    214,  lr= 2.000000e-03  train: 2.362533e-01 3.427788e-01  validation: 2.481347e-01 1.771922e-01  
Epoch=    215,  lr= 2.000000e-03  train: 2.115584e-01 1.833902e-01  validation: 2.056134e-01 1.864456e-01  
Epoch=    216,  lr= 2.000000e-03  train: 2.186008e-01 2.196256e-01  validation: 2.246436e-01 1.631211e-01  
Epoch=    217,  lr= 2.000000e-03  train: 2.468797e-01 3.050880e-01  validation: 2.154606e-01 3.013420e-01  
Epoch=    218,  lr= 2.000000e-03  train: 2.099125e-01 2.012888e-01  validation: 2.112422e-01 1.630342e-01  
Epoch=    219,  lr= 2.000000e-03  train: 2.137689e-01 2.282588e-01  validation: 2.066022e-01 1.994577e-01  
Epoch=    220,  lr= 2.000000e-03  train: 2.155123e-01 2.082235e-01  validation: 2.097191e-01 1.199452e-01  
Epoch=    221,  lr= 2.000000e-03  train: 2.104934e-01 2.010546e-01  validation: 2.034018e-01 1.369072e-01  
Epoch=    222,  lr= 2.000000e-03  train: 2.224384e-01 2.330870e-01  validation: 2.096671e-01 1.503550e-01  
Epoch=    223,  lr= 2.000000e-03  train: 2.126492e-01 1.903860e-01  validation: 2.468769e-01 1.719189e-01  
Epoch=    224,  lr= 2.000000e-03  train: 2.320399e-01 2.707557e-01  validation: 2.097385e-01 1.164630e-01  
Epoch=    225,  lr= 2.000000e-03  train: 2.114251e-01 2.078416e-01  validation: 2.391815e-01 2.784207e-01  
Epoch=    226,  lr= 2.000000e-03  train: 2.464401e-01 3.124512e-01  validation: 2.326019e-01 1.547418e-01  
Epoch=    227,  lr= 2.000000e-03  train: 2.105828e-01 2.072528e-01  validation: 2.008707e-01 1.043471e-01  
Epoch=    228,  lr= 2.000000e-03  train: 2.070058e-01 1.554468e-01  validation: 2.163675e-01 1.140617e-01  
Epoch=    229,  lr= 2.000000e-03  train: 2.128598e-01 2.121184e-01  validation: 2.244011e-01 2.937718e-01  
Epoch=    230,  lr= 2.000000e-03  train: 2.195784e-01 2.239943e-01  validation: 2.228086e-01 1.290824e-01  
Epoch=    231,  lr= 2.000000e-03  train: 2.446044e-01 3.315480e-01  validation: 2.603159e-01 1.696034e-01  
Epoch=    232,  lr= 2.000000e-03  train: 2.328733e-01 2.710418e-01  validation: 2.131178e-01 1.730321e-01  
Epoch=    233,  lr= 2.000000e-03  train: 2.199883e-01 2.484655e-01  validation: 2.028058e-01 9.908279e-02  
Epoch=    234,  lr= 2.000000e-03  train: 2.068533e-01 1.712241e-01  validation: 2.551086e-01 1.454716e-01  
Epoch=    235,  lr= 2.000000e-03  train: 2.195480e-01 1.907059e-01  validation: 2.056341e-01 2.529843e-01  
Epoch=    236,  lr= 2.000000e-03  train: 2.091457e-01 2.106217e-01  validation: 2.022273e-01 1.555307e-01  
Epoch=    237,  lr= 2.000000e-03  train: 2.050071e-01 1.846468e-01  validation: 2.035451e-01 1.037765e-01  
Epoch=    238,  lr= 2.000000e-03  train: 2.174973e-01 2.452002e-01  validation: 2.112800e-01 1.391226e-01  
Epoch=    239,  lr= 2.000000e-03  train: 2.028419e-01 1.843107e-01  validation: 2.064152e-01 1.784573e-01  
Epoch=    240,  lr= 2.000000e-03  train: 2.111942e-01 2.355509e-01  validation: 2.019949e-01 1.127612e-01  
Epoch=    241,  lr= 2.000000e-03  train: 2.114099e-01 2.127404e-01  validation: 2.069119e-01 1.175150e-01  
Epoch=    242,  lr= 2.000000e-03  train: 2.149223e-01 2.362049e-01  validation: 2.012285e-01 1.412054e-01  
Epoch=    243,  lr= 2.000000e-03  train: 2.156899e-01 2.629410e-01  validation: 2.902805e-01 5.021995e-01  
Epoch=    244,  lr= 2.000000e-03  train: 2.201736e-01 2.724018e-01  validation: 1.975505e-01 1.027790e-01  
Epoch=    245,  lr= 2.000000e-03  train: 2.077318e-01 1.884421e-01  validation: 2.203587e-01 2.149123e-01  
Epoch=    246,  lr= 2.000000e-03  train: 2.095663e-01 2.317521e-01  validation: 2.041827e-01 1.012582e-01  
Epoch=    247,  lr= 2.000000e-03  train: 2.207330e-01 3.272426e-01  validation: 2.336972e-01 2.068933e-01  
Epoch=    248,  lr= 2.000000e-03  train: 2.144892e-01 2.354573e-01  validation: 2.056384e-01 1.551797e-01  
Epoch=    249,  lr= 2.000000e-03  train: 2.051951e-01 1.970185e-01  validation: 2.470507e-01 6.729285e-01  
Epoch=    250,  lr= 2.000000e-03  train: 2.228935e-01 3.419524e-01  validation: 2.487981e-01 1.792334e-01  
Epoch=    251,  lr= 2.000000e-03  train: 2.034405e-01 2.139651e-01  validation: 1.965829e-01 1.939233e-01  
Epoch=    252,  lr= 2.000000e-03  train: 2.033010e-01 1.763188e-01  validation: 1.973279e-01 1.043606e-01  
Epoch=    253,  lr= 2.000000e-03  train: 2.122044e-01 2.354905e-01  validation: 2.047159e-01 1.231150e-01  
Epoch=    254,  lr= 2.000000e-03  train: 2.082223e-01 2.212020e-01  validation: 1.952884e-01 1.862467e-01  
Epoch=    255,  lr= 2.000000e-03  train: 2.057103e-01 2.658599e-01  validation: 2.643659e-01 6.480575e-01  
Epoch=    256,  lr= 2.000000e-03  train: 2.105200e-01 2.523137e-01  validation: 2.093794e-01 1.112969e-01  
Epoch=    257,  lr= 2.000000e-03  train: 2.060782e-01 2.137492e-01  validation: 2.061492e-01 2.716494e-01  
Epoch=    258,  lr= 2.000000e-03  train: 2.067624e-01 2.109232e-01  validation: 2.059361e-01 1.785587e-01  
Epoch=    259,  lr= 2.000000e-03  train: 2.160563e-01 2.223376e-01  validation: 1.947855e-01 1.901192e-01  
Epoch=    260,  lr= 2.000000e-03  train: 1.964056e-01 1.806540e-01  validation: 1.955694e-01 1.036625e-01  
Epoch=    261,  lr= 2.000000e-03  train: 2.060745e-01 2.159870e-01  validation: 1.965462e-01 2.414443e-01  
Epoch=    262,  lr= 2.000000e-03  train: 2.170161e-01 2.132175e-01  validation: 2.336268e-01 3.332741e-01  
Epoch=    263,  lr= 2.000000e-03  train: 2.216365e-01 2.705458e-01  validation: 2.105495e-01 3.764721e-01  
Epoch=    264,  lr= 2.000000e-03  train: 2.184386e-01 3.210333e-01  validation: 1.986000e-01 2.171551e-01  
Epoch=    265,  lr= 2.000000e-03  train: 2.074963e-01 2.169606e-01  validation: 1.946291e-01 1.531781e-01  
Epoch=    266,  lr= 2.000000e-03  train: 1.975842e-01 1.882546e-01  validation: 1.976989e-01 2.361830e-01  
Epoch=    267,  lr= 2.000000e-03  train: 2.045599e-01 2.138032e-01  validation: 1.992403e-01 4.024993e-01  
Epoch=    268,  lr= 2.000000e-03  train: 1.998029e-01 2.219683e-01  validation: 1.918844e-01 1.172493e-01  
Epoch=    269,  lr= 2.000000e-03  train: 2.109582e-01 2.106035e-01  validation: 1.922036e-01 1.143171e-01  
Epoch=    270,  lr= 2.000000e-03  train: 1.983709e-01 1.738027e-01  validation: 1.972209e-01 1.283339e-01  
Epoch=    271,  lr= 2.000000e-03  train: 2.044969e-01 1.960610e-01  validation: 1.965551e-01 1.014131e-01  
Epoch=    272,  lr= 2.000000e-03  train: 2.141043e-01 2.727207e-01  validation: 1.937348e-01 5.131639e-01  
Epoch=    273,  lr= 2.000000e-03  train: 2.012962e-01 2.031620e-01  validation: 1.884922e-01 9.458818e-02  
Epoch=    274,  lr= 2.000000e-03  train: 2.125735e-01 2.337990e-01  validation: 2.276570e-01 2.475316e-01  
Epoch=    275,  lr= 2.000000e-03  train: 2.048030e-01 2.632073e-01  validation: 1.915449e-01 1.123502e-01  
Epoch=    276,  lr= 2.000000e-03  train: 2.063420e-01 2.589504e-01  validation: 2.100493e-01 1.838441e-01  
Epoch=    277,  lr= 2.000000e-03  train: 1.994510e-01 1.727449e-01  validation: 2.783245e-01 2.648739e-01  
Epoch=    278,  lr= 2.000000e-03  train: 1.999400e-01 2.033105e-01  validation: 1.883952e-01 1.256614e-01  
Epoch=    279,  lr= 2.000000e-03  train: 1.955584e-01 1.725241e-01  validation: 2.010212e-01 2.726013e-01  
Epoch=    280,  lr= 2.000000e-03  train: 2.088135e-01 2.789910e-01  validation: 1.896059e-01 1.033843e-01  
Epoch=    281,  lr= 2.000000e-03  train: 2.315734e-01 3.799074e-01  validation: 1.980692e-01 2.534184e-01  
Epoch=    282,  lr= 2.000000e-03  train: 1.970865e-01 1.715964e-01  validation: 1.943980e-01 1.929131e-01  
Epoch=    283,  lr= 2.000000e-03  train: 2.006067e-01 1.788675e-01  validation: 2.013805e-01 1.091740e-01  
Epoch=    284,  lr= 2.000000e-03  train: 2.019926e-01 1.858656e-01  validation: 1.909312e-01 2.161176e-01  
Epoch=    285,  lr= 2.000000e-03  train: 2.008628e-01 1.759917e-01  validation: 1.870161e-01 9.941443e-02  
Epoch=    286,  lr= 2.000000e-03  train: 1.889952e-01 1.602756e-01  validation: 1.883371e-01 1.113955e-01  
Epoch=    287,  lr= 2.000000e-03  train: 2.052152e-01 2.539249e-01  validation: 1.874355e-01 2.127727e-01  
Epoch=    288,  lr= 2.000000e-03  train: 2.201418e-01 2.797022e-01  validation: 2.091674e-01 2.129013e-01  
Epoch=    289,  lr= 2.000000e-03  train: 2.008356e-01 2.430295e-01  validation: 1.886545e-01 1.914059e-01  
Epoch=    290,  lr= 2.000000e-03  train: 1.897498e-01 1.785610e-01  validation: 1.855772e-01 2.311261e-01  
Epoch=    291,  lr= 2.000000e-03  train: 1.980936e-01 2.188144e-01  validation: 1.883984e-01 9.357909e-02  
Epoch=    292,  lr= 2.000000e-03  train: 2.309571e-01 3.218600e-01  validation: 2.374517e-01 5.447252e-01  
Epoch=    293,  lr= 2.000000e-03  train: 1.998313e-01 1.920783e-01  validation: 1.988134e-01 1.188758e-01  
Epoch=    294,  lr= 2.000000e-03  train: 1.926447e-01 1.708985e-01  validation: 2.053370e-01 1.741650e-01  
Epoch=    295,  lr= 2.000000e-03  train: 1.972353e-01 1.815554e-01  validation: 1.936578e-01 2.595022e-01  
Epoch=    296,  lr= 2.000000e-03  train: 1.858707e-01 1.516686e-01  validation: 1.872594e-01 3.325845e-01  
Epoch=    297,  lr= 2.000000e-03  train: 2.075352e-01 2.318144e-01  validation: 1.971163e-01 3.193730e-01  
Epoch=    298,  lr= 2.000000e-03  train: 2.002083e-01 2.003697e-01  validation: 1.911818e-01 1.238485e-01  
Epoch=    299,  lr= 2.000000e-03  train: 1.933294e-01 1.777283e-01  validation: 1.968658e-01 1.881720e-01  
Epoch=    300,  lr= 2.000000e-03  train: 2.123583e-01 2.433410e-01  validation: 2.412077e-01 1.471436e-01  
Epoch=    301,  lr= 2.000000e-03  train: 2.139215e-01 2.676103e-01  validation: 1.895215e-01 1.573710e-01  
Epoch=    302,  lr= 2.000000e-03  train: 1.962317e-01 1.774155e-01  validation: 1.887146e-01 2.742114e-01  
Epoch=    303,  lr= 2.000000e-03  train: 1.866009e-01 1.578264e-01  validation: 2.008310e-01 1.120912e-01  
Epoch=    304,  lr= 2.000000e-03  train: 1.966172e-01 2.339931e-01  validation: 1.845754e-01 1.300269e-01  
Epoch=    305,  lr= 2.000000e-03  train: 1.954795e-01 2.357692e-01  validation: 1.848641e-01 9.349460e-02  
Epoch=    306,  lr= 2.000000e-03  train: 1.902488e-01 1.906635e-01  validation: 1.846303e-01 1.065199e-01  
Epoch=    307,  lr= 2.000000e-03  train: 1.993661e-01 2.099871e-01  validation: 1.954067e-01 3.224069e-01  
Epoch=    308,  lr= 2.000000e-03  train: 2.084664e-01 2.232876e-01  validation: 1.950139e-01 1.098759e-01  
Epoch=    309,  lr= 2.000000e-03  train: 2.057658e-01 2.297312e-01  validation: 2.144463e-01 1.125275e-01  
Epoch=    310,  lr= 2.000000e-03  train: 1.939743e-01 1.936274e-01  validation: 2.961714e-01 3.175622e-01  
Epoch=    311,  lr= 2.000000e-03  train: 2.080370e-01 2.377555e-01  validation: 1.977653e-01 1.548101e-01  
Epoch=    312,  lr= 2.000000e-03  train: 1.885717e-01 1.794079e-01  validation: 1.871441e-01 1.656815e-01  
Epoch=    313,  lr= 2.000000e-03  train: 2.294776e-01 3.727122e-01  validation: 2.135792e-01 4.685753e-01  
Epoch=    314,  lr= 2.000000e-03  train: 1.982228e-01 2.164517e-01  validation: 1.895279e-01 1.955118e-01  
Epoch=    315,  lr= 2.000000e-03  train: 1.839218e-01 1.397407e-01  validation: 1.831957e-01 1.116081e-01  
Epoch=    316,  lr= 2.000000e-03  train: 1.859560e-01 1.800842e-01  validation: 1.967461e-01 2.168176e-01  
Epoch=    317,  lr= 2.000000e-03  train: 1.905735e-01 2.275920e-01  validation: 2.002990e-01 2.762200e-01  
Epoch=    318,  lr= 2.000000e-03  train: 1.958469e-01 2.393488e-01  validation: 1.816403e-01 2.452814e-01  
Epoch=    319,  lr= 2.000000e-03  train: 2.074108e-01 2.480526e-01  validation: 1.998719e-01 1.610652e-01  
Epoch=    320,  lr= 2.000000e-03  train: 1.892356e-01 1.559803e-01  validation: 1.807550e-01 1.879091e-01  
Epoch=    321,  lr= 2.000000e-03  train: 1.917507e-01 1.836140e-01  validation: 1.923908e-01 9.937131e-02  
Epoch=    322,  lr= 2.000000e-03  train: 2.566510e-01 3.887138e-01  validation: 1.849162e-01 1.140780e-01  
Epoch=    323,  lr= 2.000000e-03  train: 1.875427e-01 1.530304e-01  validation: 1.926723e-01 1.314507e-01  
Epoch=    324,  lr= 2.000000e-03  train: 1.848363e-01 2.093968e-01  validation: 1.835791e-01 1.371403e-01  
Epoch=    325,  lr= 2.000000e-03  train: 1.871435e-01 1.990567e-01  validation: 1.913556e-01 1.489848e-01  
Epoch=    326,  lr= 2.000000e-03  train: 1.878331e-01 1.899925e-01  validation: 1.813078e-01 1.463814e-01  
Epoch=    327,  lr= 2.000000e-03  train: 1.907412e-01 1.743124e-01  validation: 1.834426e-01 2.779278e-01  
Epoch=    328,  lr= 2.000000e-03  train: 1.979245e-01 2.189195e-01  validation: 2.096467e-01 1.947588e-01  
Epoch=    329,  lr= 2.000000e-03  train: 1.946976e-01 2.261124e-01  validation: 2.092421e-01 1.402303e-01  
Epoch=    330,  lr= 2.000000e-03  train: 1.857760e-01 1.416159e-01  validation: 1.907004e-01 3.514513e-01  
Epoch=    331,  lr= 2.000000e-03  train: 1.836190e-01 1.634507e-01  validation: 1.812537e-01 2.465906e-01  
Epoch=    332,  lr= 2.000000e-03  train: 1.967960e-01 2.121765e-01  validation: 2.086258e-01 1.270497e-01  
Epoch=    333,  lr= 2.000000e-03  train: 1.931802e-01 2.162050e-01  validation: 1.908090e-01 1.000273e-01  
Epoch=    334,  lr= 2.000000e-03  train: 1.926581e-01 2.306982e-01  validation: 1.803508e-01 2.991065e-01  
Epoch=    335,  lr= 2.000000e-03  train: 1.852282e-01 1.756382e-01  validation: 2.014964e-01 2.897935e-01  
Epoch=    336,  lr= 2.000000e-03  train: 2.047427e-01 2.435470e-01  validation: 2.070800e-01 2.479691e-01  
Epoch=    337,  lr= 2.000000e-03  train: 1.915414e-01 2.200537e-01  validation: 1.908299e-01 1.709071e-01  
Epoch=    338,  lr= 2.000000e-03  train: 1.861978e-01 1.938232e-01  validation: 1.945982e-01 1.098104e-01  
Epoch=    339,  lr= 2.000000e-03  train: 2.301255e-01 3.409169e-01  validation: 1.809430e-01 9.919363e-02  
Epoch=    340,  lr= 2.000000e-03  train: 1.881468e-01 1.882994e-01  validation: 1.768269e-01 9.641524e-02  
Epoch=    341,  lr= 2.000000e-03  train: 1.865536e-01 1.952911e-01  validation: 1.794785e-01 1.132336e-01  
Epoch=    342,  lr= 2.000000e-03  train: 1.848544e-01 2.215653e-01  validation: 1.847491e-01 1.114841e-01  
Epoch=    343,  lr= 2.000000e-03  train: 1.812327e-01 1.569557e-01  validation: 1.749465e-01 2.171445e-01  
Epoch=    344,  lr= 2.000000e-03  train: 1.852571e-01 1.811959e-01  validation: 1.851124e-01 1.310225e-01  
Epoch=    345,  lr= 2.000000e-03  train: 1.884158e-01 2.244437e-01  validation: 1.821290e-01 1.860003e-01  
Epoch=    346,  lr= 2.000000e-03  train: 1.834007e-01 1.711839e-01  validation: 1.790973e-01 2.343389e-01  
Epoch=    347,  lr= 2.000000e-03  train: 2.222971e-01 2.373292e-01  validation: 1.765935e-01 1.433680e-01  
Epoch=    348,  lr= 2.000000e-03  train: 1.874394e-01 1.859939e-01  validation: 1.791880e-01 1.093894e-01  
Epoch=    349,  lr= 2.000000e-03  train: 1.820699e-01 1.671561e-01  validation: 1.792498e-01 9.560984e-02  
Epoch=    350,  lr= 2.000000e-03  train: 1.868994e-01 1.912226e-01  validation: 1.912414e-01 1.583421e-01  
Epoch=    351,  lr= 2.000000e-03  train: 1.824856e-01 1.803688e-01  validation: 1.823245e-01 2.771261e-01  
Epoch=    352,  lr= 2.000000e-03  train: 1.813001e-01 1.602699e-01  validation: 1.804671e-01 1.329114e-01  
Epoch=    353,  lr= 2.000000e-03  train: 1.882275e-01 1.844811e-01  validation: 2.051704e-01 3.262913e-01  
Epoch=    354,  lr= 2.000000e-03  train: 1.917331e-01 2.501985e-01  validation: 1.988068e-01 1.295809e-01  
Epoch=    355,  lr= 2.000000e-03  train: 1.893028e-01 1.803516e-01  validation: 1.769296e-01 9.274630e-02  
Epoch=    356,  lr= 2.000000e-03  train: 1.980327e-01 1.995043e-01  validation: 1.841996e-01 1.225076e-01  
Epoch=    357,  lr= 2.000000e-03  train: 1.785753e-01 1.526139e-01  validation: 1.734918e-01 1.745546e-01  
Epoch=    358,  lr= 2.000000e-03  train: 1.933396e-01 2.422087e-01  validation: 1.865609e-01 3.400213e-01  
Epoch=    359,  lr= 2.000000e-03  train: 1.787555e-01 1.701885e-01  validation: 1.773556e-01 9.013275e-02  
Epoch=    360,  lr= 2.000000e-03  train: 1.913294e-01 2.240945e-01  validation: 2.030418e-01 1.136218e-01  
Epoch=    361,  lr= 2.000000e-03  train: 2.072639e-01 2.499927e-01  validation: 2.679672e-01 4.900116e-01  
Epoch=    362,  lr= 2.000000e-03  train: 2.001481e-01 2.624541e-01  validation: 1.926339e-01 3.534837e-01  
Epoch=    363,  lr= 2.000000e-03  train: 1.848626e-01 2.124580e-01  validation: 1.921726e-01 5.690527e-01  
Epoch=    364,  lr= 2.000000e-03  train: 1.809646e-01 1.747759e-01  validation: 1.742739e-01 2.119955e-01  
Epoch=    365,  lr= 2.000000e-03  train: 1.891766e-01 1.892322e-01  validation: 1.887682e-01 1.893935e-01  
Epoch=    366,  lr= 2.000000e-03  train: 1.814798e-01 1.740414e-01  validation: 1.976413e-01 1.705693e-01  
Epoch=    367,  lr= 2.000000e-03  train: 1.864060e-01 2.234994e-01  validation: 1.796577e-01 1.147380e-01  
Epoch=    368,  lr= 2.000000e-03  train: 1.795046e-01 1.706217e-01  validation: 1.800247e-01 9.774388e-02  
Epoch=    369,  lr= 2.000000e-03  train: 1.898108e-01 1.982845e-01  validation: 1.843260e-01 9.157072e-02  
Epoch=    370,  lr= 2.000000e-03  train: 1.786874e-01 1.534384e-01  validation: 1.717051e-01 1.655896e-01  
Epoch=    371,  lr= 2.000000e-03  train: 1.834095e-01 2.238012e-01  validation: 1.958597e-01 9.380873e-02  
Epoch=    372,  lr= 2.000000e-03  train: 2.037593e-01 3.227589e-01  validation: 1.842656e-01 1.279358e-01  
Epoch=    373,  lr= 2.000000e-03  train: 1.849003e-01 1.763835e-01  validation: 1.786818e-01 1.108973e-01  
Epoch=    374,  lr= 2.000000e-03  train: 1.824342e-01 1.812049e-01  validation: 1.834621e-01 1.374794e-01  
Epoch=    375,  lr= 2.000000e-03  train: 1.835675e-01 1.684924e-01  validation: 1.791534e-01 1.100779e-01  
Epoch=    376,  lr= 2.000000e-03  train: 1.862223e-01 2.015979e-01  validation: 1.721346e-01 2.012343e-01  
Epoch=    377,  lr= 2.000000e-03  train: 1.840287e-01 1.768194e-01  validation: 2.034038e-01 8.207896e-01  
Epoch=    378,  lr= 2.000000e-03  train: 1.920257e-01 3.016206e-01  validation: 1.852028e-01 4.300900e-01  
Epoch=    379,  lr= 2.000000e-03  train: 1.773192e-01 1.870700e-01  validation: 1.848279e-01 1.713848e-01  
Epoch=    380,  lr= 2.000000e-03  train: 1.895778e-01 1.952405e-01  validation: 1.859194e-01 2.852765e-01  
Epoch=    381,  lr= 2.000000e-03  train: 1.817415e-01 1.835119e-01  validation: 1.780299e-01 1.387433e-01  
Epoch=    382,  lr= 2.000000e-03  train: 1.973161e-01 2.577162e-01  validation: 1.693844e-01 1.880407e-01  
Epoch=    383,  lr= 2.000000e-03  train: 1.804595e-01 1.759920e-01  validation: 1.850650e-01 1.521105e-01  
Epoch=    384,  lr= 2.000000e-03  train: 1.781228e-01 1.471318e-01  validation: 1.724841e-01 1.297324e-01  
Epoch=    385,  lr= 2.000000e-03  train: 1.864339e-01 1.871776e-01  validation: 2.575393e-01 2.065105e-01  
Epoch=    386,  lr= 2.000000e-03  train: 2.207973e-01 3.332403e-01  validation: 1.866058e-01 8.975337e-02  
Epoch=    387,  lr= 2.000000e-03  train: 1.742981e-01 1.569028e-01  validation: 1.776680e-01 2.457535e-01  
Epoch=    388,  lr= 2.000000e-03  train: 1.744759e-01 1.484041e-01  validation: 1.819687e-01 9.406475e-02  
Epoch=    389,  lr= 2.000000e-03  train: 1.771195e-01 1.730686e-01  validation: 1.796488e-01 1.083309e-01  
Epoch=    390,  lr= 2.000000e-03  train: 1.770111e-01 1.720446e-01  validation: 1.684991e-01 1.022145e-01  
Epoch=    391,  lr= 2.000000e-03  train: 1.832940e-01 1.803336e-01  validation: 1.872081e-01 1.020753e-01  
Epoch=    392,  lr= 2.000000e-03  train: 1.817378e-01 1.931497e-01  validation: 1.842240e-01 1.453889e-01  
Epoch=    393,  lr= 2.000000e-03  train: 1.816775e-01 1.997772e-01  validation: 2.012220e-01 1.146896e-01  
Epoch=    394,  lr= 2.000000e-03  train: 1.785958e-01 1.707755e-01  validation: 2.246001e-01 1.637217e-01  
Epoch=    395,  lr= 2.000000e-03  train: 1.969235e-01 2.158564e-01  validation: 1.713276e-01 9.046760e-02  
Epoch=    396,  lr= 2.000000e-03  train: 1.767764e-01 1.750165e-01  validation: 1.883123e-01 5.207506e-01  
Epoch=    397,  lr= 2.000000e-03  train: 1.913568e-01 2.132457e-01  validation: 1.709874e-01 8.917033e-02  
Epoch=    398,  lr= 2.000000e-03  train: 1.728491e-01 1.296852e-01  validation: 1.823566e-01 1.201321e-01  
Epoch=    399,  lr= 2.000000e-03  train: 1.826845e-01 1.874887e-01  validation: 1.816467e-01 2.915514e-01  
Epoch=    400,  lr= 2.000000e-03  train: 1.839799e-01 2.031339e-01  validation: 1.950788e-01 2.314466e-01  
Epoch=    401,  lr= 2.000000e-03  train: 1.924243e-01 2.609008e-01  validation: 1.721633e-01 8.955258e-02  
Epoch=    402,  lr= 2.000000e-03  train: 1.746292e-01 1.449139e-01  validation: 1.698373e-01 1.087931e-01  
Epoch=    403,  lr= 2.000000e-03  train: 1.824236e-01 1.710743e-01  validation: 2.008268e-01 2.110845e-01  
Epoch=    404,  lr= 2.000000e-03  train: 2.064527e-01 2.622321e-01  validation: 1.843767e-01 1.567822e-01  
Epoch=    405,  lr= 2.000000e-03  train: 1.729343e-01 1.441469e-01  validation: 1.714717e-01 2.590173e-01  
Epoch=    406,  lr= 2.000000e-03  train: 1.809793e-01 1.910142e-01  validation: 1.787254e-01 1.389308e-01  
Epoch=    407,  lr= 2.000000e-03  train: 1.756623e-01 1.613354e-01  validation: 2.423970e-01 1.422924e-01  
Epoch=    408,  lr= 2.000000e-03  train: 1.786940e-01 1.816139e-01  validation: 1.730883e-01 8.517645e-02  
Epoch=    409,  lr= 2.000000e-03  train: 1.809595e-01 1.812157e-01  validation: 1.799949e-01 2.485810e-01  
Epoch=    410,  lr= 2.000000e-03  train: 1.831639e-01 2.177949e-01  validation: 1.857683e-01 1.845094e-01  
Epoch=    411,  lr= 2.000000e-03  train: 1.876770e-01 2.153026e-01  validation: 1.793574e-01 9.264079e-02  
Epoch=    412,  lr= 2.000000e-03  train: 1.743893e-01 1.574067e-01  validation: 1.691464e-01 1.625706e-01  
Epoch=    413,  lr= 2.000000e-03  train: 1.730019e-01 1.556522e-01  validation: 1.723504e-01 1.683238e-01  
Epoch=    414,  lr= 2.000000e-03  train: 1.833444e-01 1.833758e-01  validation: 1.857306e-01 2.382565e-01  
Epoch=    415,  lr= 2.000000e-03  train: 1.769613e-01 1.950876e-01  validation: 1.786563e-01 1.537324e-01  
Epoch=    416,  lr= 2.000000e-03  train: 2.042539e-01 2.715446e-01  validation: 2.630871e-01 3.850420e-01  
Epoch=    417,  lr= 2.000000e-03  train: 1.810416e-01 1.938482e-01  validation: 1.704534e-01 1.408986e-01  
Epoch=    418,  lr= 2.000000e-03  train: 1.733549e-01 1.435915e-01  validation: 1.658187e-01 1.272499e-01  
Epoch=    419,  lr= 2.000000e-03  train: 1.715804e-01 1.585397e-01  validation: 1.656111e-01 9.721060e-02  
Epoch=    420,  lr= 2.000000e-03  train: 1.739396e-01 1.826808e-01  validation: 1.798950e-01 1.087702e-01  
Epoch=    421,  lr= 2.000000e-03  train: 1.725839e-01 1.549383e-01  validation: 1.705999e-01 2.932599e-01  
Epoch=    422,  lr= 2.000000e-03  train: 1.843949e-01 2.080823e-01  validation: 2.015326e-01 1.450554e-01  
Epoch=    423,  lr= 2.000000e-03  train: 1.910746e-01 2.429235e-01  validation: 1.841064e-01 1.263692e-01  
Epoch=    424,  lr= 2.000000e-03  train: 1.724984e-01 1.509259e-01  validation: 1.743539e-01 1.258924e-01  
Epoch=    425,  lr= 2.000000e-03  train: 1.758442e-01 1.586907e-01  validation: 1.663171e-01 8.517797e-02  
Epoch=    426,  lr= 2.000000e-03  train: 1.762348e-01 1.659308e-01  validation: 1.725959e-01 1.699177e-01  
Epoch=    427,  lr= 2.000000e-03  train: 1.753949e-01 1.570921e-01  validation: 1.694068e-01 2.479027e-01  
Epoch=    428,  lr= 2.000000e-03  train: 1.703831e-01 1.618780e-01  validation: 1.717671e-01 1.257757e-01  
Epoch=    429,  lr= 2.000000e-03  train: 1.897847e-01 2.097623e-01  validation: 1.757265e-01 2.917804e-01  
Epoch=    430,  lr= 2.000000e-03  train: 1.779527e-01 1.711701e-01  validation: 1.734850e-01 1.589459e-01  
Epoch=    431,  lr= 2.000000e-03  train: 1.739816e-01 1.548107e-01  validation: 1.690811e-01 1.026192e-01  
Epoch=    432,  lr= 2.000000e-03  train: 1.781970e-01 1.869650e-01  validation: 1.722311e-01 1.752769e-01  
Epoch=    433,  lr= 2.000000e-03  train: 1.764282e-01 1.577010e-01  validation: 1.715891e-01 1.267767e-01  
Epoch=    434,  lr= 2.000000e-03  train: 1.832163e-01 1.602558e-01  validation: 1.675359e-01 1.488747e-01  
Epoch=    435,  lr= 2.000000e-03  train: 1.780332e-01 1.808340e-01  validation: 1.813845e-01 1.066035e-01  
Epoch=    436,  lr= 2.000000e-03  train: 1.726945e-01 1.848228e-01  validation: 1.737211e-01 9.707084e-02  
Epoch=    437,  lr= 2.000000e-03  train: 1.995992e-01 2.666160e-01  validation: 1.738859e-01 9.188633e-02  
Epoch=    438,  lr= 2.000000e-03  train: 1.724972e-01 1.783221e-01  validation: 1.680698e-01 1.203511e-01  
Epoch=    439,  lr= 2.000000e-03  train: 1.686420e-01 1.615005e-01  validation: 1.697298e-01 1.011072e-01  
Epoch=    440,  lr= 2.000000e-03  train: 1.728441e-01 1.606660e-01  validation: 1.913790e-01 1.395764e-01  
Epoch=    441,  lr= 2.000000e-03  train: 1.892127e-01 1.823087e-01  validation: 1.820138e-01 1.113817e-01  
Epoch=    442,  lr= 2.000000e-03  train: 1.758482e-01 1.872846e-01  validation: 1.732210e-01 1.088693e-01  
Epoch=    443,  lr= 2.000000e-03  train: 1.679888e-01 1.387235e-01  validation: 1.696280e-01 1.164143e-01  
Epoch=    444,  lr= 2.000000e-03  train: 1.736280e-01 1.760814e-01  validation: 1.701625e-01 1.582519e-01  
Epoch=    445,  lr= 2.000000e-03  train: 2.013757e-01 2.629222e-01  validation: 1.743284e-01 1.008119e-01  
Epoch=    446,  lr= 2.000000e-03  train: 1.766967e-01 2.152505e-01  validation: 1.688208e-01 1.039307e-01  
Epoch=    447,  lr= 2.000000e-03  train: 1.747212e-01 1.542659e-01  validation: 1.848272e-01 3.097166e-01  
Epoch=    448,  lr= 2.000000e-03  train: 2.163877e-01 2.970516e-01  validation: 1.717407e-01 9.567528e-02  
Epoch=    449,  lr= 2.000000e-03  train: 1.655324e-01 1.389887e-01  validation: 1.633586e-01 1.287570e-01  
Epoch=    450,  lr= 2.000000e-03  train: 1.651430e-01 1.405258e-01  validation: 1.642125e-01 9.320420e-02  
Epoch=    451,  lr= 2.000000e-03  train: 1.706915e-01 1.772707e-01  validation: 1.833491e-01 2.026702e-01  
Epoch=    452,  lr= 2.000000e-03  train: 1.691777e-01 1.359986e-01  validation: 1.743661e-01 1.178277e-01  
Epoch=    453,  lr= 2.000000e-03  train: 1.666090e-01 1.398570e-01  validation: 1.774159e-01 2.057976e-01  
Epoch=    454,  lr= 2.000000e-03  train: 2.124042e-01 2.524060e-01  validation: 1.631137e-01 1.420317e-01  
Epoch=    455,  lr= 2.000000e-03  train: 1.705020e-01 1.730715e-01  validation: 1.647120e-01 8.989944e-02  
Epoch=    456,  lr= 2.000000e-03  train: 1.651134e-01 1.264711e-01  validation: 1.712604e-01 9.663705e-02  
Epoch=    457,  lr= 2.000000e-03  train: 1.650981e-01 1.318231e-01  validation: 1.631856e-01 8.594958e-02  
Epoch=    458,  lr= 2.000000e-03  train: 1.689961e-01 1.597752e-01  validation: 1.692974e-01 1.334752e-01  
Epoch=    459,  lr= 2.000000e-03  train: 1.878852e-01 2.626396e-01  validation: 1.749614e-01 2.124064e-01  
Epoch=    460,  lr= 2.000000e-03  train: 1.693104e-01 1.701502e-01  validation: 1.640684e-01 8.452155e-02  
Epoch=    461,  lr= 2.000000e-03  train: 1.763741e-01 1.847007e-01  validation: 1.658204e-01 1.778607e-01  
Epoch=    462,  lr= 2.000000e-03  train: 1.672862e-01 1.419620e-01  validation: 1.677395e-01 1.515882e-01  
Epoch=    463,  lr= 2.000000e-03  train: 1.737458e-01 1.790275e-01  validation: 1.825172e-01 1.809972e-01  
Epoch=    464,  lr= 2.000000e-03  train: 1.929863e-01 2.511727e-01  validation: 1.846286e-01 1.065682e-01  
Epoch=    465,  lr= 2.000000e-03  train: 1.854464e-01 2.032907e-01  validation: 1.653312e-01 8.610558e-02  
Epoch=    466,  lr= 2.000000e-03  train: 1.746444e-01 1.707255e-01  validation: 1.691620e-01 9.612171e-02  
Epoch=    467,  lr= 2.000000e-03  train: 1.725965e-01 1.739506e-01  validation: 2.016654e-01 2.328556e-01  
Epoch=    468,  lr= 2.000000e-03  train: 1.703829e-01 1.553500e-01  validation: 1.652487e-01 1.529987e-01  
Epoch=    469,  lr= 2.000000e-03  train: 1.701568e-01 1.437586e-01  validation: 1.638765e-01 9.391383e-02  
Epoch=    470,  lr= 2.000000e-03  train: 1.652299e-01 1.414463e-01  validation: 1.589157e-01 7.040843e-02  
Epoch=    471,  lr= 2.000000e-03  train: 1.639004e-01 1.410820e-01  validation: 1.950398e-01 2.337921e-01  
Epoch=    472,  lr= 2.000000e-03  train: 1.807885e-01 1.971107e-01  validation: 1.630888e-01 9.254254e-02  
Epoch=    473,  lr= 2.000000e-03  train: 1.742361e-01 1.813792e-01  validation: 1.648552e-01 9.479409e-02  
Epoch=    474,  lr= 2.000000e-03  train: 1.690464e-01 1.767158e-01  validation: 1.667231e-01 8.363570e-02  
Epoch=    475,  lr= 2.000000e-03  train: 1.780349e-01 2.105704e-01  validation: 1.817186e-01 2.026609e-01  
Epoch=    476,  lr= 2.000000e-03  train: 1.674092e-01 1.503864e-01  validation: 1.726334e-01 1.193963e-01  
Epoch=    477,  lr= 2.000000e-03  train: 1.955969e-01 2.378299e-01  validation: 1.580687e-01 1.788998e-01  
Epoch=    478,  lr= 2.000000e-03  train: 1.675760e-01 1.493655e-01  validation: 1.711744e-01 1.141487e-01  
Epoch=    479,  lr= 2.000000e-03  train: 1.682691e-01 1.554360e-01  validation: 1.621929e-01 1.365837e-01  
Epoch=    480,  lr= 2.000000e-03  train: 1.745237e-01 1.866416e-01  validation: 1.634564e-01 8.779683e-02  
Epoch=    481,  lr= 2.000000e-03  train: 1.693070e-01 1.684365e-01  validation: 1.672958e-01 1.169127e-01  
Epoch=    482,  lr= 2.000000e-03  train: 1.789651e-01 1.665224e-01  validation: 1.866304e-01 1.536514e-01  
Epoch=    483,  lr= 2.000000e-03  train: 1.669688e-01 1.448136e-01  validation: 1.643764e-01 1.138641e-01  
Epoch=    484,  lr= 2.000000e-03  train: 1.660661e-01 1.718640e-01  validation: 1.765454e-01 1.368974e-01  
Epoch=    485,  lr= 2.000000e-03  train: 1.735046e-01 1.875087e-01  validation: 1.700593e-01 1.730924e-01  
Epoch=    486,  lr= 2.000000e-03  train: 1.984827e-01 2.469273e-01  validation: 1.640218e-01 1.101268e-01  
Epoch=    487,  lr= 2.000000e-03  train: 1.637597e-01 1.331737e-01  validation: 1.643097e-01 1.290188e-01  
Epoch=    488,  lr= 2.000000e-03  train: 1.656437e-01 1.465107e-01  validation: 1.574254e-01 9.170778e-02  
Epoch=    489,  lr= 2.000000e-03  train: 1.702457e-01 1.524099e-01  validation: 1.747846e-01 1.161176e-01  
Epoch=    490,  lr= 2.000000e-03  train: 1.922757e-01 2.126464e-01  validation: 2.015555e-01 2.275970e-01  
Epoch=    491,  lr= 2.000000e-03  train: 1.729259e-01 1.843637e-01  validation: 1.702915e-01 1.403854e-01  
Epoch=    492,  lr= 2.000000e-03  train: 1.667556e-01 1.279194e-01  validation: 1.883079e-01 3.320056e-01  
Epoch=    493,  lr= 2.000000e-03  train: 1.723866e-01 2.041685e-01  validation: 1.693253e-01 3.982231e-01  
Epoch=    494,  lr= 2.000000e-03  train: 1.719820e-01 1.675981e-01  validation: 1.747698e-01 9.352731e-02  
Epoch=    495,  lr= 2.000000e-03  train: 2.390264e-01 3.539820e-01  validation: 1.663478e-01 1.141886e-01  
Epoch=    496,  lr= 2.000000e-03  train: 1.644040e-01 1.327319e-01  validation: 1.565245e-01 7.256134e-02  
Epoch=    497,  lr= 2.000000e-03  train: 1.623304e-01 1.392436e-01  validation: 1.597394e-01 8.938292e-02  
Epoch=    498,  lr= 2.000000e-03  train: 1.610644e-01 1.332098e-01  validation: 1.758194e-01 1.482020e-01  
Epoch=    499,  lr= 2.000000e-03  train: 1.654611e-01 1.576049e-01  validation: 1.592215e-01 1.909061e-01  
Epoch=    500,  lr= 2.000000e-03  train: 1.685446e-01 1.699289e-01  validation: 1.717433e-01 1.146011e-01  
Epoch=    501,  lr= 2.000000e-03  train: 1.659088e-01 1.938734e-01  validation: 1.625262e-01 8.584391e-02  
Epoch=    502,  lr= 2.000000e-03  train: 1.638865e-01 1.633188e-01  validation: 1.660999e-01 2.691288e-01  
Epoch=    503,  lr= 2.000000e-03  train: 1.648050e-01 1.574733e-01  validation: 1.548108e-01 1.123271e-01  
Epoch=    504,  lr= 2.000000e-03  train: 1.620691e-01 1.387119e-01  validation: 1.620843e-01 1.410263e-01  
Epoch=    505,  lr= 2.000000e-03  train: 1.651833e-01 1.648019e-01  validation: 1.560272e-01 1.175619e-01  
Epoch=    506,  lr= 2.000000e-03  train: 2.020350e-01 2.750371e-01  validation: 1.882278e-01 1.556266e-01  
Epoch=    507,  lr= 2.000000e-03  train: 1.692945e-01 1.588000e-01  validation: 1.640347e-01 2.047001e-01  
Epoch=    508,  lr= 2.000000e-03  train: 1.647836e-01 1.706157e-01  validation: 1.630271e-01 1.540289e-01  
Epoch=    509,  lr= 2.000000e-03  train: 1.672888e-01 1.740878e-01  validation: 1.587400e-01 8.881325e-02  
Epoch=    510,  lr= 2.000000e-03  train: 1.608852e-01 1.442061e-01  validation: 1.664981e-01 1.206191e-01  
Epoch=    511,  lr= 2.000000e-03  train: 1.665629e-01 1.846365e-01  validation: 1.858373e-01 1.852618e-01  
Epoch=    512,  lr= 2.000000e-03  train: 1.715637e-01 1.909925e-01  validation: 2.021996e-01 4.575455e-01  
Epoch=    513,  lr= 2.000000e-03  train: 1.828912e-01 2.213892e-01  validation: 1.563724e-01 9.189645e-02  
Epoch=    514,  lr= 2.000000e-03  train: 1.618485e-01 1.280960e-01  validation: 1.580182e-01 8.749060e-02  
Epoch=    515,  lr= 2.000000e-03  train: 1.724485e-01 1.816050e-01  validation: 1.611930e-01 8.479414e-02  
Epoch=    516,  lr= 2.000000e-03  train: 1.693434e-01 1.600595e-01  validation: 1.851275e-01 1.280613e-01  
Epoch=    517,  lr= 2.000000e-03  train: 1.646768e-01 1.499895e-01  validation: 1.594608e-01 2.026833e-01  
Epoch=    518,  lr= 2.000000e-03  train: 1.823393e-01 2.197677e-01  validation: 1.642907e-01 1.431098e-01  
Epoch=    519,  lr= 2.000000e-03  train: 1.692750e-01 2.090800e-01  validation: 1.632470e-01 9.755296e-02  
Epoch=    520,  lr= 2.000000e-03  train: 1.659964e-01 1.664544e-01  validation: 1.563676e-01 1.471093e-01  
Epoch=    521,  lr= 2.000000e-03  train: 1.678678e-01 1.593788e-01  validation: 1.617724e-01 1.231246e-01  
Epoch=    522,  lr= 2.000000e-03  train: 1.653877e-01 1.441862e-01  validation: 1.758811e-01 1.179973e-01  
Epoch=    523,  lr= 2.000000e-03  train: 1.727505e-01 2.039335e-01  validation: 1.613898e-01 3.243810e-01  
Epoch=    524,  lr= 2.000000e-03  train: 1.614579e-01 1.637488e-01  validation: 1.690951e-01 1.180255e-01  
Epoch=    525,  lr= 2.000000e-03  train: 1.724694e-01 1.847797e-01  validation: 1.620642e-01 8.010721e-02  
Epoch=    526,  lr= 2.000000e-03  train: 1.661222e-01 1.920084e-01  validation: 1.672328e-01 2.365812e-01  
Epoch=    527,  lr= 2.000000e-03  train: 1.702413e-01 1.969141e-01  validation: 1.560652e-01 1.559622e-01  
Epoch=    528,  lr= 2.000000e-03  train: 1.950535e-01 2.833135e-01  validation: 2.497614e-01 3.153364e-01  
Epoch=    529,  lr= 2.000000e-03  train: 1.736867e-01 1.767377e-01  validation: 1.648912e-01 1.413787e-01  
Epoch=    530,  lr= 2.000000e-03  train: 1.649008e-01 1.684249e-01  validation: 1.566616e-01 1.575155e-01  
Epoch=    531,  lr= 2.000000e-03  train: 1.748567e-01 2.002516e-01  validation: 1.611492e-01 9.684081e-02  
Epoch=    532,  lr= 2.000000e-03  train: 1.586886e-01 1.375153e-01  validation: 1.615207e-01 1.420890e-01  
Epoch=    533,  lr= 2.000000e-03  train: 1.675081e-01 1.818166e-01  validation: 1.808899e-01 2.747107e-01  
Epoch=    534,  lr= 2.000000e-03  train: 1.685492e-01 1.768189e-01  validation: 1.758341e-01 1.923324e-01  
Epoch=    535,  lr= 2.000000e-03  train: 1.664861e-01 1.724673e-01  validation: 1.645687e-01 1.355640e-01  
Epoch=    536,  lr= 2.000000e-03  train: 1.627947e-01 1.491610e-01  validation: 1.620031e-01 9.999058e-02  
Epoch=    537,  lr= 2.000000e-03  train: 1.666016e-01 1.603817e-01  validation: 1.594681e-01 1.736607e-01  
Epoch=    538,  lr= 2.000000e-03  train: 1.697218e-01 1.964640e-01  validation: 1.572662e-01 1.426799e-01  
Epoch=    539,  lr= 2.000000e-03  train: 1.680503e-01 1.641770e-01  validation: 1.542285e-01 8.429382e-02  
Epoch=    540,  lr= 2.000000e-03  train: 1.606007e-01 1.449377e-01  validation: 1.582208e-01 2.442978e-01  
Epoch=    541,  lr= 2.000000e-03  train: 1.593486e-01 1.436155e-01  validation: 1.658684e-01 9.352885e-02  
Epoch=    542,  lr= 2.000000e-03  train: 1.758990e-01 2.033427e-01  validation: 1.601832e-01 8.853482e-02  
Epoch=    543,  lr= 2.000000e-03  train: 1.630369e-01 1.718281e-01  validation: 1.816860e-01 1.905751e-01  
Epoch=    544,  lr= 2.000000e-03  train: 1.661377e-01 1.746443e-01  validation: 1.516047e-01 8.663879e-02  
Epoch=    545,  lr= 2.000000e-03  train: 1.695579e-01 1.695523e-01  validation: 1.585827e-01 1.050105e-01  
Epoch=    546,  lr= 2.000000e-03  train: 1.684504e-01 1.845959e-01  validation: 1.670058e-01 8.337200e-02  
Epoch=    547,  lr= 2.000000e-03  train: 1.620661e-01 1.443321e-01  validation: 1.708072e-01 1.131169e-01  
Epoch=    548,  lr= 2.000000e-03  train: 1.622056e-01 1.508087e-01  validation: 1.559550e-01 1.037747e-01  
Epoch=    549,  lr= 2.000000e-03  train: 1.701025e-01 1.670675e-01  validation: 1.978484e-01 1.222832e-01  
Epoch=    550,  lr= 2.000000e-03  train: 1.775516e-01 2.198267e-01  validation: 1.615711e-01 1.095756e-01  
Epoch=    551,  lr= 2.000000e-03  train: 1.669737e-01 1.695131e-01  validation: 1.681533e-01 1.010296e-01  
Epoch=    552,  lr= 2.000000e-03  train: 1.651649e-01 1.986095e-01  validation: 1.638235e-01 1.334727e-01  
Epoch=    553,  lr= 2.000000e-03  train: 1.652975e-01 1.747073e-01  validation: 1.713139e-01 1.771766e-01  
Epoch=    554,  lr= 2.000000e-03  train: 1.592334e-01 1.636542e-01  validation: 1.576111e-01 1.583366e-01  
Epoch=    555,  lr= 2.000000e-03  train: 2.084782e-01 2.521199e-01  validation: 2.065370e-01 2.556916e-01  
Epoch=    556,  lr= 2.000000e-03  train: 1.658608e-01 1.604666e-01  validation: 1.742875e-01 9.055167e-02  
Epoch=    557,  lr= 2.000000e-03  train: 1.598997e-01 1.390821e-01  validation: 1.550670e-01 8.015762e-02  
Epoch=    558,  lr= 2.000000e-03  train: 1.589265e-01 1.478555e-01  validation: 1.620585e-01 1.749209e-01  
Epoch=    559,  lr= 2.000000e-03  train: 1.611182e-01 1.544729e-01  validation: 1.564595e-01 7.439567e-02  
Epoch=    560,  lr= 2.000000e-03  train: 1.569326e-01 1.245377e-01  validation: 1.575231e-01 1.807146e-01  
Epoch=    561,  lr= 2.000000e-03  train: 1.579194e-01 1.505519e-01  validation: 1.697433e-01 1.011482e-01  
Epoch=    562,  lr= 2.000000e-03  train: 1.710577e-01 2.022303e-01  validation: 1.766863e-01 2.204808e-01  
Epoch=    563,  lr= 2.000000e-03  train: 1.616127e-01 1.756142e-01  validation: 1.562305e-01 1.098647e-01  
Epoch=    564,  lr= 2.000000e-03  train: 1.590794e-01 1.459905e-01  validation: 1.563371e-01 1.444456e-01  
Epoch=    565,  lr= 2.000000e-03  train: 1.697392e-01 2.014325e-01  validation: 1.582098e-01 3.211791e-01  
Epoch=    566,  lr= 2.000000e-03  train: 1.634585e-01 1.728373e-01  validation: 1.627374e-01 2.954773e-01  
Epoch=    567,  lr= 2.000000e-03  train: 1.678834e-01 1.878125e-01  validation: 1.769931e-01 1.158887e-01  
Epoch=    568,  lr= 2.000000e-03  train: 1.662646e-01 1.783079e-01  validation: 1.772471e-01 1.314960e-01  
Epoch=    569,  lr= 2.000000e-03  train: 1.614248e-01 1.688447e-01  validation: 1.517363e-01 1.853714e-01  
Epoch=    570,  lr= 2.000000e-03  train: 1.584705e-01 1.402874e-01  validation: 1.531292e-01 2.259122e-01  
Epoch=    571,  lr= 2.000000e-03  train: 1.712451e-01 2.364240e-01  validation: 1.542163e-01 7.296307e-02  
Epoch=    572,  lr= 2.000000e-03  train: 1.618468e-01 1.666251e-01  validation: 1.805647e-01 1.288168e-01  
Epoch=    573,  lr= 2.000000e-03  train: 1.622784e-01 1.709590e-01  validation: 1.569272e-01 1.035251e-01  
Epoch=    574,  lr= 2.000000e-03  train: 1.622663e-01 1.576163e-01  validation: 1.865275e-01 4.931130e-01  
Epoch=    575,  lr= 2.000000e-03  train: 1.748799e-01 2.121617e-01  validation: 1.603903e-01 1.139503e-01  
Epoch=    576,  lr= 2.000000e-03  train: 1.557471e-01 1.324598e-01  validation: 1.594357e-01 1.875542e-01  
Epoch=    577,  lr= 2.000000e-03  train: 1.551536e-01 1.348994e-01  validation: 1.597538e-01 2.411162e-01  
Epoch=    578,  lr= 2.000000e-03  train: 1.784222e-01 2.413921e-01  validation: 1.596807e-01 1.548398e-01  
Epoch=    579,  lr= 2.000000e-03  train: 1.932327e-01 2.489613e-01  validation: 1.606882e-01 1.134468e-01  
Epoch=    580,  lr= 2.000000e-03  train: 1.681310e-01 1.939164e-01  validation: 1.753751e-01 2.136289e-01  
Epoch=    581,  lr= 2.000000e-03  train: 1.589016e-01 1.357492e-01  validation: 1.527469e-01 8.616206e-02  
Epoch=    582,  lr= 2.000000e-03  train: 1.556129e-01 1.267244e-01  validation: 1.548916e-01 1.595256e-01  
Epoch=    583,  lr= 2.000000e-03  train: 1.577029e-01 1.585107e-01  validation: 1.506311e-01 2.492671e-01  
Epoch=    584,  lr= 2.000000e-03  train: 1.557352e-01 1.373446e-01  validation: 1.593072e-01 1.040108e-01  
Epoch=    585,  lr= 2.000000e-03  train: 1.735561e-01 1.632271e-01  validation: 1.711823e-01 1.349123e-01  
Epoch=    586,  lr= 2.000000e-03  train: 1.638102e-01 1.780855e-01  validation: 1.607408e-01 1.016852e-01  
Epoch=    587,  lr= 2.000000e-03  train: 1.686943e-01 1.996235e-01  validation: 1.598223e-01 1.063562e-01  
Epoch=    588,  lr= 2.000000e-03  train: 1.600958e-01 1.762292e-01  validation: 1.542584e-01 1.198630e-01  
Epoch=    589,  lr= 2.000000e-03  train: 1.566635e-01 1.445389e-01  validation: 1.685727e-01 1.535774e-01  
Epoch=    590,  lr= 2.000000e-03  train: 1.675109e-01 1.570023e-01  validation: 1.611540e-01 9.259730e-02  
Epoch=    591,  lr= 2.000000e-03  train: 1.987467e-01 3.755914e-01  validation: 1.653507e-01 3.292837e-01  
Epoch=    592,  lr= 2.000000e-03  train: 1.578923e-01 1.441046e-01  validation: 1.572329e-01 8.487759e-02  
Epoch=    593,  lr= 2.000000e-03  train: 1.578572e-01 1.427480e-01  validation: 1.614684e-01 9.347848e-02  
Epoch=    594,  lr= 2.000000e-03  train: 1.606275e-01 1.629567e-01  validation: 1.572320e-01 2.451287e-01  
Epoch=    595,  lr= 2.000000e-03  train: 1.594301e-01 1.221167e-01  validation: 1.576471e-01 8.736295e-02  
Epoch=    596,  lr= 2.000000e-03  train: 1.685780e-01 1.830408e-01  validation: 1.666495e-01 1.884676e-01  
Epoch=    597,  lr= 2.000000e-03  train: 1.575721e-01 1.296507e-01  validation: 1.558860e-01 8.802784e-02  
Epoch=    598,  lr= 2.000000e-03  train: 1.646366e-01 1.914376e-01  validation: 1.666528e-01 3.463188e-01  
Epoch=    599,  lr= 2.000000e-03  train: 1.709038e-01 2.036611e-01  validation: 1.783192e-01 1.125373e-01  
Epoch=    600,  lr= 2.000000e-03  train: 1.573348e-01 1.364014e-01  validation: 1.571065e-01 8.521213e-02  
