Equivariant MPNN package based on three-body descriptors 
2023-06-15-11_04_34 
Epoch=      0,  lr= 3.906250e-06  train: 1.144395e-01 5.996390e-01  validation: 1.142091e-01 7.570317e-01  
Epoch=      1,  lr= 3.906250e-06  train: 1.149650e-01 6.290755e-01  validation: 1.089436e-01 5.799989e-01  
Epoch=      2,  lr= 3.906250e-06  train: 1.146897e-01 6.336764e-01  validation: 1.116500e-01 5.482746e-01  
Epoch=      3,  lr= 3.906250e-06  train: 1.142150e-01 6.071787e-01  validation: 1.162416e-01 7.195302e-01  
Epoch=      4,  lr= 3.906250e-06  train: 1.148085e-01 6.229577e-01  validation: 1.106809e-01 5.444026e-01  
Epoch=      5,  lr= 3.906250e-06  train: 1.143891e-01 6.161791e-01  validation: 1.145599e-01 6.243783e-01  
Epoch=      6,  lr= 3.906250e-06  train: 1.150695e-01 6.282495e-01  validation: 1.076321e-01 5.758500e-01  
Epoch=      7,  lr= 3.906250e-06  train: 1.151687e-01 6.263685e-01  validation: 1.069107e-01 5.982625e-01  
Epoch=      8,  lr= 3.906250e-06  train: 1.146048e-01 6.084636e-01  validation: 1.125844e-01 6.848280e-01  
Epoch=      9,  lr= 3.906250e-06  train: 1.136906e-01 6.103572e-01  validation: 1.211823e-01 6.653683e-01  
Epoch=     10,  lr= 3.906250e-06  train: 1.142081e-01 6.250629e-01  validation: 1.163231e-01 5.635748e-01  
Epoch=     11,  lr= 3.906250e-06  train: 1.139512e-01 6.221662e-01  validation: 1.187187e-01 7.023129e-01  
Epoch=     12,  lr= 3.906250e-06  train: 1.144412e-01 6.210479e-01  validation: 1.139258e-01 6.426775e-01  
Epoch=     13,  lr= 3.906250e-06  train: 1.146729e-01 6.228004e-01  validation: 1.119604e-01 6.021470e-01  
Epoch=     14,  lr= 3.906250e-06  train: 1.141582e-01 6.239010e-01  validation: 1.166231e-01 6.167363e-01  
Epoch=     15,  lr= 3.906250e-06  train: 1.147208e-01 6.347376e-01  validation: 1.115590e-01 6.464407e-01  
Epoch=     16,  lr= 3.906250e-06  train: 1.143266e-01 6.326643e-01  validation: 1.150384e-01 7.080004e-01  
Epoch=     17,  lr= 3.906250e-06  train: 1.146418e-01 6.228271e-01  validation: 1.122023e-01 6.172870e-01  
Epoch=     18,  lr= 3.906250e-06  train: 1.145491e-01 6.226692e-01  validation: 1.130556e-01 5.527464e-01  
Epoch=     19,  lr= 3.906250e-06  train: 1.145542e-01 6.269308e-01  validation: 1.132177e-01 5.715327e-01  
Epoch=     20,  lr= 3.906250e-06  train: 1.147507e-01 6.296627e-01  validation: 1.111288e-01 4.900530e-01  
Epoch=     21,  lr= 3.906250e-06  train: 1.147432e-01 6.241027e-01  validation: 1.111780e-01 6.021916e-01  
Epoch=     22,  lr= 3.906250e-06  train: 1.135754e-01 6.089360e-01  validation: 1.225793e-01 6.882510e-01  
Epoch=     23,  lr= 3.906250e-06  train: 1.146306e-01 6.214918e-01  validation: 1.121609e-01 6.171823e-01  
Epoch=     24,  lr= 3.906250e-06  train: 1.148522e-01 6.214708e-01  validation: 1.102157e-01 5.772277e-01  
Epoch=     25,  lr= 3.906250e-06  train: 1.142880e-01 6.155927e-01  validation: 1.159210e-01 6.002779e-01  
Epoch=     26,  lr= 3.906250e-06  train: 1.146971e-01 6.270422e-01  validation: 1.117588e-01 5.315102e-01  
Epoch=     27,  lr= 3.906250e-06  train: 1.135217e-01 6.155958e-01  validation: 1.228014e-01 6.695212e-01  
Epoch=     28,  lr= 3.906250e-06  train: 1.148752e-01 6.286233e-01  validation: 1.100941e-01 5.255989e-01  
Epoch=     29,  lr= 3.906250e-06  train: 1.148111e-01 6.311886e-01  validation: 1.107516e-01 5.895369e-01  
Epoch=     30,  lr= 3.906250e-06  train: 1.134596e-01 6.129209e-01  validation: 1.233498e-01 6.980245e-01  
Epoch=     31,  lr= 3.906250e-06  train: 1.138646e-01 6.097827e-01  validation: 1.195699e-01 6.391932e-01  
Epoch=     32,  lr= 3.906250e-06  train: 1.141719e-01 6.047254e-01  validation: 1.166815e-01 7.237062e-01  
Epoch=     33,  lr= 3.906250e-06  train: 1.143430e-01 6.240659e-01  validation: 1.151793e-01 5.818557e-01  
Epoch=     34,  lr= 3.906250e-06  train: 1.143831e-01 6.092242e-01  validation: 1.148078e-01 6.391120e-01  
Epoch=     35,  lr= 3.906250e-06  train: 1.141333e-01 6.198546e-01  validation: 1.171148e-01 5.582901e-01  
Epoch=     36,  lr= 3.906250e-06  train: 1.140527e-01 6.149238e-01  validation: 1.180867e-01 7.134943e-01  
Epoch=     37,  lr= 3.906250e-06  train: 1.147306e-01 6.239908e-01  validation: 1.112189e-01 6.156795e-01  
Epoch=     38,  lr= 3.906250e-06  train: 1.139002e-01 6.203736e-01  validation: 1.194211e-01 6.368453e-01  
Epoch=     39,  lr= 3.906250e-06  train: 1.138574e-01 6.163960e-01  validation: 1.198253e-01 6.838685e-01  
Epoch=     40,  lr= 3.906250e-06  train: 1.147662e-01 6.219094e-01  validation: 1.111884e-01 6.519520e-01  
Epoch=     41,  lr= 3.906250e-06  train: 1.146220e-01 6.260729e-01  validation: 1.122790e-01 5.647199e-01  
Epoch=     42,  lr= 3.906250e-06  train: 1.145035e-01 6.254580e-01  validation: 1.133653e-01 6.091265e-01  
Epoch=     43,  lr= 3.906250e-06  train: 1.137831e-01 6.084529e-01  validation: 1.204954e-01 6.914811e-01  
Epoch=     44,  lr= 3.906250e-06  train: 1.145831e-01 6.221944e-01  validation: 1.129480e-01 5.673775e-01  
Epoch=     45,  lr= 3.906250e-06  train: 1.144417e-01 6.192660e-01  validation: 1.141525e-01 5.954350e-01  
Epoch=     46,  lr= 3.906250e-06  train: 1.141306e-01 6.120878e-01  validation: 1.172098e-01 6.358222e-01  
Epoch=     47,  lr= 3.906250e-06  train: 1.145390e-01 6.099774e-01  validation: 1.130259e-01 6.924185e-01  
Epoch=     48,  lr= 3.906250e-06  train: 1.139282e-01 6.022679e-01  validation: 1.188222e-01 7.383947e-01  
Epoch=     49,  lr= 3.906250e-06  train: 1.144869e-01 6.136698e-01  validation: 1.138261e-01 6.323502e-01  
Epoch=     50,  lr= 3.906250e-06  train: 1.148638e-01 6.150611e-01  validation: 1.102121e-01 6.105803e-01  
Epoch=     51,  lr= 3.906250e-06  train: 1.144740e-01 6.193284e-01  validation: 1.139557e-01 6.329048e-01  
Epoch=     52,  lr= 3.906250e-06  train: 1.140418e-01 6.148911e-01  validation: 1.178305e-01 7.016320e-01  
Epoch=     53,  lr= 3.906250e-06  train: 1.147174e-01 6.172940e-01  validation: 1.117013e-01 5.687357e-01  
Epoch=     54,  lr= 3.906250e-06  train: 1.143677e-01 6.139598e-01  validation: 1.149600e-01 6.645808e-01  
Epoch=     55,  lr= 3.906250e-06  train: 1.144248e-01 6.211187e-01  validation: 1.147911e-01 6.097386e-01  
Epoch=     56,  lr= 3.906250e-06  train: 1.142986e-01 6.095146e-01  validation: 1.154931e-01 6.988177e-01  
Epoch=     57,  lr= 3.906250e-06  train: 1.143417e-01 6.141016e-01  validation: 1.153034e-01 6.524415e-01  
Epoch=     58,  lr= 3.906250e-06  train: 1.145662e-01 6.253467e-01  validation: 1.128892e-01 5.892754e-01  
Epoch=     59,  lr= 3.906250e-06  train: 1.148253e-01 6.228386e-01  validation: 1.104902e-01 5.653853e-01  
Epoch=     60,  lr= 3.906250e-06  train: 1.148306e-01 6.336580e-01  validation: 1.105096e-01 5.837602e-01  
Epoch=     61,  lr= 3.906250e-06  train: 1.147900e-01 6.172840e-01  validation: 1.108829e-01 5.531527e-01  
Epoch=     62,  lr= 3.906250e-06  train: 1.145087e-01 6.189528e-01  validation: 1.134404e-01 5.882980e-01  
Epoch=     63,  lr= 3.906250e-06  train: 1.146894e-01 6.215644e-01  validation: 1.119123e-01 6.129377e-01  
Epoch=     64,  lr= 3.906250e-06  train: 1.144576e-01 6.223970e-01  validation: 1.140580e-01 6.202444e-01  
Epoch=     65,  lr= 3.906250e-06  train: 1.145929e-01 6.189486e-01  validation: 1.129659e-01 5.580441e-01  
Epoch=     66,  lr= 3.906250e-06  train: 1.141599e-01 6.162282e-01  validation: 1.166571e-01 6.833642e-01  
Epoch=     67,  lr= 3.906250e-06  train: 1.136170e-01 6.095538e-01  validation: 1.220160e-01 6.888646e-01  
Epoch=     68,  lr= 3.906250e-06  train: 1.139837e-01 6.271398e-01  validation: 1.185835e-01 5.901620e-01  
Epoch=     69,  lr= 3.906250e-06  train: 1.146298e-01 6.234399e-01  validation: 1.125157e-01 5.777420e-01  
Epoch=     70,  lr= 3.906250e-06  train: 1.140735e-01 5.983956e-01  validation: 1.179033e-01 7.553248e-01  
Epoch=     71,  lr= 3.906250e-06  train: 1.148801e-01 6.186163e-01  validation: 1.097529e-01 6.076398e-01  
Epoch=     72,  lr= 3.906250e-06  train: 1.141136e-01 6.243901e-01  validation: 1.174563e-01 6.542035e-01  
Epoch=     73,  lr= 3.906250e-06  train: 1.146767e-01 6.277844e-01  validation: 1.119614e-01 5.713619e-01  
Epoch=     74,  lr= 3.906250e-06  train: 1.149805e-01 6.223068e-01  validation: 1.090079e-01 5.152243e-01  
Epoch=     75,  lr= 3.906250e-06  train: 1.149348e-01 6.287640e-01  validation: 1.095287e-01 5.104890e-01  
Epoch=     76,  lr= 3.906250e-06  train: 1.141949e-01 6.165289e-01  validation: 1.167102e-01 6.518301e-01  
Epoch=     77,  lr= 3.906250e-06  train: 1.143649e-01 6.155487e-01  validation: 1.153232e-01 6.035168e-01  
Epoch=     78,  lr= 3.906250e-06  train: 1.145007e-01 6.256647e-01  validation: 1.137312e-01 5.943448e-01  
Epoch=     79,  lr= 3.906250e-06  train: 1.143630e-01 6.400820e-01  validation: 1.150393e-01 6.774521e-01  
Epoch=     80,  lr= 3.906250e-06  train: 1.144150e-01 6.297929e-01  validation: 1.147291e-01 5.335937e-01  
Epoch=     81,  lr= 3.906250e-06  train: 1.140200e-01 6.133566e-01  validation: 1.182578e-01 6.181113e-01  
Epoch=     82,  lr= 3.906250e-06  train: 1.142963e-01 6.155376e-01  validation: 1.156066e-01 6.649419e-01  
Epoch=     83,  lr= 3.906250e-06  train: 1.138114e-01 6.195573e-01  validation: 1.201433e-01 6.118836e-01  
Epoch=     84,  lr= 3.906250e-06  train: 1.145443e-01 6.093333e-01  validation: 1.131442e-01 6.587876e-01  
Epoch=     85,  lr= 3.906250e-06  train: 1.139508e-01 6.118111e-01  validation: 1.189653e-01 6.831554e-01  
Epoch=     86,  lr= 3.906250e-06  train: 1.149801e-01 6.219248e-01  validation: 1.086880e-01 6.159641e-01  
Epoch=     87,  lr= 3.906250e-06  train: 1.144101e-01 6.325437e-01  validation: 1.145767e-01 5.942117e-01  
Epoch=     88,  lr= 3.906250e-06  train: 1.137525e-01 6.116322e-01  validation: 1.209503e-01 6.261632e-01  
Epoch=     89,  lr= 3.906250e-06  train: 1.151962e-01 6.252766e-01  validation: 1.069485e-01 5.101631e-01  
Epoch=     90,  lr= 3.906250e-06  train: 1.142791e-01 6.272377e-01  validation: 1.160379e-01 5.723231e-01  
Epoch=     91,  lr= 3.906250e-06  train: 1.143516e-01 6.030530e-01  validation: 1.149555e-01 7.187195e-01  
Epoch=     92,  lr= 3.906250e-06  train: 1.142372e-01 6.286923e-01  validation: 1.162301e-01 5.094828e-01  
Epoch=     93,  lr= 3.906250e-06  train: 1.143088e-01 6.055230e-01  validation: 1.156320e-01 6.896582e-01  
Epoch=     94,  lr= 3.906250e-06  train: 1.140987e-01 6.254599e-01  validation: 1.174663e-01 6.483362e-01  
Epoch=     95,  lr= 3.906250e-06  train: 1.139919e-01 6.082733e-01  validation: 1.187116e-01 7.446731e-01  
Epoch=     96,  lr= 3.906250e-06  train: 1.144930e-01 6.192021e-01  validation: 1.136839e-01 6.642584e-01  
Epoch=     97,  lr= 3.906250e-06  train: 1.146616e-01 6.186409e-01  validation: 1.120506e-01 6.054757e-01  
Epoch=     98,  lr= 3.906250e-06  train: 1.148617e-01 6.389959e-01  validation: 1.102097e-01 4.830565e-01  
Epoch=     99,  lr= 3.906250e-06  train: 1.139983e-01 6.109928e-01  validation: 1.184992e-01 6.795581e-01  
Epoch=    100,  lr= 3.906250e-06  train: 1.141909e-01 5.987327e-01  validation: 1.168438e-01 7.407739e-01  
Epoch=    101,  lr= 3.906250e-06  train: 1.138654e-01 6.212406e-01  validation: 1.196531e-01 6.685514e-01  
Epoch=    102,  lr= 3.906250e-06  train: 1.140581e-01 6.296092e-01  validation: 1.181245e-01 6.581285e-01  
Epoch=    103,  lr= 3.906250e-06  train: 1.143203e-01 6.296528e-01  validation: 1.153418e-01 6.495207e-01  
Epoch=    104,  lr= 3.906250e-06  train: 1.142476e-01 6.119406e-01  validation: 1.162322e-01 6.802349e-01  
Epoch=    105,  lr= 3.906250e-06  train: 1.148036e-01 6.178203e-01  validation: 1.105962e-01 5.933623e-01  
Epoch=    106,  lr= 3.906250e-06  train: 1.151238e-01 6.190839e-01  validation: 1.074318e-01 5.723122e-01  
Epoch=    107,  lr= 3.906250e-06  train: 1.133410e-01 6.148299e-01  validation: 1.243055e-01 6.517398e-01  
Epoch=    108,  lr= 3.906250e-06  train: 1.145972e-01 6.192015e-01  validation: 1.127089e-01 5.731038e-01  
Epoch=    109,  lr= 3.906250e-06  train: 1.143805e-01 6.133688e-01  validation: 1.148768e-01 6.113001e-01  
Epoch=    110,  lr= 3.906250e-06  train: 1.141296e-01 6.088558e-01  validation: 1.170643e-01 7.114571e-01  
Epoch=    111,  lr= 3.906250e-06  train: 1.146339e-01 6.128586e-01  validation: 1.122769e-01 6.374466e-01  
Epoch=    112,  lr= 3.906250e-06  train: 1.148617e-01 6.193482e-01  validation: 1.101386e-01 6.812382e-01  
Epoch=    113,  lr= 3.906250e-06  train: 1.142131e-01 6.112664e-01  validation: 1.164768e-01 6.851938e-01  
Epoch=    114,  lr= 3.906250e-06  train: 1.138155e-01 6.279618e-01  validation: 1.203087e-01 6.794993e-01  
Epoch=    115,  lr= 3.906250e-06  train: 1.151037e-01 6.357909e-01  validation: 1.075374e-01 5.346795e-01  
Epoch=    116,  lr= 3.906250e-06  train: 1.147177e-01 6.226844e-01  validation: 1.117919e-01 5.651076e-01  
Epoch=    117,  lr= 3.906250e-06  train: 1.149542e-01 6.190211e-01  validation: 1.092529e-01 5.852226e-01  
Epoch=    118,  lr= 3.906250e-06  train: 1.151680e-01 6.262352e-01  validation: 1.069755e-01 5.344355e-01  
Epoch=    119,  lr= 3.906250e-06  train: 1.143875e-01 6.203867e-01  validation: 1.147008e-01 5.934168e-01  
Epoch=    120,  lr= 3.906250e-06  train: 1.150672e-01 6.317903e-01  validation: 1.077355e-01 5.575809e-01  
Epoch=    121,  lr= 3.906250e-06  train: 1.143093e-01 6.060684e-01  validation: 1.153692e-01 7.114222e-01  
Epoch=    122,  lr= 3.906250e-06  train: 1.149554e-01 6.131781e-01  validation: 1.090886e-01 6.387600e-01  
Epoch=    123,  lr= 3.906250e-06  train: 1.148902e-01 6.197287e-01  validation: 1.100326e-01 5.588759e-01  
Epoch=    124,  lr= 3.906250e-06  train: 1.145354e-01 6.509927e-01  validation: 1.134856e-01 4.935189e-01  
Epoch=    125,  lr= 3.906250e-06  train: 1.150312e-01 6.113893e-01  validation: 1.085717e-01 6.353094e-01  
Epoch=    126,  lr= 3.906250e-06  train: 1.142542e-01 6.339933e-01  validation: 1.160628e-01 4.706628e-01  
Epoch=    127,  lr= 3.906250e-06  train: 1.147182e-01 6.215785e-01  validation: 1.117833e-01 5.528828e-01  
Epoch=    128,  lr= 3.906250e-06  train: 1.147533e-01 6.217663e-01  validation: 1.111681e-01 6.057528e-01  
Epoch=    129,  lr= 3.906250e-06  train: 1.146747e-01 6.182365e-01  validation: 1.118116e-01 5.966322e-01  
Epoch=    130,  lr= 3.906250e-06  train: 1.141049e-01 6.193222e-01  validation: 1.174585e-01 5.804083e-01  
Epoch=    131,  lr= 3.906250e-06  train: 1.140364e-01 6.067722e-01  validation: 1.182634e-01 6.541035e-01  
Epoch=    132,  lr= 3.906250e-06  train: 1.149319e-01 6.122549e-01  validation: 1.094268e-01 6.115620e-01  
Epoch=    133,  lr= 3.906250e-06  train: 1.145968e-01 6.178366e-01  validation: 1.127185e-01 5.597270e-01  
Epoch=    134,  lr= 3.906250e-06  train: 1.141268e-01 6.120146e-01  validation: 1.171179e-01 6.646281e-01  
Epoch=    135,  lr= 3.906250e-06  train: 1.144381e-01 6.239723e-01  validation: 1.143249e-01 5.158234e-01  
Epoch=    136,  lr= 3.906250e-06  train: 1.142109e-01 6.258382e-01  validation: 1.161934e-01 5.892215e-01  
Epoch=    137,  lr= 3.906250e-06  train: 1.135028e-01 6.338659e-01  validation: 1.232569e-01 6.287798e-01  
Epoch=    138,  lr= 3.906250e-06  train: 1.151627e-01 6.371484e-01  validation: 1.072099e-01 5.256855e-01  
Epoch=    139,  lr= 3.906250e-06  train: 1.138763e-01 6.230612e-01  validation: 1.198261e-01 5.615955e-01  
Epoch=    140,  lr= 3.906250e-06  train: 1.142083e-01 6.140453e-01  validation: 1.164182e-01 6.721990e-01  
Epoch=    141,  lr= 3.906250e-06  train: 1.143897e-01 6.127317e-01  validation: 1.147856e-01 6.038314e-01  
Epoch=    142,  lr= 3.906250e-06  train: 1.147497e-01 6.250690e-01  validation: 1.111658e-01 5.802432e-01  
Epoch=    143,  lr= 3.906250e-06  train: 1.143278e-01 6.262015e-01  validation: 1.154608e-01 5.936430e-01  
Epoch=    144,  lr= 3.906250e-06  train: 1.143385e-01 6.177658e-01  validation: 1.153014e-01 5.962410e-01  
Epoch=    145,  lr= 3.906250e-06  train: 1.134296e-01 6.082535e-01  validation: 1.236868e-01 6.972306e-01  
Epoch=    146,  lr= 3.906250e-06  train: 1.150113e-01 6.433289e-01  validation: 1.085519e-01 5.511365e-01  
Epoch=    147,  lr= 3.906250e-06  train: 1.138279e-01 6.112970e-01  validation: 1.201987e-01 6.837065e-01  
Epoch=    148,  lr= 3.906250e-06  train: 1.139259e-01 6.171496e-01  validation: 1.192005e-01 5.877605e-01  
Epoch=    149,  lr= 3.906250e-06  train: 1.139467e-01 6.150984e-01  validation: 1.189137e-01 6.441736e-01  
Epoch=    150,  lr= 3.906250e-06  train: 1.151326e-01 6.200236e-01  validation: 1.072961e-01 5.631446e-01  
Epoch=    151,  lr= 3.906250e-06  train: 1.147117e-01 6.201859e-01  validation: 1.115732e-01 6.053025e-01  
Epoch=    152,  lr= 3.906250e-06  train: 1.144743e-01 6.131199e-01  validation: 1.140299e-01 7.241987e-01  
Epoch=    153,  lr= 3.906250e-06  train: 1.144948e-01 6.140190e-01  validation: 1.138712e-01 6.606858e-01  
Epoch=    154,  lr= 3.906250e-06  train: 1.149960e-01 6.149898e-01  validation: 1.087268e-01 5.870277e-01  
Epoch=    155,  lr= 3.906250e-06  train: 1.145511e-01 6.166790e-01  validation: 1.131268e-01 6.131275e-01  
Epoch=    156,  lr= 3.906250e-06  train: 1.144883e-01 6.156843e-01  validation: 1.139980e-01 6.291909e-01  
Epoch=    157,  lr= 3.906250e-06  train: 1.141624e-01 6.178964e-01  validation: 1.168194e-01 6.385708e-01  
Epoch=    158,  lr= 3.906250e-06  train: 1.147263e-01 6.174711e-01  validation: 1.115695e-01 5.681605e-01  
Epoch=    159,  lr= 3.906250e-06  train: 1.149153e-01 6.221830e-01  validation: 1.094213e-01 5.701526e-01  
Epoch=    160,  lr= 3.906250e-06  train: 1.147601e-01 6.185531e-01  validation: 1.112043e-01 6.205195e-01  
Epoch=    161,  lr= 3.906250e-06  train: 1.149822e-01 6.280325e-01  validation: 1.090163e-01 5.198928e-01  
Epoch=    162,  lr= 3.906250e-06  train: 1.144505e-01 6.209083e-01  validation: 1.141512e-01 6.519596e-01  
Epoch=    163,  lr= 3.906250e-06  train: 1.143128e-01 6.105639e-01  validation: 1.152662e-01 6.630886e-01  
Epoch=    164,  lr= 3.906250e-06  train: 1.148182e-01 6.152099e-01  validation: 1.106259e-01 6.465961e-01  
Epoch=    165,  lr= 3.906250e-06  train: 1.141847e-01 6.198075e-01  validation: 1.165478e-01 5.912665e-01  
Epoch=    166,  lr= 3.906250e-06  train: 1.140944e-01 6.207950e-01  validation: 1.173471e-01 5.735336e-01  
Epoch=    167,  lr= 3.906250e-06  train: 1.145726e-01 6.135776e-01  validation: 1.130016e-01 6.809660e-01  
Epoch=    168,  lr= 3.906250e-06  train: 1.146044e-01 6.144727e-01  validation: 1.128003e-01 5.887702e-01  
Epoch=    169,  lr= 3.906250e-06  train: 1.144728e-01 6.307428e-01  validation: 1.139178e-01 6.261621e-01  
Epoch=    170,  lr= 3.906250e-06  train: 1.145645e-01 6.224339e-01  validation: 1.130466e-01 6.279086e-01  
Epoch=    171,  lr= 3.906250e-06  train: 1.141496e-01 6.217424e-01  validation: 1.170388e-01 7.396450e-01  
Epoch=    172,  lr= 3.906250e-06  train: 1.147229e-01 6.274294e-01  validation: 1.116362e-01 5.856686e-01  
Epoch=    173,  lr= 3.906250e-06  train: 1.140594e-01 6.351547e-01  validation: 1.180370e-01 6.871054e-01  
Epoch=    174,  lr= 3.906250e-06  train: 1.151634e-01 6.333579e-01  validation: 1.072466e-01 5.395738e-01  
Epoch=    175,  lr= 3.906250e-06  train: 1.146000e-01 6.180624e-01  validation: 1.125539e-01 6.366942e-01  
Epoch=    176,  lr= 3.906250e-06  train: 1.145488e-01 6.145267e-01  validation: 1.133604e-01 5.817647e-01  
Epoch=    177,  lr= 3.906250e-06  train: 1.149767e-01 6.168625e-01  validation: 1.088757e-01 5.836770e-01  
Epoch=    178,  lr= 3.906250e-06  train: 1.133315e-01 6.134530e-01  validation: 1.244042e-01 6.746751e-01  
Epoch=    179,  lr= 3.906250e-06  train: 1.142311e-01 6.202828e-01  validation: 1.163341e-01 6.448280e-01  
Epoch=    180,  lr= 3.906250e-06  train: 1.141928e-01 6.114968e-01  validation: 1.166840e-01 6.586445e-01  
Epoch=    181,  lr= 3.906250e-06  train: 1.138630e-01 6.211580e-01  validation: 1.199419e-01 6.520722e-01  
Epoch=    182,  lr= 3.906250e-06  train: 1.147157e-01 6.238247e-01  validation: 1.116882e-01 5.631804e-01  
Epoch=    183,  lr= 3.906250e-06  train: 1.142883e-01 6.102524e-01  validation: 1.156070e-01 6.476561e-01  
Epoch=    184,  lr= 3.906250e-06  train: 1.141069e-01 6.129633e-01  validation: 1.176057e-01 6.052207e-01  
Epoch=    185,  lr= 3.906250e-06  train: 1.147170e-01 6.190722e-01  validation: 1.116611e-01 5.777183e-01  
Epoch=    186,  lr= 3.906250e-06  train: 1.147717e-01 6.137930e-01  validation: 1.111333e-01 6.150438e-01  
Epoch=    187,  lr= 3.906250e-06  train: 1.148847e-01 6.204604e-01  validation: 1.099290e-01 6.594291e-01  
Epoch=    188,  lr= 3.906250e-06  train: 1.145243e-01 6.278517e-01  validation: 1.133260e-01 5.744980e-01  
Epoch=    189,  lr= 3.906250e-06  train: 1.143224e-01 6.049012e-01  validation: 1.152739e-01 6.886988e-01  
Epoch=    190,  lr= 3.906250e-06  train: 1.148731e-01 6.260096e-01  validation: 1.098861e-01 5.175267e-01  
Epoch=    191,  lr= 3.906250e-06  train: 1.141838e-01 6.079500e-01  validation: 1.168423e-01 6.641209e-01  
Epoch=    192,  lr= 3.906250e-06  train: 1.141472e-01 6.160396e-01  validation: 1.173027e-01 5.867286e-01  
Epoch=    193,  lr= 3.906250e-06  train: 1.145818e-01 6.051653e-01  validation: 1.128946e-01 7.020309e-01  
Epoch=    194,  lr= 3.906250e-06  train: 1.142535e-01 6.195762e-01  validation: 1.161003e-01 5.862575e-01  
Epoch=    195,  lr= 3.906250e-06  train: 1.139654e-01 6.003839e-01  validation: 1.188161e-01 7.206913e-01  
Epoch=    196,  lr= 3.906250e-06  train: 1.146491e-01 6.261510e-01  validation: 1.123824e-01 5.928392e-01  
Epoch=    197,  lr= 3.906250e-06  train: 1.148773e-01 6.211445e-01  validation: 1.100536e-01 5.542517e-01  
Epoch=    198,  lr= 3.906250e-06  train: 1.146574e-01 6.058186e-01  validation: 1.123169e-01 6.502536e-01  
Epoch=    199,  lr= 3.906250e-06  train: 1.143555e-01 6.099046e-01  validation: 1.150738e-01 6.465280e-01  
Epoch=    200,  lr= 3.906250e-06  train: 1.140878e-01 6.149628e-01  validation: 1.175548e-01 6.634235e-01  
Epoch=    201,  lr= 3.906250e-06  train: 1.142675e-01 6.209210e-01  validation: 1.160430e-01 6.113561e-01  
Epoch=    202,  lr= 3.906250e-06  train: 1.146658e-01 6.150504e-01  validation: 1.120105e-01 5.868230e-01  
Epoch=    203,  lr= 3.906250e-06  train: 1.144234e-01 6.100929e-01  validation: 1.143846e-01 6.714475e-01  
Epoch=    204,  lr= 3.906250e-06  train: 1.145093e-01 6.136144e-01  validation: 1.135336e-01 6.148472e-01  
Epoch=    205,  lr= 3.906250e-06  train: 1.142018e-01 6.005471e-01  validation: 1.167116e-01 7.057539e-01  
Epoch=    206,  lr= 3.906250e-06  train: 1.141152e-01 6.136621e-01  validation: 1.172001e-01 6.666976e-01  
Epoch=    207,  lr= 3.906250e-06  train: 1.150036e-01 6.252260e-01  validation: 1.087116e-01 5.407594e-01  
Epoch=    208,  lr= 3.906250e-06  train: 1.147348e-01 6.188343e-01  validation: 1.113920e-01 5.735503e-01  
Epoch=    209,  lr= 3.906250e-06  train: 1.143065e-01 6.146519e-01  validation: 1.157299e-01 6.545781e-01  
Epoch=    210,  lr= 3.906250e-06  train: 1.140588e-01 6.242771e-01  validation: 1.177346e-01 6.686507e-01  
Epoch=    211,  lr= 3.906250e-06  train: 1.146753e-01 6.113601e-01  validation: 1.118782e-01 6.459046e-01  
Epoch=    212,  lr= 3.906250e-06  train: 1.139726e-01 6.149837e-01  validation: 1.184411e-01 6.697213e-01  
Epoch=    213,  lr= 3.906250e-06  train: 1.140503e-01 6.358969e-01  validation: 1.178996e-01 5.427916e-01  
Epoch=    214,  lr= 3.906250e-06  train: 1.144473e-01 6.141569e-01  validation: 1.140202e-01 6.254548e-01  
Epoch=    215,  lr= 3.906250e-06  train: 1.144677e-01 6.085127e-01  validation: 1.141533e-01 6.719894e-01  
Epoch=    216,  lr= 3.906250e-06  train: 1.147144e-01 6.212706e-01  validation: 1.116238e-01 6.238502e-01  
Epoch=    217,  lr= 3.906250e-06  train: 1.147517e-01 6.239635e-01  validation: 1.111887e-01 6.311366e-01  
Epoch=    218,  lr= 3.906250e-06  train: 1.135803e-01 6.093675e-01  validation: 1.225972e-01 6.718597e-01  
Epoch=    219,  lr= 3.906250e-06  train: 1.148037e-01 6.277862e-01  validation: 1.104767e-01 5.743824e-01  
Epoch=    220,  lr= 3.906250e-06  train: 1.148660e-01 6.279455e-01  validation: 1.101172e-01 5.303875e-01  
Epoch=    221,  lr= 3.906250e-06  train: 1.141051e-01 6.228204e-01  validation: 1.173575e-01 6.073680e-01  
Epoch=    222,  lr= 3.906250e-06  train: 1.141265e-01 6.205047e-01  validation: 1.173598e-01 5.984227e-01  
Epoch=    223,  lr= 3.906250e-06  train: 1.143744e-01 6.229092e-01  validation: 1.147694e-01 6.000657e-01  
Epoch=    224,  lr= 3.906250e-06  train: 1.148673e-01 6.211076e-01  validation: 1.098914e-01 5.780419e-01  
Epoch=    225,  lr= 3.906250e-06  train: 1.145297e-01 6.407053e-01  validation: 1.133441e-01 5.940303e-01  
Epoch=    226,  lr= 3.906250e-06  train: 1.149927e-01 6.217234e-01  validation: 1.088441e-01 5.794415e-01  
Epoch=    227,  lr= 3.906250e-06  train: 1.141525e-01 6.012105e-01  validation: 1.170230e-01 7.363750e-01  
Epoch=    228,  lr= 3.906250e-06  train: 1.149646e-01 6.268590e-01  validation: 1.090925e-01 5.459818e-01  
Epoch=    229,  lr= 3.906250e-06  train: 1.140839e-01 6.174069e-01  validation: 1.177850e-01 6.897084e-01  
Epoch=    230,  lr= 3.906250e-06  train: 1.142523e-01 6.090453e-01  validation: 1.160164e-01 7.147469e-01  
Epoch=    231,  lr= 3.906250e-06  train: 1.143178e-01 6.139694e-01  validation: 1.155065e-01 5.897359e-01  
Epoch=    232,  lr= 3.906250e-06  train: 1.144280e-01 6.176558e-01  validation: 1.141933e-01 5.721652e-01  
Epoch=    233,  lr= 3.906250e-06  train: 1.146427e-01 6.081163e-01  validation: 1.122655e-01 6.419200e-01  
Epoch=    234,  lr= 3.906250e-06  train: 1.145770e-01 6.215546e-01  validation: 1.130224e-01 5.507336e-01  
Epoch=    235,  lr= 3.906250e-06  train: 1.141766e-01 6.351527e-01  validation: 1.166300e-01 6.479183e-01  
Epoch=    236,  lr= 3.906250e-06  train: 1.148104e-01 6.271681e-01  validation: 1.107328e-01 5.705848e-01  
Epoch=    237,  lr= 3.906250e-06  train: 1.135693e-01 6.048294e-01  validation: 1.222608e-01 6.845235e-01  
Epoch=    238,  lr= 3.906250e-06  train: 1.143904e-01 5.996919e-01  validation: 1.147526e-01 7.116932e-01  
Epoch=    239,  lr= 3.906250e-06  train: 1.144981e-01 6.149581e-01  validation: 1.138218e-01 6.233309e-01  
Epoch=    240,  lr= 3.906250e-06  train: 1.144639e-01 6.173022e-01  validation: 1.139019e-01 6.440012e-01  
Epoch=    241,  lr= 2.000000e-06  train: 1.150407e-01 6.087777e-01  validation: 1.082682e-01 6.282290e-01  
2023-06-15-11_16_13 
