Equivariant MPNN package based on three-body descriptors 
2023-05-26-04_34_16 
Epoch=      0,  lr= 1.000000e-03  train: 2.260506e+00 1.482777e+01  validation: 2.256671e+00 1.548554e+01  
Epoch=      1,  lr= 1.000000e-03  train: 2.253294e+00 1.479757e+01  validation: 2.310910e+00 1.515009e+01  
Epoch=      2,  lr= 1.000000e-03  train: 2.270573e+00 1.477903e+01  validation: 2.178389e+00 1.524028e+01  
Epoch=      3,  lr= 1.000000e-03  train: 2.247718e+00 1.495882e+01  validation: 2.345383e+00 1.696507e+01  
Epoch=      4,  lr= 1.000000e-03  train: 2.259911e+00 1.543469e+01  validation: 2.244931e+00 1.475498e+01  
Epoch=      5,  lr= 1.000000e-03  train: 2.252005e+00 1.570212e+01  validation: 2.269524e+00 1.385698e+01  
Epoch=      6,  lr= 1.000000e-03  train: 2.232494e+00 1.825986e+01  validation: 2.006838e+00 2.951726e+01  
Epoch=      7,  lr= 1.000000e-03  train: 2.010849e+00 2.808223e+01  validation: 1.889662e+00 1.395009e+01  
Epoch=      8,  lr= 1.000000e-03  train: 1.851819e+00 1.855873e+01  validation: 1.872934e+00 1.117889e+01  
Epoch=      9,  lr= 1.000000e-03  train: 1.821468e+00 1.279902e+01  validation: 1.816074e+00 1.052073e+01  
Epoch=     10,  lr= 1.000000e-03  train: 1.801238e+00 1.066406e+01  validation: 1.760822e+00 1.117579e+01  
Epoch=     11,  lr= 1.000000e-03  train: 1.731509e+00 1.122883e+01  validation: 1.686918e+00 9.752592e+00  
Epoch=     12,  lr= 1.000000e-03  train: 1.689246e+00 1.746929e+01  validation: 1.782942e+00 2.863695e+01  
Epoch=     13,  lr= 1.000000e-03  train: 1.755535e+00 1.526458e+01  validation: 1.662331e+00 9.239812e+00  
Epoch=     14,  lr= 1.000000e-03  train: 1.545476e+00 1.023457e+01  validation: 1.448811e+00 9.624063e+00  
Epoch=     15,  lr= 1.000000e-03  train: 1.469024e+00 1.138516e+01  validation: 1.658188e+00 2.602672e+01  
Epoch=     16,  lr= 1.000000e-03  train: 1.499805e+00 1.696568e+01  validation: 1.366333e+00 9.768513e+00  
Epoch=     17,  lr= 1.000000e-03  train: 1.524093e+00 1.481604e+01  validation: 1.368053e+00 1.482984e+01  
Epoch=     18,  lr= 1.000000e-03  train: 1.434999e+00 1.357174e+01  validation: 1.397306e+00 1.726695e+01  
Epoch=     19,  lr= 1.000000e-03  train: 1.351442e+00 1.064863e+01  validation: 1.368786e+00 9.165676e+00  
Epoch=     20,  lr= 1.000000e-03  train: 1.310900e+00 1.350734e+01  validation: 1.244813e+00 1.124982e+01  
Epoch=     21,  lr= 1.000000e-03  train: 1.396893e+00 2.206218e+01  validation: 1.266738e+00 2.336666e+01  
Epoch=     22,  lr= 1.000000e-03  train: 1.324021e+00 1.696738e+01  validation: 1.264994e+00 2.147253e+01  
Epoch=     23,  lr= 1.000000e-03  train: 1.261578e+00 1.507898e+01  validation: 1.286803e+00 1.375759e+01  
Epoch=     24,  lr= 1.000000e-03  train: 1.210319e+00 9.886961e+00  validation: 1.251284e+00 1.355260e+01  
Epoch=     25,  lr= 1.000000e-03  train: 1.280143e+00 2.110898e+01  validation: 1.260508e+00 5.133576e+01  
Epoch=     26,  lr= 1.000000e-03  train: 1.233052e+00 2.515078e+01  validation: 1.180008e+00 1.756217e+01  
Epoch=     27,  lr= 1.000000e-03  train: 1.179562e+00 1.248831e+01  validation: 1.134884e+00 7.769886e+00  
Epoch=     28,  lr= 1.000000e-03  train: 1.167974e+00 1.175611e+01  validation: 1.140489e+00 1.265026e+01  
Epoch=     29,  lr= 1.000000e-03  train: 1.144231e+00 1.057847e+01  validation: 1.099608e+00 1.458879e+01  
Epoch=     30,  lr= 1.000000e-03  train: 1.400571e+00 2.727931e+01  validation: 1.426288e+00 2.363484e+01  
Epoch=     31,  lr= 1.000000e-03  train: 1.202498e+00 2.492009e+01  validation: 1.127861e+00 2.236929e+01  
Epoch=     32,  lr= 1.000000e-03  train: 1.128239e+00 1.454640e+01  validation: 1.112968e+00 1.589568e+01  
Epoch=     33,  lr= 1.000000e-03  train: 1.078938e+00 1.140059e+01  validation: 1.153510e+00 1.050467e+01  
Epoch=     34,  lr= 1.000000e-03  train: 1.112392e+00 2.290580e+01  validation: 1.116042e+00 2.179863e+01  
Epoch=     35,  lr= 1.000000e-03  train: 1.052963e+00 1.679661e+01  validation: 1.050957e+00 9.108725e+00  
Epoch=     36,  lr= 1.000000e-03  train: 1.005461e+00 1.271962e+01  validation: 1.037127e+00 9.777995e+00  
Epoch=     37,  lr= 1.000000e-03  train: 9.916257e-01 9.676100e+00  validation: 9.545705e-01 1.222853e+01  
Epoch=     38,  lr= 1.000000e-03  train: 9.733312e-01 1.018249e+01  validation: 9.630628e-01 9.921367e+00  
Epoch=     39,  lr= 1.000000e-03  train: 9.613144e-01 1.011226e+01  validation: 9.399241e-01 8.134146e+00  
Epoch=     40,  lr= 1.000000e-03  train: 9.416256e-01 9.599020e+00  validation: 9.376353e-01 1.394451e+01  
Epoch=     41,  lr= 1.000000e-03  train: 9.547630e-01 1.224999e+01  validation: 9.343504e-01 1.192863e+01  
Epoch=     42,  lr= 1.000000e-03  train: 9.255334e-01 9.991600e+00  validation: 8.910143e-01 1.230678e+01  
Epoch=     43,  lr= 1.000000e-03  train: 9.204536e-01 1.185941e+01  validation: 9.138798e-01 1.685805e+01  
Epoch=     44,  lr= 1.000000e-03  train: 9.032722e-01 1.363708e+01  validation: 8.884324e-01 8.399733e+00  
Epoch=     45,  lr= 1.000000e-03  train: 9.030573e-01 1.152885e+01  validation: 8.848953e-01 1.116801e+01  
Epoch=     46,  lr= 1.000000e-03  train: 8.809835e-01 9.279304e+00  validation: 8.764192e-01 9.271231e+00  
Epoch=     47,  lr= 1.000000e-03  train: 8.741004e-01 9.937289e+00  validation: 8.692017e-01 8.618767e+00  
Epoch=     48,  lr= 1.000000e-03  train: 8.614452e-01 9.347437e+00  validation: 8.530025e-01 8.926058e+00  
Epoch=     49,  lr= 1.000000e-03  train: 8.458093e-01 8.677880e+00  validation: 8.708555e-01 8.499406e+00  
Epoch=     50,  lr= 1.000000e-03  train: 8.478868e-01 8.974101e+00  validation: 8.150119e-01 8.923327e+00  
Epoch=     51,  lr= 1.000000e-03  train: 8.403110e-01 8.743796e+00  validation: 8.284231e-01 1.007301e+01  
Epoch=     52,  lr= 1.000000e-03  train: 8.310937e-01 8.915747e+00  validation: 8.236600e-01 8.675898e+00  
Epoch=     53,  lr= 1.000000e-03  train: 8.168022e-01 1.174378e+01  validation: 8.215247e-01 9.402828e+00  
Epoch=     54,  lr= 1.000000e-03  train: 8.034449e-01 8.573720e+00  validation: 8.178009e-01 8.974189e+00  
Epoch=     55,  lr= 1.000000e-03  train: 8.016186e-01 9.894824e+00  validation: 8.004341e-01 9.573602e+00  
Epoch=     56,  lr= 1.000000e-03  train: 7.990818e-01 1.111014e+01  validation: 7.855310e-01 8.942553e+00  
Epoch=     57,  lr= 1.000000e-03  train: 7.817849e-01 1.325532e+01  validation: 8.103244e-01 9.735781e+00  
Epoch=     58,  lr= 1.000000e-03  train: 8.774472e-01 1.541517e+01  validation: 8.409166e-01 1.793839e+01  
Epoch=     59,  lr= 1.000000e-03  train: 8.004039e-01 1.432458e+01  validation: 7.719381e-01 1.044819e+01  
Epoch=     60,  lr= 1.000000e-03  train: 7.683353e-01 1.003908e+01  validation: 7.595413e-01 9.720746e+00  
Epoch=     61,  lr= 1.000000e-03  train: 7.528593e-01 9.230614e+00  validation: 7.583608e-01 8.569496e+00  
Epoch=     62,  lr= 1.000000e-03  train: 7.415810e-01 1.063151e+01  validation: 7.859596e-01 1.475645e+01  
Epoch=     63,  lr= 1.000000e-03  train: 7.344644e-01 1.053803e+01  validation: 7.024742e-01 7.950633e+00  
Epoch=     64,  lr= 1.000000e-03  train: 7.284793e-01 1.160063e+01  validation: 7.088085e-01 8.958943e+00  
Epoch=     65,  lr= 1.000000e-03  train: 7.288537e-01 9.429743e+00  validation: 6.923313e-01 1.098680e+01  
Epoch=     66,  lr= 1.000000e-03  train: 7.423587e-01 1.693833e+01  validation: 6.811721e-01 7.185257e+00  
Epoch=     67,  lr= 1.000000e-03  train: 6.882631e-01 1.162564e+01  validation: 6.833038e-01 7.318639e+00  
Epoch=     68,  lr= 1.000000e-03  train: 7.030187e-01 8.508809e+00  validation: 8.062135e-01 1.147109e+01  
Epoch=     69,  lr= 1.000000e-03  train: 8.017126e-01 1.093874e+01  validation: 7.581111e-01 7.348144e+00  
Epoch=     70,  lr= 1.000000e-03  train: 6.822594e-01 1.241919e+01  validation: 6.541764e-01 9.420233e+00  
Epoch=     71,  lr= 1.000000e-03  train: 6.609715e-01 8.844970e+00  validation: 6.622695e-01 1.139376e+01  
Epoch=     72,  lr= 1.000000e-03  train: 6.544801e-01 1.009061e+01  validation: 6.113615e-01 6.185301e+00  
Epoch=     73,  lr= 1.000000e-03  train: 6.360862e-01 9.644554e+00  validation: 6.349270e-01 6.511042e+00  
Epoch=     74,  lr= 1.000000e-03  train: 6.516556e-01 7.675475e+00  validation: 6.959729e-01 1.503254e+01  
Epoch=     75,  lr= 1.000000e-03  train: 6.577374e-01 9.502451e+00  validation: 6.251284e-01 7.071591e+00  
Epoch=     76,  lr= 1.000000e-03  train: 6.428178e-01 9.086799e+00  validation: 6.011410e-01 6.663915e+00  
Epoch=     77,  lr= 1.000000e-03  train: 6.106412e-01 9.056775e+00  validation: 6.241124e-01 6.715720e+00  
Epoch=     78,  lr= 1.000000e-03  train: 6.123447e-01 7.621484e+00  validation: 5.942578e-01 1.090950e+01  
Epoch=     79,  lr= 1.000000e-03  train: 6.136007e-01 7.786613e+00  validation: 5.689270e-01 8.185301e+00  
Epoch=     80,  lr= 1.000000e-03  train: 6.020669e-01 7.824769e+00  validation: 5.925277e-01 8.081017e+00  
Epoch=     81,  lr= 1.000000e-03  train: 6.028423e-01 7.286077e+00  validation: 5.986180e-01 6.504916e+00  
Epoch=     82,  lr= 1.000000e-03  train: 5.984726e-01 7.272285e+00  validation: 5.937371e-01 5.698564e+00  
Epoch=     83,  lr= 1.000000e-03  train: 5.852046e-01 7.126343e+00  validation: 5.710129e-01 7.183268e+00  
Epoch=     84,  lr= 1.000000e-03  train: 5.802516e-01 7.323546e+00  validation: 5.863594e-01 8.883620e+00  
Epoch=     85,  lr= 1.000000e-03  train: 5.739257e-01 7.075798e+00  validation: 6.097664e-01 7.140277e+00  
Epoch=     86,  lr= 1.000000e-03  train: 5.840303e-01 7.164543e+00  validation: 6.374107e-01 7.341218e+00  
Epoch=     87,  lr= 1.000000e-03  train: 6.404990e-01 8.175246e+00  validation: 6.058457e-01 7.575658e+00  
Epoch=     88,  lr= 1.000000e-03  train: 6.329937e-01 7.955396e+00  validation: 5.821842e-01 6.177366e+00  
Epoch=     89,  lr= 1.000000e-03  train: 5.849072e-01 6.998010e+00  validation: 5.773464e-01 6.337647e+00  
Epoch=     90,  lr= 1.000000e-03  train: 5.731107e-01 7.127513e+00  validation: 5.493987e-01 8.794682e+00  
Epoch=     91,  lr= 1.000000e-03  train: 5.567687e-01 7.515072e+00  validation: 5.482516e-01 8.830787e+00  
Epoch=     92,  lr= 1.000000e-03  train: 5.465677e-01 7.144531e+00  validation: 5.596547e-01 6.219198e+00  
Epoch=     93,  lr= 1.000000e-03  train: 5.596384e-01 7.576803e+00  validation: 6.265042e-01 6.649056e+00  
Epoch=     94,  lr= 1.000000e-03  train: 5.513498e-01 7.891581e+00  validation: 5.405660e-01 6.563464e+00  
Epoch=     95,  lr= 1.000000e-03  train: 5.449656e-01 6.883727e+00  validation: 5.382822e-01 6.853620e+00  
