Equivariant MPNN package based on three-body descriptors 
2023-05-29-17_20_38 
Epoch=      0,  lr= 1.000000e-03  train: 1.498261e+01  validation: 1.459703e+01  
Epoch=      1,  lr= 1.000000e-03  train: 1.474422e+01  validation: 1.573046e+01  
Epoch=      2,  lr= 1.000000e-03  train: 1.481569e+01  validation: 1.497123e+01  
Epoch=      3,  lr= 1.000000e-03  train: 1.499218e+01  validation: 1.324141e+01  
Epoch=      4,  lr= 1.000000e-03  train: 1.480567e+01  validation: 1.512402e+01  
Epoch=      5,  lr= 1.000000e-03  train: 1.490291e+01  validation: 1.416887e+01  
Epoch=      6,  lr= 1.000000e-03  train: 1.474479e+01  validation: 1.563644e+01  
Epoch=      7,  lr= 1.000000e-03  train: 1.489483e+01  validation: 1.418810e+01  
Epoch=      8,  lr= 1.000000e-03  train: 1.488298e+01  validation: 1.435599e+01  
Epoch=      9,  lr= 1.000000e-03  train: 1.484404e+01  validation: 1.471910e+01  
Epoch=     10,  lr= 1.000000e-03  train: 1.498030e+01  validation: 1.349978e+01  
Epoch=     11,  lr= 1.000000e-03  train: 1.496504e+01  validation: 1.350836e+01  
Epoch=     12,  lr= 1.000000e-03  train: 1.488936e+01  validation: 1.436235e+01  
Epoch=     13,  lr= 1.000000e-03  train: 1.482115e+01  validation: 1.491471e+01  
Epoch=     14,  lr= 1.000000e-03  train: 1.474027e+01  validation: 1.565481e+01  
Epoch=     15,  lr= 1.000000e-03  train: 1.486114e+01  validation: 1.453468e+01  
Epoch=     16,  lr= 1.000000e-03  train: 1.488781e+01  validation: 1.433410e+01  
Epoch=     17,  lr= 1.000000e-03  train: 1.493995e+01  validation: 1.379526e+01  
Epoch=     18,  lr= 1.000000e-03  train: 1.482198e+01  validation: 1.492157e+01  
Epoch=     19,  lr= 1.000000e-03  train: 1.497508e+01  validation: 1.343595e+01  
Epoch=     20,  lr= 1.000000e-03  train: 1.476175e+01  validation: 1.560167e+01  
Epoch=     21,  lr= 1.000000e-03  train: 1.480888e+01  validation: 1.501367e+01  
Epoch=     22,  lr= 1.000000e-03  train: 1.487563e+01  validation: 1.436132e+01  
Epoch=     23,  lr= 1.000000e-03  train: 1.479848e+01  validation: 1.511931e+01  
Epoch=     24,  lr= 1.000000e-03  train: 1.494987e+01  validation: 1.379437e+01  
Epoch=     25,  lr= 1.000000e-03  train: 1.480718e+01  validation: 1.516990e+01  
Epoch=     26,  lr= 1.000000e-03  train: 1.474893e+01  validation: 1.561640e+01  
Epoch=     27,  lr= 1.000000e-03  train: 1.485029e+01  validation: 1.475313e+01  
Epoch=     28,  lr= 1.000000e-03  train: 1.485858e+01  validation: 1.461178e+01  
Epoch=     29,  lr= 1.000000e-03  train: 1.491625e+01  validation: 1.414387e+01  
Epoch=     30,  lr= 1.000000e-03  train: 1.490154e+01  validation: 1.460154e+01  
Epoch=     31,  lr= 1.000000e-03  train: 1.482542e+01  validation: 1.504304e+01  
Epoch=     32,  lr= 1.000000e-03  train: 1.485143e+01  validation: 1.476109e+01  
Epoch=     33,  lr= 1.000000e-03  train: 1.488977e+01  validation: 1.441918e+01  
Epoch=     34,  lr= 1.000000e-03  train: 1.482990e+01  validation: 1.571183e+01  
Epoch=     35,  lr= 1.000000e-03  train: 1.486962e+01  validation: 1.457354e+01  
Epoch=     36,  lr= 1.000000e-03  train: 1.499734e+01  validation: 1.333702e+01  
Epoch=     37,  lr= 1.000000e-03  train: 1.488046e+01  validation: 1.461017e+01  
Epoch=     38,  lr= 1.000000e-03  train: 1.463652e+01  validation: 1.658883e+01  
Epoch=     39,  lr= 1.000000e-03  train: 1.480039e+01  validation: 1.511954e+01  
Epoch=     40,  lr= 1.000000e-03  train: 1.479018e+01  validation: 1.537944e+01  
Epoch=     41,  lr= 1.000000e-03  train: 1.485841e+01  validation: 1.459147e+01  
Epoch=     42,  lr= 1.000000e-03  train: 1.469777e+01  validation: 1.628336e+01  
Epoch=     43,  lr= 1.000000e-03  train: 1.481163e+01  validation: 1.512023e+01  
Epoch=     44,  lr= 1.000000e-03  train: 1.497995e+01  validation: 1.339512e+01  
Epoch=     45,  lr= 1.000000e-03  train: 1.475609e+01  validation: 1.557799e+01  
Epoch=     46,  lr= 1.000000e-03  train: 1.478578e+01  validation: 1.536515e+01  
Epoch=     47,  lr= 1.000000e-03  train: 1.472423e+01  validation: 1.583886e+01  
Epoch=     48,  lr= 1.000000e-03  train: 1.487981e+01  validation: 1.440323e+01  
Epoch=     49,  lr= 1.000000e-03  train: 1.475584e+01  validation: 1.558641e+01  
Epoch=     50,  lr= 1.000000e-03  train: 1.494160e+01  validation: 1.392256e+01  
Epoch=     51,  lr= 1.000000e-03  train: 1.485723e+01  validation: 1.467589e+01  
Epoch=     52,  lr= 1.000000e-03  train: 1.469345e+01  validation: 1.606268e+01  
Epoch=     53,  lr= 1.000000e-03  train: 1.468816e+01  validation: 1.611101e+01  
Epoch=     54,  lr= 1.000000e-03  train: 1.481837e+01  validation: 1.509097e+01  
Epoch=     55,  lr= 1.000000e-03  train: 1.477082e+01  validation: 1.537346e+01  
Epoch=     56,  lr= 1.000000e-03  train: 1.496957e+01  validation: 1.356821e+01  
Epoch=     57,  lr= 1.000000e-03  train: 1.467194e+01  validation: 1.639345e+01  
Epoch=     58,  lr= 1.000000e-03  train: 1.498852e+01  validation: 1.325147e+01  
Epoch=     59,  lr= 1.000000e-03  train: 1.483880e+01  validation: 1.476923e+01  
Epoch=     60,  lr= 1.000000e-03  train: 1.484281e+01  validation: 1.471685e+01  
Epoch=     61,  lr= 1.000000e-03  train: 1.481953e+01  validation: 1.498972e+01  
Epoch=     62,  lr= 1.000000e-03  train: 1.475324e+01  validation: 1.559128e+01  
Epoch=     63,  lr= 1.000000e-03  train: 1.485548e+01  validation: 1.465723e+01  
Epoch=     64,  lr= 1.000000e-03  train: 1.480986e+01  validation: 1.501865e+01  
Epoch=     65,  lr= 5.000000e-04  train: 1.470201e+01  validation: 1.599830e+01  
Epoch=     66,  lr= 5.000000e-04  train: 1.492361e+01  validation: 1.392277e+01  
Epoch=     67,  lr= 5.000000e-04  train: 1.479150e+01  validation: 1.516577e+01  
Epoch=     68,  lr= 5.000000e-04  train: 1.488219e+01  validation: 1.432285e+01  
Epoch=     69,  lr= 5.000000e-04  train: 1.473476e+01  validation: 1.570048e+01  
Epoch=     70,  lr= 5.000000e-04  train: 1.477110e+01  validation: 1.541474e+01  
Epoch=     71,  lr= 5.000000e-04  train: 1.496400e+01  validation: 1.351239e+01  
Epoch=     72,  lr= 5.000000e-04  train: 1.478474e+01  validation: 1.528077e+01  
Epoch=     73,  lr= 5.000000e-04  train: 1.475354e+01  validation: 1.554403e+01  
Epoch=     74,  lr= 5.000000e-04  train: 1.485294e+01  validation: 1.467888e+01  
Epoch=     75,  lr= 5.000000e-04  train: 1.490725e+01  validation: 1.406925e+01  
Epoch=     76,  lr= 5.000000e-04  train: 1.489643e+01  validation: 1.416492e+01  
Epoch=     77,  lr= 5.000000e-04  train: 1.475489e+01  validation: 1.557737e+01  
Epoch=     78,  lr= 5.000000e-04  train: 1.489640e+01  validation: 1.418023e+01  
Epoch=     79,  lr= 5.000000e-04  train: 1.487966e+01  validation: 1.434846e+01  
Epoch=     80,  lr= 5.000000e-04  train: 1.487014e+01  validation: 1.449432e+01  
Epoch=     81,  lr= 5.000000e-04  train: 1.480070e+01  validation: 1.508024e+01  
Epoch=     82,  lr= 5.000000e-04  train: 1.494753e+01  validation: 1.366131e+01  
Epoch=     83,  lr= 5.000000e-04  train: 1.486734e+01  validation: 1.445830e+01  
Epoch=     84,  lr= 5.000000e-04  train: 1.486727e+01  validation: 1.452533e+01  
Epoch=     85,  lr= 5.000000e-04  train: 1.481286e+01  validation: 1.501070e+01  
Epoch=     86,  lr= 5.000000e-04  train: 1.470990e+01  validation: 1.593322e+01  
Epoch=     87,  lr= 5.000000e-04  train: 1.481322e+01  validation: 1.498445e+01  
Epoch=     88,  lr= 5.000000e-04  train: 1.495080e+01  validation: 1.366184e+01  
Epoch=     89,  lr= 5.000000e-04  train: 1.470614e+01  validation: 1.604982e+01  
Epoch=     90,  lr= 5.000000e-04  train: 1.469824e+01  validation: 1.599366e+01  
Epoch=     91,  lr= 5.000000e-04  train: 1.493935e+01  validation: 1.377554e+01  
Epoch=     92,  lr= 5.000000e-04  train: 1.481583e+01  validation: 1.493833e+01  
Epoch=     93,  lr= 5.000000e-04  train: 1.480267e+01  validation: 1.508860e+01  
Epoch=     94,  lr= 5.000000e-04  train: 1.484470e+01  validation: 1.471560e+01  
Epoch=     95,  lr= 5.000000e-04  train: 1.487496e+01  validation: 1.436391e+01  
Epoch=     96,  lr= 5.000000e-04  train: 1.495880e+01  validation: 1.360035e+01  
Epoch=     97,  lr= 5.000000e-04  train: 1.488871e+01  validation: 1.424916e+01  
Epoch=     98,  lr= 5.000000e-04  train: 1.478247e+01  validation: 1.526181e+01  
Epoch=     99,  lr= 5.000000e-04  train: 1.496048e+01  validation: 1.352324e+01  
Epoch=    100,  lr= 5.000000e-04  train: 1.484627e+01  validation: 1.466029e+01  
Epoch=    101,  lr= 5.000000e-04  train: 1.478070e+01  validation: 1.526705e+01  
Epoch=    102,  lr= 5.000000e-04  train: 1.496117e+01  validation: 1.350336e+01  
Epoch=    103,  lr= 5.000000e-04  train: 1.479792e+01  validation: 1.511850e+01  
Epoch=    104,  lr= 5.000000e-04  train: 1.485633e+01  validation: 1.455701e+01  
Epoch=    105,  lr= 5.000000e-04  train: 1.495656e+01  validation: 1.361605e+01  
Epoch=    106,  lr= 5.000000e-04  train: 1.486302e+01  validation: 1.449700e+01  
Epoch=    107,  lr= 5.000000e-04  train: 1.476662e+01  validation: 1.540366e+01  
Epoch=    108,  lr= 5.000000e-04  train: 1.484628e+01  validation: 1.468044e+01  
Epoch=    109,  lr= 5.000000e-04  train: 1.500479e+01  validation: 1.314368e+01  
Epoch=    110,  lr= 5.000000e-04  train: 1.487762e+01  validation: 1.442605e+01  
Epoch=    111,  lr= 5.000000e-04  train: 1.476533e+01  validation: 1.541701e+01  
Epoch=    112,  lr= 5.000000e-04  train: 1.482233e+01  validation: 1.492223e+01  
Epoch=    113,  lr= 5.000000e-04  train: 1.482771e+01  validation: 1.488121e+01  
Epoch=    114,  lr= 5.000000e-04  train: 1.486651e+01  validation: 1.447887e+01  
Epoch=    115,  lr= 5.000000e-04  train: 1.477648e+01  validation: 1.530104e+01  
Epoch=    116,  lr= 5.000000e-04  train: 1.468389e+01  validation: 1.618469e+01  
Epoch=    117,  lr= 5.000000e-04  train: 1.473844e+01  validation: 1.569969e+01  
Epoch=    118,  lr= 5.000000e-04  train: 1.493736e+01  validation: 1.380669e+01  
Epoch=    119,  lr= 5.000000e-04  train: 1.491289e+01  validation: 1.400096e+01  
Epoch=    120,  lr= 5.000000e-04  train: 1.477791e+01  validation: 1.529228e+01  
Epoch=    121,  lr= 5.000000e-04  train: 1.472196e+01  validation: 1.581184e+01  
Epoch=    122,  lr= 5.000000e-04  train: 1.498183e+01  validation: 1.328606e+01  
Epoch=    123,  lr= 5.000000e-04  train: 1.473307e+01  validation: 1.571372e+01  
Epoch=    124,  lr= 5.000000e-04  train: 1.487733e+01  validation: 1.437402e+01  
Epoch=    125,  lr= 5.000000e-04  train: 1.483956e+01  validation: 1.472888e+01  
Epoch=    126,  lr= 5.000000e-04  train: 1.477415e+01  validation: 1.536236e+01  
Epoch=    127,  lr= 5.000000e-04  train: 1.487768e+01  validation: 1.441033e+01  
Epoch=    128,  lr= 5.000000e-04  train: 1.494255e+01  validation: 1.404309e+01  
Epoch=    129,  lr= 5.000000e-04  train: 1.484094e+01  validation: 1.503841e+01  
Epoch=    130,  lr= 5.000000e-04  train: 1.481120e+01  validation: 1.511715e+01  
Epoch=    131,  lr= 5.000000e-04  train: 1.490692e+01  validation: 1.411541e+01  
Epoch=    132,  lr= 5.000000e-04  train: 1.483494e+01  validation: 1.477925e+01  
Epoch=    133,  lr= 5.000000e-04  train: 1.494622e+01  validation: 1.375357e+01  
Epoch=    134,  lr= 5.000000e-04  train: 1.466993e+01  validation: 1.623766e+01  
Epoch=    135,  lr= 5.000000e-04  train: 1.469612e+01  validation: 1.603539e+01  
Epoch=    136,  lr= 5.000000e-04  train: 1.480066e+01  validation: 1.510875e+01  
Epoch=    137,  lr= 5.000000e-04  train: 1.491264e+01  validation: 1.400481e+01  
Epoch=    138,  lr= 5.000000e-04  train: 1.476632e+01  validation: 1.539425e+01  
Epoch=    139,  lr= 5.000000e-04  train: 1.499341e+01  validation: 1.318611e+01  
Epoch=    140,  lr= 5.000000e-04  train: 1.468807e+01  validation: 1.611815e+01  
Epoch=    141,  lr= 5.000000e-04  train: 1.499609e+01  validation: 1.316062e+01  
Epoch=    142,  lr= 5.000000e-04  train: 1.462412e+01  validation: 1.667984e+01  
Epoch=    143,  lr= 5.000000e-04  train: 1.480132e+01  validation: 1.509014e+01  
Epoch=    144,  lr= 5.000000e-04  train: 1.471350e+01  validation: 1.588091e+01  
Epoch=    145,  lr= 5.000000e-04  train: 1.499930e+01  validation: 1.311727e+01  
Epoch=    146,  lr= 5.000000e-04  train: 1.481399e+01  validation: 1.497674e+01  
Epoch=    147,  lr= 5.000000e-04  train: 1.484772e+01  validation: 1.463152e+01  
Epoch=    148,  lr= 5.000000e-04  train: 1.477734e+01  validation: 1.530792e+01  
Epoch=    149,  lr= 5.000000e-04  train: 1.464433e+01  validation: 1.647875e+01  
Epoch=    150,  lr= 5.000000e-04  train: 1.485909e+01  validation: 1.454836e+01  
Epoch=    151,  lr= 5.000000e-04  train: 1.485030e+01  validation: 1.461591e+01  
Epoch=    152,  lr= 5.000000e-04  train: 1.485110e+01  validation: 1.459978e+01  
Epoch=    153,  lr= 5.000000e-04  train: 1.480025e+01  validation: 1.507463e+01  
Epoch=    154,  lr= 5.000000e-04  train: 1.489884e+01  validation: 1.415081e+01  
Epoch=    155,  lr= 5.000000e-04  train: 1.489161e+01  validation: 1.428122e+01  
Epoch=    156,  lr= 5.000000e-04  train: 1.479563e+01  validation: 1.520327e+01  
Epoch=    157,  lr= 5.000000e-04  train: 1.462459e+01  validation: 1.667711e+01  
Epoch=    158,  lr= 5.000000e-04  train: 1.476537e+01  validation: 1.543562e+01  
Epoch=    159,  lr= 5.000000e-04  train: 1.491326e+01  validation: 1.402273e+01  
Epoch=    160,  lr= 5.000000e-04  train: 1.489923e+01  validation: 1.413896e+01  
Epoch=    161,  lr= 5.000000e-04  train: 1.496772e+01  validation: 1.346994e+01  
Epoch=    162,  lr= 5.000000e-04  train: 1.491601e+01  validation: 1.395501e+01  
Epoch=    163,  lr= 5.000000e-04  train: 1.487512e+01  validation: 1.438618e+01  
Epoch=    164,  lr= 5.000000e-04  train: 1.483862e+01  validation: 1.475436e+01  
Epoch=    165,  lr= 5.000000e-04  train: 1.460395e+01  validation: 1.679702e+01  
Epoch=    166,  lr= 5.000000e-04  train: 1.495299e+01  validation: 1.359560e+01  
Epoch=    167,  lr= 5.000000e-04  train: 1.483419e+01  validation: 1.475960e+01  
Epoch=    168,  lr= 5.000000e-04  train: 1.487862e+01  validation: 1.437483e+01  
Epoch=    169,  lr= 5.000000e-04  train: 1.490533e+01  validation: 1.410328e+01  
Epoch=    170,  lr= 5.000000e-04  train: 1.495114e+01  validation: 1.368101e+01  
Epoch=    171,  lr= 5.000000e-04  train: 1.489029e+01  validation: 1.428683e+01  
Epoch=    172,  lr= 5.000000e-04  train: 1.487197e+01  validation: 1.444796e+01  
Epoch=    173,  lr= 5.000000e-04  train: 1.487854e+01  validation: 1.433736e+01  
Epoch=    174,  lr= 5.000000e-04  train: 1.481568e+01  validation: 1.500179e+01  
Epoch=    175,  lr= 5.000000e-04  train: 1.487214e+01  validation: 1.445810e+01  
Epoch=    176,  lr= 5.000000e-04  train: 1.487526e+01  validation: 1.453453e+01  
Epoch=    177,  lr= 5.000000e-04  train: 1.487159e+01  validation: 1.443118e+01  
Epoch=    178,  lr= 5.000000e-04  train: 1.471087e+01  validation: 1.588094e+01  
Epoch=    179,  lr= 5.000000e-04  train: 1.487166e+01  validation: 1.445039e+01  
Epoch=    180,  lr= 5.000000e-04  train: 1.486811e+01  validation: 1.446537e+01  
Epoch=    181,  lr= 5.000000e-04  train: 1.473769e+01  validation: 1.563078e+01  
Epoch=    182,  lr= 5.000000e-04  train: 1.489271e+01  validation: 1.424140e+01  
Epoch=    183,  lr= 5.000000e-04  train: 1.492591e+01  validation: 1.392305e+01  
Epoch=    184,  lr= 5.000000e-04  train: 1.467931e+01  validation: 1.626744e+01  
Epoch=    185,  lr= 5.000000e-04  train: 1.468693e+01  validation: 1.613333e+01  
Epoch=    186,  lr= 5.000000e-04  train: 1.489554e+01  validation: 1.439587e+01  
Epoch=    187,  lr= 5.000000e-04  train: 1.482650e+01  validation: 1.506790e+01  
Epoch=    188,  lr= 5.000000e-04  train: 1.477426e+01  validation: 1.547005e+01  
Epoch=    189,  lr= 5.000000e-04  train: 1.485351e+01  validation: 1.465739e+01  
Epoch=    190,  lr= 5.000000e-04  train: 1.484932e+01  validation: 1.463546e+01  
Epoch=    191,  lr= 5.000000e-04  train: 1.459153e+01  validation: 1.691036e+01  
Epoch=    192,  lr= 5.000000e-04  train: 1.489511e+01  validation: 1.426118e+01  
Epoch=    193,  lr= 5.000000e-04  train: 1.482941e+01  validation: 1.492713e+01  
Epoch=    194,  lr= 5.000000e-04  train: 1.490380e+01  validation: 1.419350e+01  
Epoch=    195,  lr= 5.000000e-04  train: 1.488705e+01  validation: 1.430955e+01  
Epoch=    196,  lr= 5.000000e-04  train: 1.499016e+01  validation: 1.322481e+01  
Epoch=    197,  lr= 5.000000e-04  train: 1.495171e+01  validation: 1.362295e+01  
Epoch=    198,  lr= 5.000000e-04  train: 1.491390e+01  validation: 1.400576e+01  
Epoch=    199,  lr= 5.000000e-04  train: 1.482967e+01  validation: 1.483514e+01  
Epoch=    200,  lr= 5.000000e-04  train: 1.474298e+01  validation: 1.566770e+01  
Epoch=    201,  lr= 5.000000e-04  train: 1.481298e+01  validation: 1.500978e+01  
Epoch=    202,  lr= 5.000000e-04  train: 1.485305e+01  validation: 1.460780e+01  
Epoch=    203,  lr= 5.000000e-04  train: 1.469267e+01  validation: 1.610246e+01  
Epoch=    204,  lr= 5.000000e-04  train: 1.491233e+01  validation: 1.406736e+01  
Epoch=    205,  lr= 5.000000e-04  train: 1.478479e+01  validation: 1.529333e+01  
Epoch=    206,  lr= 5.000000e-04  train: 1.492007e+01  validation: 1.398114e+01  
Epoch=    207,  lr= 2.500000e-04  train: 1.484878e+01  validation: 1.467945e+01  
Epoch=    208,  lr= 2.500000e-04  train: 1.475443e+01  validation: 1.548487e+01  
Epoch=    209,  lr= 2.500000e-04  train: 1.476962e+01  validation: 1.535533e+01  
Epoch=    210,  lr= 2.500000e-04  train: 1.490453e+01  validation: 1.408183e+01  
Epoch=    211,  lr= 2.500000e-04  train: 1.499893e+01  validation: 1.315007e+01  
Epoch=    212,  lr= 2.500000e-04  train: 1.477067e+01  validation: 1.534701e+01  
Epoch=    213,  lr= 2.500000e-04  train: 1.486890e+01  validation: 1.445276e+01  
Epoch=    214,  lr= 2.500000e-04  train: 1.467218e+01  validation: 1.623598e+01  
Epoch=    215,  lr= 2.500000e-04  train: 1.480034e+01  validation: 1.508754e+01  
Epoch=    216,  lr= 2.500000e-04  train: 1.480686e+01  validation: 1.500614e+01  
Epoch=    217,  lr= 2.500000e-04  train: 1.490902e+01  validation: 1.402935e+01  
Epoch=    218,  lr= 2.500000e-04  train: 1.473714e+01  validation: 1.564757e+01  
Epoch=    219,  lr= 2.500000e-04  train: 1.471268e+01  validation: 1.587368e+01  
Epoch=    220,  lr= 2.500000e-04  train: 1.484020e+01  validation: 1.471723e+01  
Epoch=    221,  lr= 2.500000e-04  train: 1.473303e+01  validation: 1.568416e+01  
Epoch=    222,  lr= 2.500000e-04  train: 1.491985e+01  validation: 1.393719e+01  
Epoch=    223,  lr= 2.500000e-04  train: 1.473818e+01  validation: 1.563379e+01  
Epoch=    224,  lr= 2.500000e-04  train: 1.491953e+01  validation: 1.391133e+01  
Epoch=    225,  lr= 2.500000e-04  train: 1.501779e+01  validation: 1.288174e+01  
Epoch=    226,  lr= 2.500000e-04  train: 1.487107e+01  validation: 1.442228e+01  
Epoch=    227,  lr= 2.500000e-04  train: 1.498785e+01  validation: 1.321621e+01  
Epoch=    228,  lr= 2.500000e-04  train: 1.490438e+01  validation: 1.406975e+01  
Epoch=    229,  lr= 2.500000e-04  train: 1.484552e+01  validation: 1.466932e+01  
Epoch=    230,  lr= 2.500000e-04  train: 1.484161e+01  validation: 1.476804e+01  
Epoch=    231,  lr= 2.500000e-04  train: 1.482817e+01  validation: 1.482981e+01  
Epoch=    232,  lr= 2.500000e-04  train: 1.480528e+01  validation: 1.504600e+01  
Epoch=    233,  lr= 2.500000e-04  train: 1.476333e+01  validation: 1.543467e+01  
Epoch=    234,  lr= 2.500000e-04  train: 1.483443e+01  validation: 1.478162e+01  
Epoch=    235,  lr= 2.500000e-04  train: 1.494770e+01  validation: 1.363691e+01  
Epoch=    236,  lr= 2.500000e-04  train: 1.481418e+01  validation: 1.495212e+01  
Epoch=    237,  lr= 2.500000e-04  train: 1.497320e+01  validation: 1.338745e+01  
Epoch=    238,  lr= 2.500000e-04  train: 1.472046e+01  validation: 1.579493e+01  
Epoch=    239,  lr= 2.500000e-04  train: 1.481541e+01  validation: 1.492977e+01  
Epoch=    240,  lr= 2.500000e-04  train: 1.482006e+01  validation: 1.487993e+01  
Epoch=    241,  lr= 2.500000e-04  train: 1.481534e+01  validation: 1.493007e+01  
Epoch=    242,  lr= 2.500000e-04  train: 1.498013e+01  validation: 1.330010e+01  
Epoch=    243,  lr= 2.500000e-04  train: 1.501946e+01  validation: 1.288986e+01  
Epoch=    244,  lr= 2.500000e-04  train: 1.473671e+01  validation: 1.564487e+01  
Epoch=    245,  lr= 2.500000e-04  train: 1.489995e+01  validation: 1.410816e+01  
Epoch=    246,  lr= 2.500000e-04  train: 1.483097e+01  validation: 1.479641e+01  
Epoch=    247,  lr= 2.500000e-04  train: 1.458796e+01  validation: 1.691455e+01  
Epoch=    248,  lr= 2.500000e-04  train: 1.483845e+01  validation: 1.472472e+01  
Epoch=    249,  lr= 2.500000e-04  train: 1.487325e+01  validation: 1.443025e+01  
Epoch=    250,  lr= 2.500000e-04  train: 1.477463e+01  validation: 1.532250e+01  
Epoch=    251,  lr= 2.500000e-04  train: 1.480836e+01  validation: 1.503349e+01  
Epoch=    252,  lr= 2.500000e-04  train: 1.480668e+01  validation: 1.500914e+01  
Epoch=    253,  lr= 2.500000e-04  train: 1.473997e+01  validation: 1.561437e+01  
Epoch=    254,  lr= 2.500000e-04  train: 1.495680e+01  validation: 1.354491e+01  
Epoch=    255,  lr= 2.500000e-04  train: 1.482206e+01  validation: 1.487811e+01  
Epoch=    256,  lr= 2.500000e-04  train: 1.479696e+01  validation: 1.510150e+01  
Epoch=    257,  lr= 2.500000e-04  train: 1.479205e+01  validation: 1.515602e+01  
Epoch=    258,  lr= 2.500000e-04  train: 1.482280e+01  validation: 1.486199e+01  
Epoch=    259,  lr= 2.500000e-04  train: 1.510244e+01  validation: 1.192273e+01  
Epoch=    260,  lr= 2.500000e-04  train: 1.483741e+01  validation: 1.472527e+01  
Epoch=    261,  lr= 2.500000e-04  train: 1.473282e+01  validation: 1.574150e+01  
Epoch=    262,  lr= 2.500000e-04  train: 1.503712e+01  validation: 1.274091e+01  
Epoch=    263,  lr= 2.500000e-04  train: 1.489403e+01  validation: 1.418029e+01  
Epoch=    264,  lr= 2.500000e-04  train: 1.488696e+01  validation: 1.429319e+01  
Epoch=    265,  lr= 2.500000e-04  train: 1.487300e+01  validation: 1.445055e+01  
Epoch=    266,  lr= 2.500000e-04  train: 1.497952e+01  validation: 1.342079e+01  
Epoch=    267,  lr= 2.500000e-04  train: 1.477194e+01  validation: 1.540937e+01  
Epoch=    268,  lr= 2.500000e-04  train: 1.489250e+01  validation: 1.423189e+01  
Epoch=    269,  lr= 2.500000e-04  train: 1.492349e+01  validation: 1.388062e+01  
Epoch=    270,  lr= 2.500000e-04  train: 1.479106e+01  validation: 1.520904e+01  
Epoch=    271,  lr= 2.500000e-04  train: 1.473547e+01  validation: 1.566959e+01  
Epoch=    272,  lr= 2.500000e-04  train: 1.486590e+01  validation: 1.445792e+01  
Epoch=    273,  lr= 2.500000e-04  train: 1.485957e+01  validation: 1.451381e+01  
Epoch=    274,  lr= 2.500000e-04  train: 1.492969e+01  validation: 1.382080e+01  
Epoch=    275,  lr= 2.500000e-04  train: 1.473706e+01  validation: 1.563256e+01  
Epoch=    276,  lr= 2.500000e-04  train: 1.492604e+01  validation: 1.387718e+01  
Epoch=    277,  lr= 2.500000e-04  train: 1.489298e+01  validation: 1.419213e+01  
Epoch=    278,  lr= 2.500000e-04  train: 1.494066e+01  validation: 1.371789e+01  
Epoch=    279,  lr= 2.500000e-04  train: 1.481284e+01  validation: 1.495596e+01  
Epoch=    280,  lr= 2.500000e-04  train: 1.469394e+01  validation: 1.603024e+01  
Epoch=    281,  lr= 2.500000e-04  train: 1.479264e+01  validation: 1.514845e+01  
Epoch=    282,  lr= 2.500000e-04  train: 1.489536e+01  validation: 1.418194e+01  
Epoch=    283,  lr= 2.500000e-04  train: 1.475325e+01  validation: 1.548997e+01  
Epoch=    284,  lr= 2.500000e-04  train: 1.479195e+01  validation: 1.514046e+01  
Epoch=    285,  lr= 2.500000e-04  train: 1.480714e+01  validation: 1.500269e+01  
Epoch=    286,  lr= 2.500000e-04  train: 1.494311e+01  validation: 1.370513e+01  
Epoch=    287,  lr= 2.500000e-04  train: 1.482461e+01  validation: 1.487847e+01  
Epoch=    288,  lr= 2.500000e-04  train: 1.470818e+01  validation: 1.589715e+01  
Epoch=    289,  lr= 2.500000e-04  train: 1.485712e+01  validation: 1.454695e+01  
Epoch=    290,  lr= 2.500000e-04  train: 1.498523e+01  validation: 1.323607e+01  
Epoch=    291,  lr= 2.500000e-04  train: 1.487093e+01  validation: 1.441218e+01  
Epoch=    292,  lr= 2.500000e-04  train: 1.479099e+01  validation: 1.516585e+01  
Epoch=    293,  lr= 2.500000e-04  train: 1.495642e+01  validation: 1.355554e+01  
Epoch=    294,  lr= 2.500000e-04  train: 1.476210e+01  validation: 1.541965e+01  
Epoch=    295,  lr= 2.500000e-04  train: 1.495222e+01  validation: 1.360358e+01  
Epoch=    296,  lr= 2.500000e-04  train: 1.480874e+01  validation: 1.500960e+01  
Epoch=    297,  lr= 2.500000e-04  train: 1.476805e+01  validation: 1.537007e+01  
Epoch=    298,  lr= 2.500000e-04  train: 1.463123e+01  validation: 1.659478e+01  
Epoch=    299,  lr= 2.500000e-04  train: 1.485451e+01  validation: 1.454371e+01  
Epoch=    300,  lr= 2.500000e-04  train: 1.498223e+01  validation: 1.326580e+01  
Epoch=    301,  lr= 2.500000e-04  train: 1.470474e+01  validation: 1.593403e+01  
Epoch=    302,  lr= 2.500000e-04  train: 1.456677e+01  validation: 1.708622e+01  
Epoch=    303,  lr= 2.500000e-04  train: 1.467046e+01  validation: 1.622630e+01  
Epoch=    304,  lr= 2.500000e-04  train: 1.499062e+01  validation: 1.323405e+01  
Epoch=    305,  lr= 2.500000e-04  train: 1.488457e+01  validation: 1.426345e+01  
Epoch=    306,  lr= 2.500000e-04  train: 1.471918e+01  validation: 1.583224e+01  
Epoch=    307,  lr= 2.500000e-04  train: 1.493401e+01  validation: 1.378801e+01  
Epoch=    308,  lr= 2.500000e-04  train: 1.490074e+01  validation: 1.412480e+01  
Epoch=    309,  lr= 2.500000e-04  train: 1.482681e+01  validation: 1.483182e+01  
Epoch=    310,  lr= 2.500000e-04  train: 1.468184e+01  validation: 1.617144e+01  
Epoch=    311,  lr= 2.500000e-04  train: 1.480153e+01  validation: 1.510634e+01  
Epoch=    312,  lr= 2.500000e-04  train: 1.476633e+01  validation: 1.538322e+01  
Epoch=    313,  lr= 2.500000e-04  train: 1.468384e+01  validation: 1.612158e+01  
Epoch=    314,  lr= 2.500000e-04  train: 1.487473e+01  validation: 1.442540e+01  
Epoch=    315,  lr= 2.500000e-04  train: 1.480183e+01  validation: 1.505379e+01  
Epoch=    316,  lr= 2.500000e-04  train: 1.468093e+01  validation: 1.614819e+01  
Epoch=    317,  lr= 2.500000e-04  train: 1.483532e+01  validation: 1.477795e+01  
Epoch=    318,  lr= 2.500000e-04  train: 1.481069e+01  validation: 1.502154e+01  
Epoch=    319,  lr= 2.500000e-04  train: 1.471441e+01  validation: 1.588998e+01  
Epoch=    320,  lr= 2.500000e-04  train: 1.494060e+01  validation: 1.370993e+01  
Epoch=    321,  lr= 1.250000e-04  train: 1.472977e+01  validation: 1.571301e+01  
Epoch=    322,  lr= 1.250000e-04  train: 1.498150e+01  validation: 1.326955e+01  
Epoch=    323,  lr= 1.250000e-04  train: 1.475783e+01  validation: 1.545228e+01  
Epoch=    324,  lr= 1.250000e-04  train: 1.484154e+01  validation: 1.468517e+01  
Epoch=    325,  lr= 1.250000e-04  train: 1.479655e+01  validation: 1.510435e+01  
Epoch=    326,  lr= 1.250000e-04  train: 1.488640e+01  validation: 1.424436e+01  
Epoch=    327,  lr= 1.250000e-04  train: 1.467979e+01  validation: 1.613990e+01  
Epoch=    328,  lr= 1.250000e-04  train: 1.493899e+01  validation: 1.372183e+01  
Epoch=    329,  lr= 1.250000e-04  train: 1.485207e+01  validation: 1.456814e+01  
Epoch=    330,  lr= 1.250000e-04  train: 1.482186e+01  validation: 1.486158e+01  
Epoch=    331,  lr= 1.250000e-04  train: 1.488702e+01  validation: 1.423648e+01  
Epoch=    332,  lr= 1.250000e-04  train: 1.478699e+01  validation: 1.518240e+01  
Epoch=    333,  lr= 1.250000e-04  train: 1.479683e+01  validation: 1.511352e+01  
Epoch=    334,  lr= 1.250000e-04  train: 1.481568e+01  validation: 1.491758e+01  
Epoch=    335,  lr= 1.250000e-04  train: 1.456802e+01  validation: 1.707338e+01  
Epoch=    336,  lr= 1.250000e-04  train: 1.480375e+01  validation: 1.503569e+01  
Epoch=    337,  lr= 1.250000e-04  train: 1.472427e+01  validation: 1.576103e+01  
Epoch=    338,  lr= 1.250000e-04  train: 1.477792e+01  validation: 1.526631e+01  
Epoch=    339,  lr= 1.250000e-04  train: 1.465864e+01  validation: 1.631050e+01  
Epoch=    340,  lr= 1.250000e-04  train: 1.459660e+01  validation: 1.683209e+01  
Epoch=    341,  lr= 1.250000e-04  train: 1.481235e+01  validation: 1.495983e+01  
Epoch=    342,  lr= 1.250000e-04  train: 1.480081e+01  validation: 1.505923e+01  
Epoch=    343,  lr= 1.250000e-04  train: 1.484589e+01  validation: 1.463723e+01  
Epoch=    344,  lr= 1.250000e-04  train: 1.482926e+01  validation: 1.479223e+01  
Epoch=    345,  lr= 1.250000e-04  train: 1.489753e+01  validation: 1.413335e+01  
Epoch=    346,  lr= 1.250000e-04  train: 1.483271e+01  validation: 1.475919e+01  
Epoch=    347,  lr= 1.250000e-04  train: 1.484971e+01  validation: 1.460625e+01  
Epoch=    348,  lr= 1.250000e-04  train: 1.496887e+01  validation: 1.342271e+01  
Epoch=    349,  lr= 1.250000e-04  train: 1.481395e+01  validation: 1.494493e+01  
Epoch=    350,  lr= 1.250000e-04  train: 1.482243e+01  validation: 1.487172e+01  
Epoch=    351,  lr= 1.250000e-04  train: 1.489079e+01  validation: 1.420331e+01  
Epoch=    352,  lr= 1.250000e-04  train: 1.493491e+01  validation: 1.376895e+01  
Epoch=    353,  lr= 1.250000e-04  train: 1.482151e+01  validation: 1.487125e+01  
Epoch=    354,  lr= 1.250000e-04  train: 1.485568e+01  validation: 1.454197e+01  
Epoch=    355,  lr= 1.250000e-04  train: 1.491632e+01  validation: 1.394525e+01  
Epoch=    356,  lr= 1.250000e-04  train: 1.495066e+01  validation: 1.360601e+01  
Epoch=    357,  lr= 1.250000e-04  train: 1.476455e+01  validation: 1.539902e+01  
Epoch=    358,  lr= 1.250000e-04  train: 1.489760e+01  validation: 1.414261e+01  
Epoch=    359,  lr= 1.250000e-04  train: 1.468301e+01  validation: 1.611815e+01  
Epoch=    360,  lr= 1.250000e-04  train: 1.502552e+01  validation: 1.279355e+01  
Epoch=    361,  lr= 1.250000e-04  train: 1.483117e+01  validation: 1.477790e+01  
Epoch=    362,  lr= 1.250000e-04  train: 1.475784e+01  validation: 1.546211e+01  
Epoch=    363,  lr= 1.250000e-04  train: 1.489804e+01  validation: 1.413016e+01  
Epoch=    364,  lr= 1.250000e-04  train: 1.491644e+01  validation: 1.394438e+01  
Epoch=    365,  lr= 1.250000e-04  train: 1.478128e+01  validation: 1.523981e+01  
Epoch=    366,  lr= 1.250000e-04  train: 1.475951e+01  validation: 1.543866e+01  
Epoch=    367,  lr= 1.250000e-04  train: 1.496485e+01  validation: 1.348384e+01  
Epoch=    368,  lr= 1.250000e-04  train: 1.488661e+01  validation: 1.425037e+01  
Epoch=    369,  lr= 1.250000e-04  train: 1.493872e+01  validation: 1.372165e+01  
Epoch=    370,  lr= 1.250000e-04  train: 1.484860e+01  validation: 1.462224e+01  
Epoch=    371,  lr= 1.250000e-04  train: 1.477169e+01  validation: 1.535482e+01  
Epoch=    372,  lr= 1.250000e-04  train: 1.484046e+01  validation: 1.468076e+01  
Epoch=    373,  lr= 1.250000e-04  train: 1.469267e+01  validation: 1.603113e+01  
Epoch=    374,  lr= 1.250000e-04  train: 1.481180e+01  validation: 1.496365e+01  
Epoch=    375,  lr= 1.250000e-04  train: 1.472399e+01  validation: 1.574907e+01  
Epoch=    376,  lr= 1.250000e-04  train: 1.477301e+01  validation: 1.531243e+01  
Epoch=    377,  lr= 1.250000e-04  train: 1.463980e+01  validation: 1.647625e+01  
Epoch=    378,  lr= 1.250000e-04  train: 1.478962e+01  validation: 1.518780e+01  
Epoch=    379,  lr= 1.250000e-04  train: 1.474605e+01  validation: 1.555304e+01  
Epoch=    380,  lr= 1.250000e-04  train: 1.476893e+01  validation: 1.534824e+01  
Epoch=    381,  lr= 1.250000e-04  train: 1.475248e+01  validation: 1.549807e+01  
Epoch=    382,  lr= 6.250000e-05  train: 1.473361e+01  validation: 1.566817e+01  
Epoch=    383,  lr= 6.250000e-05  train: 1.480726e+01  validation: 1.499183e+01  
Epoch=    384,  lr= 6.250000e-05  train: 1.484375e+01  validation: 1.465394e+01  
Epoch=    385,  lr= 6.250000e-05  train: 1.496395e+01  validation: 1.346445e+01  
Epoch=    386,  lr= 6.250000e-05  train: 1.488380e+01  validation: 1.426175e+01  
Epoch=    387,  lr= 6.250000e-05  train: 1.470528e+01  validation: 1.591208e+01  
Epoch=    388,  lr= 6.250000e-05  train: 1.481972e+01  validation: 1.488089e+01  
Epoch=    389,  lr= 6.250000e-05  train: 1.480917e+01  validation: 1.497354e+01  
Epoch=    390,  lr= 6.250000e-05  train: 1.490786e+01  validation: 1.402728e+01  
Epoch=    391,  lr= 6.250000e-05  train: 1.467622e+01  validation: 1.616363e+01  
Epoch=    392,  lr= 6.250000e-05  train: 1.472639e+01  validation: 1.572939e+01  
Epoch=    393,  lr= 6.250000e-05  train: 1.474875e+01  validation: 1.553183e+01  
Epoch=    394,  lr= 6.250000e-05  train: 1.486900e+01  validation: 1.441222e+01  
Epoch=    395,  lr= 6.250000e-05  train: 1.489380e+01  validation: 1.417811e+01  
Epoch=    396,  lr= 6.250000e-05  train: 1.464077e+01  validation: 1.646031e+01  
Epoch=    397,  lr= 6.250000e-05  train: 1.485016e+01  validation: 1.459168e+01  
Epoch=    398,  lr= 6.250000e-05  train: 1.481323e+01  validation: 1.493738e+01  
Epoch=    399,  lr= 6.250000e-05  train: 1.477249e+01  validation: 1.531209e+01  
Epoch=    400,  lr= 6.250000e-05  train: 1.465030e+01  validation: 1.638237e+01  
Epoch=    401,  lr= 6.250000e-05  train: 1.478156e+01  validation: 1.523892e+01  
Epoch=    402,  lr= 6.250000e-05  train: 1.461761e+01  validation: 1.665579e+01  
Epoch=    403,  lr= 6.250000e-05  train: 1.487108e+01  validation: 1.439412e+01  
Epoch=    404,  lr= 6.250000e-05  train: 1.488264e+01  validation: 1.427446e+01  
Epoch=    405,  lr= 6.250000e-05  train: 1.484221e+01  validation: 1.466414e+01  
Epoch=    406,  lr= 6.250000e-05  train: 1.472588e+01  validation: 1.573550e+01  
Epoch=    407,  lr= 6.250000e-05  train: 1.483037e+01  validation: 1.477692e+01  
Epoch=    408,  lr= 6.250000e-05  train: 1.471758e+01  validation: 1.581625e+01  
Epoch=    409,  lr= 6.250000e-05  train: 1.474088e+01  validation: 1.560258e+01  
Epoch=    410,  lr= 6.250000e-05  train: 1.474131e+01  validation: 1.559192e+01  
Epoch=    411,  lr= 6.250000e-05  train: 1.479660e+01  validation: 1.509455e+01  
Epoch=    412,  lr= 6.250000e-05  train: 1.487621e+01  validation: 1.433871e+01  
Epoch=    413,  lr= 6.250000e-05  train: 1.465778e+01  validation: 1.631691e+01  
Epoch=    414,  lr= 6.250000e-05  train: 1.482079e+01  validation: 1.486937e+01  
Epoch=    415,  lr= 6.250000e-05  train: 1.497111e+01  validation: 1.338356e+01  
Epoch=    416,  lr= 6.250000e-05  train: 1.487688e+01  validation: 1.433233e+01  
Epoch=    417,  lr= 6.250000e-05  train: 1.484421e+01  validation: 1.465074e+01  
Epoch=    418,  lr= 6.250000e-05  train: 1.479791e+01  validation: 1.508136e+01  
Epoch=    419,  lr= 6.250000e-05  train: 1.485435e+01  validation: 1.455241e+01  
Epoch=    420,  lr= 6.250000e-05  train: 1.475858e+01  validation: 1.544365e+01  
Epoch=    421,  lr= 6.250000e-05  train: 1.479903e+01  validation: 1.507341e+01  
Epoch=    422,  lr= 6.250000e-05  train: 1.462042e+01  validation: 1.663339e+01  
Epoch=    423,  lr= 6.250000e-05  train: 1.472373e+01  validation: 1.574930e+01  
Epoch=    424,  lr= 6.250000e-05  train: 1.475163e+01  validation: 1.550077e+01  
Epoch=    425,  lr= 6.250000e-05  train: 1.497087e+01  validation: 1.337929e+01  
Epoch=    426,  lr= 6.250000e-05  train: 1.478505e+01  validation: 1.520477e+01  
Epoch=    427,  lr= 6.250000e-05  train: 1.485273e+01  validation: 1.456921e+01  
Epoch=    428,  lr= 6.250000e-05  train: 1.480750e+01  validation: 1.499410e+01  
Epoch=    429,  lr= 6.250000e-05  train: 1.478144e+01  validation: 1.523813e+01  
Epoch=    430,  lr= 6.250000e-05  train: 1.498560e+01  validation: 1.322248e+01  
Epoch=    431,  lr= 6.250000e-05  train: 1.495089e+01  validation: 1.358508e+01  
Epoch=    432,  lr= 6.250000e-05  train: 1.476752e+01  validation: 1.536082e+01  
Epoch=    433,  lr= 6.250000e-05  train: 1.497582e+01  validation: 1.332250e+01  
Epoch=    434,  lr= 6.250000e-05  train: 1.484684e+01  validation: 1.462509e+01  
Epoch=    435,  lr= 6.250000e-05  train: 1.488773e+01  validation: 1.423860e+01  
Epoch=    436,  lr= 6.250000e-05  train: 1.471544e+01  validation: 1.582760e+01  
Epoch=    437,  lr= 6.250000e-05  train: 1.486712e+01  validation: 1.442381e+01  
Epoch=    438,  lr= 6.250000e-05  train: 1.466000e+01  validation: 1.630259e+01  
Epoch=    439,  lr= 6.250000e-05  train: 1.479917e+01  validation: 1.506804e+01  
Epoch=    440,  lr= 6.250000e-05  train: 1.494029e+01  validation: 1.370143e+01  
Epoch=    441,  lr= 6.250000e-05  train: 1.472382e+01  validation: 1.574755e+01  
Epoch=    442,  lr= 6.250000e-05  train: 1.489061e+01  validation: 1.420826e+01  
Epoch=    443,  lr= 3.125000e-05  train: 1.479668e+01  validation: 1.508951e+01  
Epoch=    444,  lr= 3.125000e-05  train: 1.480128e+01  validation: 1.504613e+01  
Epoch=    445,  lr= 3.125000e-05  train: 1.492474e+01  validation: 1.385473e+01  
Epoch=    446,  lr= 3.125000e-05  train: 1.491904e+01  validation: 1.391233e+01  
Epoch=    447,  lr= 3.125000e-05  train: 1.485281e+01  validation: 1.455924e+01  
Epoch=    448,  lr= 3.125000e-05  train: 1.478483e+01  validation: 1.519580e+01  
Epoch=    449,  lr= 3.125000e-05  train: 1.482756e+01  validation: 1.480263e+01  
Epoch=    450,  lr= 3.125000e-05  train: 1.484851e+01  validation: 1.460187e+01  
Epoch=    451,  lr= 3.125000e-05  train: 1.502375e+01  validation: 1.281101e+01  
Epoch=    452,  lr= 3.125000e-05  train: 1.496795e+01  validation: 1.341121e+01  
Epoch=    453,  lr= 3.125000e-05  train: 1.478154e+01  validation: 1.523400e+01  
Epoch=    454,  lr= 3.125000e-05  train: 1.490591e+01  validation: 1.403936e+01  
Epoch=    455,  lr= 3.125000e-05  train: 1.487164e+01  validation: 1.437869e+01  
Epoch=    456,  lr= 3.125000e-05  train: 1.476894e+01  validation: 1.534360e+01  
Epoch=    457,  lr= 3.125000e-05  train: 1.473291e+01  validation: 1.566862e+01  
Epoch=    458,  lr= 3.125000e-05  train: 1.472636e+01  validation: 1.572436e+01  
Epoch=    459,  lr= 3.125000e-05  train: 1.487501e+01  validation: 1.434363e+01  
Epoch=    460,  lr= 3.125000e-05  train: 1.487382e+01  validation: 1.435956e+01  
Epoch=    461,  lr= 3.125000e-05  train: 1.488572e+01  validation: 1.423941e+01  
Epoch=    462,  lr= 3.125000e-05  train: 1.492750e+01  validation: 1.382435e+01  
Epoch=    463,  lr= 3.125000e-05  train: 1.484333e+01  validation: 1.465204e+01  
Epoch=    464,  lr= 3.125000e-05  train: 1.486681e+01  validation: 1.442796e+01  
Epoch=    465,  lr= 3.125000e-05  train: 1.478495e+01  validation: 1.519543e+01  
Epoch=    466,  lr= 3.125000e-05  train: 1.482433e+01  validation: 1.483207e+01  
Epoch=    467,  lr= 3.125000e-05  train: 1.474945e+01  validation: 1.552032e+01  
Epoch=    468,  lr= 3.125000e-05  train: 1.498551e+01  validation: 1.321718e+01  
Epoch=    469,  lr= 3.125000e-05  train: 1.478503e+01  validation: 1.519481e+01  
Epoch=    470,  lr= 3.125000e-05  train: 1.486685e+01  validation: 1.442505e+01  
Epoch=    471,  lr= 3.125000e-05  train: 1.471285e+01  validation: 1.584582e+01  
Epoch=    472,  lr= 3.125000e-05  train: 1.481394e+01  validation: 1.492907e+01  
Epoch=    473,  lr= 3.125000e-05  train: 1.504376e+01  validation: 1.258442e+01  
Epoch=    474,  lr= 3.125000e-05  train: 1.467386e+01  validation: 1.617903e+01  
Epoch=    475,  lr= 3.125000e-05  train: 1.487666e+01  validation: 1.433142e+01  
Epoch=    476,  lr= 3.125000e-05  train: 1.493907e+01  validation: 1.370359e+01  
Epoch=    477,  lr= 3.125000e-05  train: 1.487414e+01  validation: 1.435812e+01  
Epoch=    478,  lr= 3.125000e-05  train: 1.471461e+01  validation: 1.582693e+01  
Epoch=    479,  lr= 3.125000e-05  train: 1.488534e+01  validation: 1.424492e+01  
Epoch=    480,  lr= 3.125000e-05  train: 1.478994e+01  validation: 1.515083e+01  
Epoch=    481,  lr= 3.125000e-05  train: 1.481077e+01  validation: 1.495804e+01  
Epoch=    482,  lr= 3.125000e-05  train: 1.488137e+01  validation: 1.428249e+01  
Epoch=    483,  lr= 3.125000e-05  train: 1.487188e+01  validation: 1.438262e+01  
Epoch=    484,  lr= 3.125000e-05  train: 1.478360e+01  validation: 1.521210e+01  
Epoch=    485,  lr= 3.125000e-05  train: 1.490006e+01  validation: 1.410073e+01  
Epoch=    486,  lr= 3.125000e-05  train: 1.494218e+01  validation: 1.367313e+01  
Epoch=    487,  lr= 3.125000e-05  train: 1.486098e+01  validation: 1.448426e+01  
Epoch=    488,  lr= 3.125000e-05  train: 1.479512e+01  validation: 1.511045e+01  
Epoch=    489,  lr= 3.125000e-05  train: 1.479437e+01  validation: 1.511007e+01  
Epoch=    490,  lr= 3.125000e-05  train: 1.495630e+01  validation: 1.353176e+01  
Epoch=    491,  lr= 3.125000e-05  train: 1.483533e+01  validation: 1.473087e+01  
Epoch=    492,  lr= 3.125000e-05  train: 1.483354e+01  validation: 1.474696e+01  
Epoch=    493,  lr= 3.125000e-05  train: 1.495612e+01  validation: 1.352965e+01  
Epoch=    494,  lr= 3.125000e-05  train: 1.481817e+01  validation: 1.489014e+01  
Epoch=    495,  lr= 3.125000e-05  train: 1.475233e+01  validation: 1.549721e+01  
Epoch=    496,  lr= 3.125000e-05  train: 1.498293e+01  validation: 1.324918e+01  
Epoch=    497,  lr= 3.125000e-05  train: 1.492180e+01  validation: 1.388255e+01  
Epoch=    498,  lr= 3.125000e-05  train: 1.495548e+01  validation: 1.353992e+01  
Epoch=    499,  lr= 3.125000e-05  train: 1.502595e+01  validation: 1.278894e+01  
Epoch=    500,  lr= 3.125000e-05  train: 1.494484e+01  validation: 1.364680e+01  
Epoch=    501,  lr= 3.125000e-05  train: 1.463267e+01  validation: 1.653388e+01  
Epoch=    502,  lr= 3.125000e-05  train: 1.484087e+01  validation: 1.467440e+01  
Epoch=    503,  lr= 3.125000e-05  train: 1.472537e+01  validation: 1.573582e+01  
Epoch=    504,  lr= 1.562500e-05  train: 1.467667e+01  validation: 1.615281e+01  
Epoch=    505,  lr= 1.562500e-05  train: 1.481445e+01  validation: 1.492204e+01  
Epoch=    506,  lr= 1.562500e-05  train: 1.465554e+01  validation: 1.633235e+01  
Epoch=    507,  lr= 1.562500e-05  train: 1.479303e+01  validation: 1.512077e+01  
Epoch=    508,  lr= 1.562500e-05  train: 1.495432e+01  validation: 1.354549e+01  
Epoch=    509,  lr= 1.562500e-05  train: 1.474549e+01  validation: 1.555166e+01  
Epoch=    510,  lr= 1.562500e-05  train: 1.476647e+01  validation: 1.536395e+01  
Epoch=    511,  lr= 1.562500e-05  train: 1.479481e+01  validation: 1.510434e+01  
Epoch=    512,  lr= 1.562500e-05  train: 1.476976e+01  validation: 1.533359e+01  
Epoch=    513,  lr= 1.562500e-05  train: 1.482953e+01  validation: 1.478042e+01  
Epoch=    514,  lr= 1.562500e-05  train: 1.471040e+01  validation: 1.586134e+01  
Epoch=    515,  lr= 1.562500e-05  train: 1.491954e+01  validation: 1.390175e+01  
Epoch=    516,  lr= 1.562500e-05  train: 1.486712e+01  validation: 1.442129e+01  
Epoch=    517,  lr= 1.562500e-05  train: 1.490371e+01  validation: 1.406069e+01  
Epoch=    518,  lr= 1.562500e-05  train: 1.482416e+01  validation: 1.483105e+01  
Epoch=    519,  lr= 1.562500e-05  train: 1.476449e+01  validation: 1.538109e+01  
Epoch=    520,  lr= 1.562500e-05  train: 1.477896e+01  validation: 1.525154e+01  
Epoch=    521,  lr= 1.562500e-05  train: 1.467889e+01  validation: 1.613361e+01  
Epoch=    522,  lr= 1.562500e-05  train: 1.481870e+01  validation: 1.488217e+01  
Epoch=    523,  lr= 1.562500e-05  train: 1.484824e+01  validation: 1.460236e+01  
Epoch=    524,  lr= 1.562500e-05  train: 1.480355e+01  validation: 1.502342e+01  
Epoch=    525,  lr= 1.562500e-05  train: 1.491582e+01  validation: 1.393912e+01  
Epoch=    526,  lr= 1.562500e-05  train: 1.477437e+01  validation: 1.529139e+01  
Epoch=    527,  lr= 1.562500e-05  train: 1.472243e+01  validation: 1.575626e+01  
Epoch=    528,  lr= 1.562500e-05  train: 1.503078e+01  validation: 1.272393e+01  
Epoch=    529,  lr= 1.562500e-05  train: 1.492211e+01  validation: 1.387651e+01  
Epoch=    530,  lr= 1.562500e-05  train: 1.478551e+01  validation: 1.519302e+01  
Epoch=    531,  lr= 1.562500e-05  train: 1.481586e+01  validation: 1.490904e+01  
Epoch=    532,  lr= 1.562500e-05  train: 1.495719e+01  validation: 1.351573e+01  
Epoch=    533,  lr= 1.562500e-05  train: 1.486847e+01  validation: 1.440805e+01  
Epoch=    534,  lr= 1.562500e-05  train: 1.483194e+01  validation: 1.475780e+01  
Epoch=    535,  lr= 1.562500e-05  train: 1.474627e+01  validation: 1.554482e+01  
Epoch=    536,  lr= 1.562500e-05  train: 1.484030e+01  validation: 1.467848e+01  
Epoch=    537,  lr= 1.562500e-05  train: 1.500518e+01  validation: 1.300551e+01  
Epoch=    538,  lr= 1.562500e-05  train: 1.486504e+01  validation: 1.444089e+01  
Epoch=    539,  lr= 1.562500e-05  train: 1.486450e+01  validation: 1.444620e+01  
Epoch=    540,  lr= 1.562500e-05  train: 1.489766e+01  validation: 1.412548e+01  
Epoch=    541,  lr= 1.562500e-05  train: 1.469075e+01  validation: 1.603186e+01  
Epoch=    542,  lr= 1.562500e-05  train: 1.486295e+01  validation: 1.446366e+01  
Epoch=    543,  lr= 1.562500e-05  train: 1.471579e+01  validation: 1.581453e+01  
Epoch=    544,  lr= 1.562500e-05  train: 1.494771e+01  validation: 1.361389e+01  
Epoch=    545,  lr= 1.562500e-05  train: 1.475904e+01  validation: 1.543007e+01  
Epoch=    546,  lr= 1.562500e-05  train: 1.474574e+01  validation: 1.554928e+01  
Epoch=    547,  lr= 1.562500e-05  train: 1.482399e+01  validation: 1.483251e+01  
Epoch=    548,  lr= 1.562500e-05  train: 1.501577e+01  validation: 1.288966e+01  
Epoch=    549,  lr= 1.562500e-05  train: 1.488687e+01  validation: 1.422745e+01  
Epoch=    550,  lr= 1.562500e-05  train: 1.469676e+01  validation: 1.597984e+01  
Epoch=    551,  lr= 1.562500e-05  train: 1.503411e+01  validation: 1.268687e+01  
Epoch=    552,  lr= 1.562500e-05  train: 1.496737e+01  validation: 1.340905e+01  
Epoch=    553,  lr= 1.562500e-05  train: 1.488780e+01  validation: 1.421832e+01  
Epoch=    554,  lr= 1.562500e-05  train: 1.481718e+01  validation: 1.489658e+01  
Epoch=    555,  lr= 1.562500e-05  train: 1.476426e+01  validation: 1.538307e+01  
Epoch=    556,  lr= 1.562500e-05  train: 1.483441e+01  validation: 1.473412e+01  
Epoch=    557,  lr= 1.562500e-05  train: 1.477954e+01  validation: 1.524429e+01  
Epoch=    558,  lr= 1.562500e-05  train: 1.483964e+01  validation: 1.468445e+01  
Epoch=    559,  lr= 1.562500e-05  train: 1.478907e+01  validation: 1.515709e+01  
Epoch=    560,  lr= 1.562500e-05  train: 1.482689e+01  validation: 1.480524e+01  
Epoch=    561,  lr= 1.562500e-05  train: 1.482167e+01  validation: 1.485428e+01  
Epoch=    562,  lr= 1.562500e-05  train: 1.476095e+01  validation: 1.541284e+01  
Epoch=    563,  lr= 1.562500e-05  train: 1.480768e+01  validation: 1.498508e+01  
Epoch=    564,  lr= 1.562500e-05  train: 1.477558e+01  validation: 1.528099e+01  
Epoch=    565,  lr= 7.812500e-06  train: 1.478293e+01  validation: 1.521323e+01  
Epoch=    566,  lr= 7.812500e-06  train: 1.476907e+01  validation: 1.533944e+01  
Epoch=    567,  lr= 7.812500e-06  train: 1.484238e+01  validation: 1.465831e+01  
Epoch=    568,  lr= 7.812500e-06  train: 1.481936e+01  validation: 1.487590e+01  
Epoch=    569,  lr= 7.812500e-06  train: 1.466667e+01  validation: 1.623788e+01  
Epoch=    570,  lr= 7.812500e-06  train: 1.486736e+01  validation: 1.441810e+01  
Epoch=    571,  lr= 7.812500e-06  train: 1.484951e+01  validation: 1.459022e+01  
Epoch=    572,  lr= 7.812500e-06  train: 1.469059e+01  validation: 1.603305e+01  
Epoch=    573,  lr= 7.812500e-06  train: 1.467494e+01  validation: 1.616732e+01  
Epoch=    574,  lr= 7.812500e-06  train: 1.476873e+01  validation: 1.534249e+01  
Epoch=    575,  lr= 7.812500e-06  train: 1.496625e+01  validation: 1.342064e+01  
Epoch=    576,  lr= 7.812500e-06  train: 1.464266e+01  validation: 1.644052e+01  
Epoch=    577,  lr= 7.812500e-06  train: 1.476342e+01  validation: 1.539056e+01  
Epoch=    578,  lr= 7.812500e-06  train: 1.480652e+01  validation: 1.499582e+01  
Epoch=    579,  lr= 7.812500e-06  train: 1.494543e+01  validation: 1.363730e+01  
Epoch=    580,  lr= 7.812500e-06  train: 1.487924e+01  validation: 1.430229e+01  
Epoch=    581,  lr= 7.812500e-06  train: 1.475553e+01  validation: 1.546157e+01  
Epoch=    582,  lr= 7.812500e-06  train: 1.493610e+01  validation: 1.373311e+01  
Epoch=    583,  lr= 7.812500e-06  train: 1.473702e+01  validation: 1.562687e+01  
Epoch=    584,  lr= 7.812500e-06  train: 1.487028e+01  validation: 1.438969e+01  
Epoch=    585,  lr= 7.812500e-06  train: 1.485744e+01  validation: 1.451404e+01  
Epoch=    586,  lr= 7.812500e-06  train: 1.486111e+01  validation: 1.447858e+01  
Epoch=    587,  lr= 7.812500e-06  train: 1.490142e+01  validation: 1.408328e+01  
Epoch=    588,  lr= 7.812500e-06  train: 1.482350e+01  validation: 1.483706e+01  
Epoch=    589,  lr= 7.812500e-06  train: 1.467293e+01  validation: 1.618451e+01  
Epoch=    590,  lr= 7.812500e-06  train: 1.483197e+01  validation: 1.475718e+01  
Epoch=    591,  lr= 7.812500e-06  train: 1.466799e+01  validation: 1.622658e+01  
Epoch=    592,  lr= 7.812500e-06  train: 1.493924e+01  validation: 1.370097e+01  
Epoch=    593,  lr= 7.812500e-06  train: 1.489291e+01  validation: 1.416774e+01  
Epoch=    594,  lr= 7.812500e-06  train: 1.490647e+01  validation: 1.403291e+01  
Epoch=    595,  lr= 7.812500e-06  train: 1.473253e+01  validation: 1.566668e+01  
Epoch=    596,  lr= 7.812500e-06  train: 1.476903e+01  validation: 1.533980e+01  
Epoch=    597,  lr= 7.812500e-06  train: 1.485468e+01  validation: 1.454062e+01  
Epoch=    598,  lr= 7.812500e-06  train: 1.473251e+01  validation: 1.566685e+01  
Epoch=    599,  lr= 7.812500e-06  train: 1.485265e+01  validation: 1.456009e+01  
Epoch=    600,  lr= 7.812500e-06  train: 1.484801e+01  validation: 1.460454e+01  
Epoch=    601,  lr= 7.812500e-06  train: 1.475556e+01  validation: 1.546129e+01  
Epoch=    602,  lr= 7.812500e-06  train: 1.480340e+01  validation: 1.502472e+01  
Epoch=    603,  lr= 7.812500e-06  train: 1.491265e+01  validation: 1.397098e+01  
Epoch=    604,  lr= 7.812500e-06  train: 1.485926e+01  validation: 1.449649e+01  
Epoch=    605,  lr= 7.812500e-06  train: 1.473623e+01  validation: 1.563381e+01  
Epoch=    606,  lr= 7.812500e-06  train: 1.481044e+01  validation: 1.495927e+01  
Epoch=    607,  lr= 7.812500e-06  train: 1.502391e+01  validation: 1.280000e+01  
Epoch=    608,  lr= 7.812500e-06  train: 1.491370e+01  validation: 1.396038e+01  
Epoch=    609,  lr= 7.812500e-06  train: 1.478187e+01  validation: 1.522294e+01  
Epoch=    610,  lr= 7.812500e-06  train: 1.490869e+01  validation: 1.401072e+01  
Epoch=    611,  lr= 7.812500e-06  train: 1.491303e+01  validation: 1.396711e+01  
Epoch=    612,  lr= 7.812500e-06  train: 1.466504e+01  validation: 1.625167e+01  
Epoch=    613,  lr= 7.812500e-06  train: 1.473168e+01  validation: 1.567413e+01  
Epoch=    614,  lr= 7.812500e-06  train: 1.458192e+01  validation: 1.694096e+01  
Epoch=    615,  lr= 7.812500e-06  train: 1.485329e+01  validation: 1.455392e+01  
Epoch=    616,  lr= 7.812500e-06  train: 1.482033e+01  validation: 1.486685e+01  
Epoch=    617,  lr= 7.812500e-06  train: 1.481675e+01  validation: 1.490042e+01  
Epoch=    618,  lr= 7.812500e-06  train: 1.487800e+01  validation: 1.431447e+01  
Epoch=    619,  lr= 7.812500e-06  train: 1.494276e+01  validation: 1.366485e+01  
Epoch=    620,  lr= 7.812500e-06  train: 1.491869e+01  validation: 1.391018e+01  
Epoch=    621,  lr= 7.812500e-06  train: 1.484672e+01  validation: 1.461691e+01  
Epoch=    622,  lr= 7.812500e-06  train: 1.469273e+01  validation: 1.601454e+01  
Epoch=    623,  lr= 7.812500e-06  train: 1.495617e+01  validation: 1.352600e+01  
Epoch=    624,  lr= 7.812500e-06  train: 1.476615e+01  validation: 1.536584e+01  
Epoch=    625,  lr= 7.812500e-06  train: 1.488901e+01  validation: 1.420625e+01  
Epoch=    626,  lr= 3.906250e-06  train: 1.477027e+01  validation: 1.532853e+01  
Epoch=    627,  lr= 3.906250e-06  train: 1.499166e+01  validation: 1.315108e+01  
Epoch=    628,  lr= 3.906250e-06  train: 1.487342e+01  validation: 1.435915e+01  
Epoch=    629,  lr= 3.906250e-06  train: 1.471796e+01  validation: 1.579500e+01  
Epoch=    630,  lr= 3.906250e-06  train: 1.481476e+01  validation: 1.491899e+01  
Epoch=    631,  lr= 3.906250e-06  train: 1.487090e+01  validation: 1.438371e+01  
Epoch=    632,  lr= 3.906250e-06  train: 1.475361e+01  validation: 1.547879e+01  
Epoch=    633,  lr= 3.906250e-06  train: 1.482898e+01  validation: 1.478538e+01  
Epoch=    634,  lr= 3.906250e-06  train: 1.488166e+01  validation: 1.427858e+01  
Epoch=    635,  lr= 3.906250e-06  train: 1.461266e+01  validation: 1.668985e+01  
Epoch=    636,  lr= 3.906250e-06  train: 1.476680e+01  validation: 1.536000e+01  
Epoch=    637,  lr= 3.906250e-06  train: 1.480133e+01  validation: 1.504392e+01  
Epoch=    638,  lr= 3.906250e-06  train: 1.466509e+01  validation: 1.625126e+01  
Epoch=    639,  lr= 3.906250e-06  train: 1.477357e+01  validation: 1.529859e+01  
Epoch=    640,  lr= 3.906250e-06  train: 1.478715e+01  validation: 1.517458e+01  
Epoch=    641,  lr= 3.906250e-06  train: 1.494258e+01  validation: 1.366662e+01  
Epoch=    642,  lr= 3.906250e-06  train: 1.469510e+01  validation: 1.599411e+01  
Epoch=    643,  lr= 3.906250e-06  train: 1.474364e+01  validation: 1.556798e+01  
Epoch=    644,  lr= 3.906250e-06  train: 1.487193e+01  validation: 1.437369e+01  
Epoch=    645,  lr= 3.906250e-06  train: 1.489998e+01  validation: 1.409758e+01  
Epoch=    646,  lr= 3.906250e-06  train: 1.481639e+01  validation: 1.490379e+01  
Epoch=    647,  lr= 3.906250e-06  train: 1.484733e+01  validation: 1.461106e+01  
Epoch=    648,  lr= 3.906250e-06  train: 1.487886e+01  validation: 1.430603e+01  
Epoch=    649,  lr= 3.906250e-06  train: 1.491089e+01  validation: 1.398862e+01  
Epoch=    650,  lr= 3.906250e-06  train: 1.498865e+01  validation: 1.318327e+01  
Epoch=    651,  lr= 3.906250e-06  train: 1.479002e+01  validation: 1.514830e+01  
Epoch=    652,  lr= 3.906250e-06  train: 1.471399e+01  validation: 1.582974e+01  
Epoch=    653,  lr= 3.906250e-06  train: 1.470638e+01  validation: 1.589621e+01  
Epoch=    654,  lr= 3.906250e-06  train: 1.485530e+01  validation: 1.453466e+01  
Epoch=    655,  lr= 3.906250e-06  train: 1.473654e+01  validation: 1.563109e+01  
Epoch=    656,  lr= 3.906250e-06  train: 1.477654e+01  validation: 1.527158e+01  
Epoch=    657,  lr= 3.906250e-06  train: 1.475951e+01  validation: 1.542578e+01  
Epoch=    658,  lr= 3.906250e-06  train: 1.492385e+01  validation: 1.385788e+01  
Epoch=    659,  lr= 3.906250e-06  train: 1.476417e+01  validation: 1.538380e+01  
Epoch=    660,  lr= 3.906250e-06  train: 1.486119e+01  validation: 1.447784e+01  
Epoch=    661,  lr= 3.906250e-06  train: 1.499189e+01  validation: 1.314857e+01  
Epoch=    662,  lr= 3.906250e-06  train: 1.483274e+01  validation: 1.474985e+01  
Epoch=    663,  lr= 3.906250e-06  train: 1.476731e+01  validation: 1.535533e+01  
Epoch=    664,  lr= 3.906250e-06  train: 1.492895e+01  validation: 1.380618e+01  
Epoch=    665,  lr= 3.906250e-06  train: 1.475969e+01  validation: 1.542417e+01  
Epoch=    666,  lr= 3.906250e-06  train: 1.506826e+01  validation: 1.229960e+01  
Epoch=    667,  lr= 3.906250e-06  train: 1.480784e+01  validation: 1.498350e+01  
Epoch=    668,  lr= 3.906250e-06  train: 1.473796e+01  validation: 1.561846e+01  
Epoch=    669,  lr= 3.906250e-06  train: 1.487736e+01  validation: 1.432069e+01  
Epoch=    670,  lr= 3.906250e-06  train: 1.472439e+01  validation: 1.573853e+01  
Epoch=    671,  lr= 3.906250e-06  train: 1.486141e+01  validation: 1.447574e+01  
Epoch=    672,  lr= 3.906250e-06  train: 1.487936e+01  validation: 1.430113e+01  
Epoch=    673,  lr= 3.906250e-06  train: 1.490131e+01  validation: 1.408437e+01  
Epoch=    674,  lr= 3.906250e-06  train: 1.466990e+01  validation: 1.621039e+01  
Epoch=    675,  lr= 3.906250e-06  train: 1.489401e+01  validation: 1.415688e+01  
Epoch=    676,  lr= 3.906250e-06  train: 1.482529e+01  validation: 1.482023e+01  
Epoch=    677,  lr= 3.906250e-06  train: 1.483601e+01  validation: 1.471885e+01  
Epoch=    678,  lr= 3.906250e-06  train: 1.480746e+01  validation: 1.498702e+01  
Epoch=    679,  lr= 3.906250e-06  train: 1.498219e+01  validation: 1.325220e+01  
Epoch=    680,  lr= 3.906250e-06  train: 1.477272e+01  validation: 1.530629e+01  
Epoch=    681,  lr= 3.906250e-06  train: 1.488165e+01  validation: 1.427867e+01  
Epoch=    682,  lr= 3.906250e-06  train: 1.494777e+01  validation: 1.361311e+01  
Epoch=    683,  lr= 3.906250e-06  train: 1.489966e+01  validation: 1.410084e+01  
Epoch=    684,  lr= 3.906250e-06  train: 1.480587e+01  validation: 1.500180e+01  
Epoch=    685,  lr= 3.906250e-06  train: 1.479421e+01  validation: 1.510969e+01  
Epoch=    686,  lr= 3.906250e-06  train: 1.478205e+01  validation: 1.522124e+01  
Epoch=    687,  lr= 2.000000e-06  train: 1.493224e+01  validation: 1.377261e+01  
2023-05-29-17_56_15 
